#
# A fatal error has been detected by the Java Runtime Environment:
#
#  EXCEPTION_ACCESS_VIOLATION (0xc0000005) at pc=0x000001dc80499a83, pid=18408, tid=20532
#
# JRE version: OpenJDK Runtime Environment Temurin-11.0.25+9 (11.0.25+9) (build 11.0.25+9)
# Java VM: OpenJDK 64-Bit Client VM Temurin-11.0.25+9 (11.0.25+9, mixed mode, serial gc, windows-amd64)
# Problematic frame:
# J 2272 c1 net.imglib2.img.basictypelongaccess.unsafe.ByteUnsafe.getValue(I)B (7 bytes) @ 0x000001dc80499a83 [0x000001dc80499a50+0x0000000000000033]
#
# No core dump will be written. Minidumps are not enabled by default on client versions of Windows
#
# If you would like to submit a bug report, please visit:
#   https://github.com/adoptium/adoptium-support/issues
#

---------------  S U M M A R Y ------------

Command Line: -Xmx1g --add-opens=java.base/java.lang=ALL-UNNAMED --add-opens=java.base/java.util=ALL-UNNAMED --add-opens=java.desktop/sun.awt.X11=ALL-UNNAMED 

Host: Intel(R) Core(TM) i7-9700 CPU @ 3.00GHz, 8 cores, 31G,  Windows 11 , 64 bit Build 26100 (10.0.26100.3775)
Time: Sun May 11 08:18:49 2025 Pacific Daylight Time elapsed time: 1363.923060 seconds (0d 0h 22m 43s)

---------------  T H R E A D  ---------------

Current thread (0x000001dd00959000):  JavaThread "Run$_AWT-EventQueue-0" [_thread_in_Java, id=20532, stack(0x00000017459b0000,0x0000001745ba0000)]

Stack: [0x00000017459b0000,0x0000001745ba0000],  sp=0x0000001745b9b050,  free space=1964k
Native frames: (J=compiled Java code, j=interpreted, Vv=VM code, C=native code)
C  0x000001dc80499a83


siginfo: EXCEPTION_ACCESS_VIOLATION (0xc0000005), reading address 0x000001dd395ce040


Register to memory mapping:

RIP=0x000001dc80499a83 is at entry_point+51 in (nmethod*)0x000001dc804998d0
RAX=0x000001dd395ce040 is an unknown value
RBX={method} {0x000001dcff9d5368} 'getValue' '(I)B' in 'net/imglib2/img/basictypelongaccess/unsafe/ByteUnsafe'
RCX=0x0000000000000001 is an unknown value
RDX=0x000001dc9a29f750 is an oop: net.imglib2.img.basictypelongaccess.unsafe.ByteUnsafe 
{0x000001dc9a29f750} - klass: 'net/imglib2/img/basictypelongaccess/unsafe/ByteUnsafe'
 - ---- fields (total size 5 words):
 - private final 'address' 'J' @16  2049661788224 (395ce040 1dd)
 - private final 'isValid' 'Z' @24  true
 - private final 'ownerReference' 'Ljava/lang/Object;' @32  NULL (0 0)
RSP=0x0000001745b9b050 is pointing into the stack for thread: 0x000001dd00959000
RBP=0x0000001745b9b410 is pointing into the stack for thread: 0x000001dd00959000
RSI=0x0 is NULL
RDI=0x000001dcffa08540 is a pointer to class: 
net.imglib2.type.numeric.integer.GenericByteType {0x000001dcffa08548}
 - instance size:     5
 - klass size:        238
 - access:            public synchronized abstract 
 - state:             fully_initialized
 - name:              'net/imglib2/type/numeric/integer/GenericByteType'
 - super:             'net/imglib2/type/numeric/integer/AbstractIntegerType'
 - sub:               'net/imglib2/type/numeric/integer/UnsignedByteType'   'net/imglib2/type/numeric/integer/ByteType'   
 - arrays:            NULL
 - methods:           Array<T>(0x000001dcffa096c0)
 - method ordering:   Array<T>(0x000001dcfe1e1018)
 - default_methods:   Array<T>(0x000001dcffa09878)
 - default vtable indices:   Array<T>(0x000001dcffa0a698)
 - local interfaces:  Array<T>(0x000001dcffa03e38)
 - trans. interfaces: Array<T>(0x000001dcffa084b0)
 - constants:         constant pool [214] {0x000001dcffa08f60} for 'net/imglib2/type/numeric/integer/GenericByteType' cache=0x000001dcffa0a260
 - class loader data:  loader data: 0x000001dcf057a040 for instance a 'jdk/internal/loader/ClassLoaders$AppClassLoader'{0x000001dc976668a0}
 - host class:        NULL
 - source file:       'GenericByteType.java'
 - class annotations:       Array<T>(0x0000000000000000)
 - class type annotations:  Array<T>(0x0000000000000000)
 - field annotations:       Array<T>(0x0000000000000000)
 - field type annotations:  Array<T>(0x0000000000000000)
 - generic signature: '<T:Lnet/imglib2/type/numeric/integer/GenericByteType<TT;>;>Lnet/imglib2/type/numeric/integer/AbstractIntegerType<TT;>;Lnet/imglib2/type/NativeType<TT;>;'
 - inner classes:     Array<T>(0x000001dcfe1e1030)
 - nest members:     Array<T>(0x000001dcfe1e1030)
 - java mirror:       a 'java/lang/Class'{0x000001dc98b91b60} = 'net/imglib2/type/numeric/integer/GenericByteType'
 - vtable length      86  (start addr: 0x000001dcffa08710)
 - itable length      93 (start addr: 0x000001dcffa089c0)
 - ---- static fields (0 words):
 - ---- non-static fields (3 words):
 - final 'i' 'Lnet/imglib2/type/Index;' @16 
 - protected final strict 'img' 'Lnet/imglib2/img/NativeImg;' @24 
 - protected 'dataAccess' 'Lnet/imglib2/img/basictypeaccess/ByteAccess;' @32 
 - non-static oop maps: 16-32 
R8 =0x0 is NULL
R9 =0x000001dc837e6ad0 is an oop: net.imglib2.type.numeric.integer.UnsignedByteType 
{0x000001dc837e6ad0} - klass: 'net/imglib2/type/numeric/integer/UnsignedByteType'
 - ---- fields (total size 5 words):
 - final 'i' 'Lnet/imglib2/type/Index;' @16  a 'net/imglib2/type/Index'{0x000001dc837e6af8} (837e6af8 1dc)
 - protected final strict 'img' 'Lnet/imglib2/img/NativeImg;' @24  a 'net/imglib2/img/array/ArrayImg'{0x000001dc837e5f30} (837e5f30 1dc)
 - protected 'dataAccess' 'Lnet/imglib2/img/basictypeaccess/ByteAccess;' @32  a 'net/imglib2/img/basictypeaccess/array/ByteArray'{0x000001dc837e5f18} (837e5f18 1dc)
R10=0x000001dcff9d5850 is a pointer to class: 
net.imglib2.img.basictypelongaccess.unsafe.ByteUnsafe {0x000001dcff9d5858}
 - instance size:     5
 - klass size:        94
 - access:            public synchronized 
 - state:             fully_initialized
 - name:              'net/imglib2/img/basictypelongaccess/unsafe/ByteUnsafe'
 - super:             'java/lang/Object'
 - sub:               
 - arrays:            NULL
 - methods:           Array<T>(0x000001dcff9d4f98)
 - method ordering:   Array<T>(0x000001dcfe1e1018)
 - default_methods:   Array<T>(0x000001dcff9d5b40)
 - default vtable indices:   Array<T>(0x000001dcff9d5d88)
 - local interfaces:  Array<T>(0x000001dcff9d4f48)
 - trans. interfaces: Array<T>(0x000001dcff9d5820)
 - constants:         constant pool [87] {0x000001dcff9d4c08} for 'net/imglib2/img/basictypelongaccess/unsafe/ByteUnsafe' cache=0x000001dcff9d5bc8
 - class loader data:  loader data: 0x000001dcf057a040 for instance a 'jdk/internal/loader/ClassLoaders$AppClassLoader'{0x000001dc976668a0}
 - host class:        NULL
 - source file:       'ByteUnsafe.java'
 - class annotations:       Array<T>(0x0000000000000000)
 - class type annotations:  Array<T>(0x0000000000000000)
 - field annotations:       Array<T>(0x0000000000000000)
 - field type annotations:  Array<T>(0x0000000000000000)
 - inner classes:     Array<T>(0x000001dcfe1e1030)
 - nest members:     Array<T>(0x000001dcfe1e1030)
 - java mirror:       a 'java/lang/Class'{0x000001dc98b936c0} = 'net/imglib2/img/basictypelongaccess/unsafe/ByteUnsafe'
 - vtable length      12  (start addr: 0x000001dcff9d5a20)
 - itable length      23 (start addr: 0x000001dcff9d5a80)
 - ---- static fields (1 words):
 - private static final 'DEFAULT_IS_VALID' 'Z' @184 
 - ---- non-static fields (3 words):
 - private final 'address' 'J' @16 
 - private final 'isValid' 'Z' @24 
 - private final 'ownerReference' 'Ljava/lang/Object;' @32 
 - non-static oop maps: 32-32 
R11=0x0000000000000298 is an unknown value
R12=0x0000000000000010 is an unknown value
R13=0x000001dc805fdd6c is at entry_point+1932 in (nmethod*)0x000001dc805fd190
R14=0x0000001745b9b1c0 is pointing into the stack for thread: 0x000001dd00959000
R15=0x000001dd00959000 is a thread


Registers:
RAX=0x000001dd395ce040, RBX=0x000001dcff9d5360, RCX=0x0000000000000001, RDX=0x000001dc9a29f750
RSP=0x0000001745b9b050, RBP=0x0000001745b9b410, RSI=0x0000000000000000, RDI=0x000001dcffa08540
R8 =0x0000000000000000, R9 =0x000001dc837e6ad0, R10=0x000001dcff9d5850, R11=0x0000000000000298
R12=0x0000000000000010, R13=0x000001dc805fdd6c, R14=0x0000001745b9b1c0, R15=0x000001dd00959000
RIP=0x000001dc80499a83, EFLAGS=0x0000000000010202

Top of Stack: (sp=0x0000001745b9b050)
0x0000001745b9b050:   000001dc837e6ee8 0000001745b9b058
0x0000001745b9b060:   000001dcff9ebc10 0000001745b9b0b8
0x0000001745b9b070:   000001dd0132d898 0000000000000000
0x0000001745b9b080:   000001dc98b92f68 000001dcff9ebc38
0x0000001745b9b090:   0000000000000000 0000001745b9b0b0
0x0000001745b9b0a0:   0000001745b9b108 000001dc800096e0
0x0000001745b9b0b0:   0000000000000000 000001dc837e6ee8
0x0000001745b9b0c0:   0000001745b9b0c0 000001dd0a5cf3fc
0x0000001745b9b0d0:   0000001745b9b138 000001dd27cc6e78
0x0000001745b9b0e0:   0000000000000000 000001dc9a2a3c40
0x0000001745b9b0f0:   0000001745b9b410 000001dc804a93dc
0x0000001745b9b100:   0000001745b9b130 0000001745b9b188
0x0000001745b9b110:   000001dc80009725 0000000000000000
0x0000001745b9b120:   0000000000000002 0000000000000000
0x0000001745b9b130:   000001dc837e7038 000001dc837e6e68
0x0000001745b9b140:   0000001745b9b140 000001dd377f7b39 

Instructions: (pc=0x000001dc80499a83)
0x000001dc80499983:   80 dc 01 00 00 00 00 00 00 00 00 00 00 00 00 00
0x000001dc80499993:   00 00 00 00 00 00 00 00 00 00 00 00 00 ff ff ff
0x000001dc804999a3:   ff 00 00 00 00 00 00 00 00 00 00 00 00 00 00 00
0x000001dc804999b3:   00 00 00 00 00 50 9a 49 80 dc 01 00 00 60 9a 49
0x000001dc804999c3:   80 dc 01 00 00 50 9a 49 80 dc 01 00 00 20 02 00
0x000001dc804999d3:   00 e4 01 00 00 80 01 00 00 20 02 00 00 58 02 00
0x000001dc804999e3:   00 60 02 00 00 00 00 00 00 70 02 00 00 90 02 00
0x000001dc804999f3:   00 98 02 00 00 98 02 00 00 98 02 00 00 98 00 00
0x000001dc80499a03:   00 e0 08 00 00 01 00 00 00 00 00 00 00 00 00 00
0x000001dc80499a13:   00 00 00 00 00 00 00 00 00 40 00 00 00 ff ff ff
0x000001dc80499a23:   ff ff ff ff ff 0a 60 1f 10 35 b0 37 64 0b 00 00
0x000001dc80499a33:   64 03 f8 65 7e d0 bc fb 7f 05 70 0e 60 01 f8 7e
0x000001dc80499a43:   ff 0e 90 0c 64 00 00 00 00 00 00 00 00 66 0f 1f
0x000001dc80499a53:   44 00 00 48 3b 42 08 0f 85 60 e1 ba ff 89 84 24
0x000001dc80499a63:   00 90 ff ff 55 48 81 ec a0 00 00 00 48 8b 42 10
0x000001dc80499a73:   4d 63 c0 49 03 c0 48 be 00 00 00 00 00 00 00 00
0x000001dc80499a83:   0f be 04 06 c1 e0 18 c1 f8 18 c1 e0 18 c1 f8 18
0x000001dc80499a93:   c1 e0 18 c1 f8 18 c1 e0 18 c1 f8 18 48 81 c4 a0
0x000001dc80499aa3:   00 00 00 5d 4d 8b 97 08 01 00 00 41 85 02 c3 90
0x000001dc80499ab3:   90 49 8b 87 08 04 00 00 49 ba 00 00 00 00 00 00
0x000001dc80499ac3:   00 00 4d 89 97 08 04 00 00 49 ba 00 00 00 00 00
0x000001dc80499ad3:   00 00 00 4d 89 97 10 04 00 00 48 81 c4 a0 00 00
0x000001dc80499ae3:   00 5d e9 16 a8 c4 ff f4 f4 f4 f4 f4 f4 e8 0b cb
0x000001dc80499af3:   c4 ff 48 b9 d0 bc 65 7e fb 7f 00 00 48 83 e4 f0
0x000001dc80499b03:   49 ba 10 b8 44 7e fb 7f 00 00 41 ff d2 f4 49 ba
0x000001dc80499b13:   11 9b 49 80 dc 01 00 00 41 52 e9 2e ca ba ff f4
0x000001dc80499b23:   f4 f4 f4 f4 f4 a0 68 66 97 dc 01 00 00 50 58 9d
0x000001dc80499b33:   ff dc 01 00 00 ff 00 00 00 00 00 00 00 ff ff ff
0x000001dc80499b43:   ff 00 00 00 00 00 00 00 00 00 00 00 00 d9 00 00
0x000001dc80499b53:   00 00 00 00 00 00 00 00 00 00 00 00 00 02 01 00
0x000001dc80499b63:   00 00 00 00 00 00 00 00 00 00 00 00 00 00 00 00
0x000001dc80499b73:   00 00 00 00 00 00 00 00 00 00 00 00 00 0b 00 00 


Stack slot to memory mapping:
stack at sp + 0 slots: 0x000001dc837e6ee8 is an oop: net.imglib2.type.Index 
{0x000001dc837e6ee8} - klass: 'net/imglib2/type/Index'
 - ---- fields (total size 3 words):
 - private 'i' 'I' @16  0
stack at sp + 1 slots: 0x0000001745b9b058 is pointing into the stack for thread: 0x000001dd00959000
stack at sp + 2 slots: 0x000001dcff9ebc10 is pointing into metadata
stack at sp + 3 slots: 0x0000001745b9b0b8 is pointing into the stack for thread: 0x000001dd00959000
stack at sp + 4 slots: 0x000001dd0132d898 is pointing into metadata
stack at sp + 5 slots: 0x0 is NULL
stack at sp + 6 slots: 0x000001dc98b92f68 is an oop: java.lang.Class 
{0x000001dc98b92f68} - klass: 'java/lang/Class'
 - ---- fields (total size 23 words):
 - private volatile transient strict 'cachedConstructor' 'Ljava/lang/reflect/Constructor;' @16  NULL (0 0)
 - private volatile transient strict 'newInstanceCallerCache' 'Ljava/lang/Class;' @24  NULL (0 0)
 - private transient 'name' 'Ljava/lang/String;' @32  "net.imglib2.type.Index"{0x000001dc98bbe918} (98bbe918 1dc)
 - private transient 'module' 'Ljava/lang/Module;' @40  a 'java/lang/Module'{0x000001dc97666970} (97666970 1dc)
 - private final 'classLoader' 'Ljava/lang/ClassLoader;' @48  a 'jdk/internal/loader/ClassLoaders$AppClassLoader'{0x000001dc976668a0} (976668a0 1dc)
 - private transient 'packageName' 'Ljava/lang/String;' @56  "net.imglib2.type"{0x000001dc98b17918} (98b17918 1dc)
 - private final strict 'componentType' 'Ljava/lang/Class;' @64  NULL (0 0)
 - private volatile transient strict 'reflectionData' 'Ljava/lang/ref/SoftReference;' @72  NULL (0 0)
 - private volatile transient 'genericInfo' 'Lsun/reflect/generics/repository/ClassRepository;' @80  NULL (0 0)
 - private volatile transient strict 'enumConstants' '[Ljava/lang/Object;' @88  NULL (0 0)
 - private volatile transient strict 'enumConstantDirectory' 'Ljava/util/Map;' @96  NULL (0 0)
 - private volatile transient 'annotationData' 'Ljava/lang/Class$AnnotationData;' @104  NULL (0 0)
 - private volatile transient 'annotationType' 'Lsun/reflect/annotation/AnnotationType;' @112  NULL (0 0)
 - transient 'classValueMap' 'Ljava/lang/ClassValue$ClassValueMap;' @120  NULL (0 0)
 - private volatile transient 'classRedefinedCount' 'I' @168  0
 - signature: Lnet/imglib2/type/Index;
 - fake entry for mirror: 'net/imglib2/type/Index'
 - fake entry for array: NULL
 - fake entry for oop_size: 23
 - fake entry for static_oop_field_count: 0
stack at sp + 7 slots: {method} {0x000001dcff9ebc40} 'set' '(I)V' in 'net/imglib2/type/Index'



---------------  P R O C E S S  ---------------

Threads class SMR info:
_java_thread_list=0x000001dd2803a9d0, length=25, elements={
0x000001dcf0c4e000, 0x000001dcf4e31800, 0x000001dcf4ea5000, 0x000001dcf4e8a800,
0x000001dcf4e91000, 0x000001dcf4eb2000, 0x000001dcf4ebb800, 0x000001dcf4ebc800,
0x000001dcd3906000, 0x000001dcfec6f000, 0x000001dd00957800, 0x000001dd00959000,
0x000001dd02e07800, 0x000001dd02e06800, 0x000001dd02e05000, 0x000001dd02e0a000,
0x000001dd02e0b000, 0x000001dd02e09000, 0x000001dd02e08800, 0x000001dd286d6800,
0x000001dd286d4800, 0x000001dd286d5000, 0x000001dd286d8800, 0x000001dd286d6000,
0x000001dd286d7800
}

Java Threads: ( => current thread )
  0x000001dcf0c4e000 JavaThread "main" [_thread_in_native, id=12416, stack(0x0000001741200000,0x00000017413f0000)]
  0x000001dcf4e31800 JavaThread "Reference Handler" daemon [_thread_blocked, id=28468, stack(0x0000001743ab0000,0x0000001743ca0000)]
  0x000001dcf4ea5000 JavaThread "Finalizer" daemon [_thread_blocked, id=23032, stack(0x0000001743ca0000,0x0000001743e90000)]
  0x000001dcf4e8a800 JavaThread "Signal Dispatcher" daemon [_thread_blocked, id=14660, stack(0x0000001743e90000,0x0000001744080000)]
  0x000001dcf4e91000 JavaThread "Attach Listener" daemon [_thread_blocked, id=29080, stack(0x0000001744080000,0x0000001744270000)]
  0x000001dcf4eb2000 JavaThread "Service Thread" daemon [_thread_blocked, id=20548, stack(0x0000001744270000,0x0000001744460000)]
  0x000001dcf4ebb800 JavaThread "C1 CompilerThread0" daemon [_thread_blocked, id=20364, stack(0x0000001744460000,0x0000001744650000)]
  0x000001dcf4ebc800 JavaThread "Sweeper thread" daemon [_thread_blocked, id=26184, stack(0x0000001744650000,0x0000001744840000)]
  0x000001dcd3906000 JavaThread "Common-Cleaner" daemon [_thread_blocked, id=15248, stack(0x0000001744840000,0x0000001744a30000)]
  0x000001dcfec6f000 JavaThread "Java2D Disposer" daemon [_thread_blocked, id=10080, stack(0x0000001745000000,0x00000017451f0000)]
  0x000001dd00957800 JavaThread "AWT-Windows" daemon [_thread_in_native, id=21340, stack(0x00000017453e0000,0x00000017455d0000)]
=>0x000001dd00959000 JavaThread "Run$_AWT-EventQueue-0" [_thread_in_Java, id=20532, stack(0x00000017459b0000,0x0000001745ba0000)]
  0x000001dd02e07800 JavaThread "pool-1-thread-1" [_thread_blocked, id=7736, stack(0x0000001748c10000,0x0000001748e00000)]
  0x000001dd02e06800 JavaThread "pool-1-thread-2" [_thread_blocked, id=28884, stack(0x0000001748e00000,0x0000001748ff0000)]
  0x000001dd02e05000 JavaThread "pool-1-thread-3" [_thread_blocked, id=1456, stack(0x0000001748ff0000,0x00000017491e0000)]
  0x000001dd02e0a000 JavaThread "pool-1-thread-4" [_thread_blocked, id=30976, stack(0x00000017491e0000,0x00000017493d0000)]
  0x000001dd02e0b000 JavaThread "pool-1-thread-5" [_thread_blocked, id=30424, stack(0x00000017493d0000,0x00000017495c0000)]
  0x000001dd02e09000 JavaThread "pool-1-thread-6" [_thread_blocked, id=26828, stack(0x00000017495c0000,0x00000017497b0000)]
  0x000001dd02e08800 JavaThread "pool-1-thread-7" [_thread_blocked, id=32188, stack(0x00000017497b0000,0x00000017499a0000)]
  0x000001dd286d6800 JavaThread "pool-1-thread-8" [_thread_blocked, id=22372, stack(0x00000017499a0000,0x0000001749b90000)]
  0x000001dd286d4800 JavaThread "TimerQueue" daemon [_thread_blocked, id=26680, stack(0x00000017413f0000,0x00000017415e0000)]
  0x000001dd286d5000 JavaThread "SIGTERM handler" daemon [_thread_blocked, id=9632, stack(0x0000001744e10000,0x0000001745000000)]
  0x000001dd286d8800 JavaThread "ToolkitShutdown" daemon [_thread_in_native, id=14784, stack(0x00000017455d0000,0x00000017457c0000)]
  0x000001dd286d6000 JavaThread "Thread-1" [_thread_blocked, id=25004, stack(0x0000001745d90000,0x0000001745f80000)]
  0x000001dd286d7800 JavaThread "AWT-Shutdown" [_thread_blocked, id=26352, stack(0x0000001745ba0000,0x0000001745d90000)]

Other Threads:
  0x000001dcf052d000 VMThread "VM Thread" [stack: 0x00000017438c0000,0x0000001743ab0000] [id=25544]
  0x000001dcf500c000 WatcherThread [stack: 0x0000001744a30000,0x0000001744c20000] [id=5320]

Threads with active compile tasks:

VM state:not at safepoint (normal execution)

VM Mutex/Monitor currently owned by a thread: None

Heap:
 def new generation   total 77760K, used 29752K [0x000001dc82000000, 0x000001dc87460000, 0x000001dc97550000)
  eden space 69120K,  41% used [0x000001dc82000000, 0x000001dc83c2fad0, 0x000001dc86380000)
  from space 8640K,  10% used [0x000001dc86380000, 0x000001dc8645e850, 0x000001dc86bf0000)
  to   space 8640K,   0% used [0x000001dc86bf0000, 0x000001dc86bf0000, 0x000001dc87460000)
 tenured generation   total 172644K, used 126374K [0x000001dc97550000, 0x000001dca1de9000, 0x000001dcc2000000)
   the space 172644K,  73% used [0x000001dc97550000, 0x000001dc9f0b9a58, 0x000001dc9f0b9c00, 0x000001dca1de9000)
 Metaspace       used 51288K, capacity 51745K, committed 51884K, reserved 53248K

Card table byte_map: [0x000001dcf43e0000,0x000001dcf45f0000] _byte_map_base: 0x000001dc05fd0000

Polling page: 0x000001dcf4340000

Metaspace:

Usage:
   50.53 MB capacity,    50.09 MB (>99%) used,   332.30 KB ( <1%) free+waste,   124.00 KB ( <1%) overhead. 

Virtual space:
     52.00 MB reserved,      50.67 MB ( 97%) committed 

Chunk freelists:
139.00 KB

MaxMetaspaceSize: 17179869184.00 GB
No class space
Initial GC threshold: 12.00 MB
Current GC threshold: 83.61 MB
CDS: off

CodeCache: size=32768Kb used=7153Kb max_used=7153Kb free=25614Kb
 bounds [0x000001dc80000000, 0x000001dc80700000, 0x000001dc82000000]
 total_blobs=4498 nmethods=3716 adapters=713
 compilation: enabled
              stopped_count=0, restarted_count=0
 full_count=0

Compilation events (20 events):
Event: 265.249 Thread 0x000001dcf4ebb800 3705             sun.java2d.marlin.DTransformingPathConsumer2D$CurveClipSplitter::splitCurve (98 bytes)
Event: 265.250 Thread 0x000001dcf4ebb800 nmethod 3705 0x000001dc806f6850 code [0x000001dc806f69f0, 0x000001dc806f6c58]
Event: 265.250 Thread 0x000001dcf4ebb800 3706             sun.java2d.marlin.DHelpers::fastCurvelen (76 bytes)
Event: 265.250 Thread 0x000001dcf4ebb800 nmethod 3706 0x000001dc806f6dd0 code [0x000001dc806f6f80, 0x000001dc806f70b8]
Event: 265.599 Thread 0x000001dcf4ebb800 3707             sun.java2d.marlin.DHelpers$IndexStack::push (114 bytes)
Event: 265.599 Thread 0x000001dcf4ebb800 nmethod 3707 0x000001dc806f7110 code [0x000001dc806f72b0, 0x000001dc806f7458]
Event: 268.824 Thread 0x000001dcf4ebb800 3708             java.awt.geom.AffineTransform::transform (635 bytes)
Event: 268.824 Thread 0x000001dcf4ebb800 nmethod 3708 0x000001dc806f75d0 code [0x000001dc806f7810, 0x000001dc806f8398]
Event: 269.637 Thread 0x000001dcf4ebb800 3709             java.awt.image.PackedColorModel::countBits (44 bytes)
Event: 269.637 Thread 0x000001dcf4ebb800 nmethod 3709 0x000001dc806f8c50 code [0x000001dc806f8dd0, 0x000001dc806f8ed8]
Event: 275.841 Thread 0x000001dcf4ebb800 3710 % !         sun.java2d.d3d.D3DScreenUpdateManager::run @ 105 (267 bytes)
Event: 275.842 Thread 0x000001dcf4ebb800 nmethod 3710% 0x000001dc806f8f50 code [0x000001dc806f91f0, 0x000001dc806fa1a8]
Event: 421.433 Thread 0x000001dcf4ebb800 3711   !         java.lang.ref.ReferenceQueue::remove (125 bytes)
Event: 421.434 Thread 0x000001dcf4ebb800 nmethod 3711 0x000001dc806fad50 code [0x000001dc806faf20, 0x000001dc806fb478]
Event: 552.889 Thread 0x000001dcf4ebb800 3712             org.jpype.ref.JPypeReferenceQueue::access$200 (5 bytes)
Event: 552.889 Thread 0x000001dcf4ebb800 nmethod 3712 0x000001dc806fb710 code [0x000001dc806fb890, 0x000001dc806fb928]
Event: 552.889 Thread 0x000001dcf4ebb800 3713             org.jpype.ref.JPypeReferenceQueue::access$100 (5 bytes)
Event: 552.889 Thread 0x000001dcf4ebb800 nmethod 3713 0x000001dc806fb9d0 code [0x000001dc806fbb50, 0x000001dc806fbbe8]
Event: 1363.700 Thread 0x000001dcf4ebb800 3714             org.jpype.manager.TypeManager$Destroyer::add (101 bytes)
Event: 1363.701 Thread 0x000001dcf4ebb800 nmethod 3714 0x000001dc806fbc90 code [0x000001dc806fbe50, 0x000001dc806fc138]

GC Heap History (20 events):
Event: 208.118 GC heap before
{Heap before GC invocations=56 (full 21):
 def new generation   total 77760K, used 69120K [0x000001dc82000000, 0x000001dc87460000, 0x000001dc97550000)
  eden space 69120K, 100% used [0x000001dc82000000, 0x000001dc86380000, 0x000001dc86380000)
  from space 8640K,   0% used [0x000001dc86380000, 0x000001dc86380000, 0x000001dc86bf0000)
  to   space 8640K,   0% used [0x000001dc86bf0000, 0x000001dc86bf0000, 0x000001dc87460000)
 tenured generation   total 172644K, used 103586K [0x000001dc97550000, 0x000001dca1de9000, 0x000001dcc2000000)
   the space 172644K,  59% used [0x000001dc97550000, 0x000001dc9da78868, 0x000001dc9da78a00, 0x000001dca1de9000)
 Metaspace       used 50516K, capacity 50970K, committed 51372K, reserved 53248K
}
Event: 208.118 GC heap after
{Heap after GC invocations=57 (full 21):
 def new generation   total 77760K, used 859K [0x000001dc82000000, 0x000001dc87460000, 0x000001dc97550000)
  eden space 69120K,   0% used [0x000001dc82000000, 0x000001dc82000000, 0x000001dc86380000)
  from space 8640K,   9% used [0x000001dc86bf0000, 0x000001dc86cc6ca8, 0x000001dc87460000)
  to   space 8640K,   0% used [0x000001dc86380000, 0x000001dc86380000, 0x000001dc86bf0000)
 tenured generation   total 172644K, used 103586K [0x000001dc97550000, 0x000001dca1de9000, 0x000001dcc2000000)
   the space 172644K,  59% used [0x000001dc97550000, 0x000001dc9da78868, 0x000001dc9da78a00, 0x000001dca1de9000)
 Metaspace       used 50516K, capacity 50970K, committed 51372K, reserved 53248K
}
Event: 227.284 GC heap before
{Heap before GC invocations=57 (full 21):
 def new generation   total 77760K, used 69979K [0x000001dc82000000, 0x000001dc87460000, 0x000001dc97550000)
  eden space 69120K, 100% used [0x000001dc82000000, 0x000001dc86380000, 0x000001dc86380000)
  from space 8640K,   9% used [0x000001dc86bf0000, 0x000001dc86cc6ca8, 0x000001dc87460000)
  to   space 8640K,   0% used [0x000001dc86380000, 0x000001dc86380000, 0x000001dc86bf0000)
 tenured generation   total 172644K, used 103586K [0x000001dc97550000, 0x000001dca1de9000, 0x000001dcc2000000)
   the space 172644K,  59% used [0x000001dc97550000, 0x000001dc9da78868, 0x000001dc9da78a00, 0x000001dca1de9000)
 Metaspace       used 50531K, capacity 50970K, committed 51372K, reserved 53248K
}
Event: 227.285 GC heap after
{Heap after GC invocations=58 (full 21):
 def new generation   total 77760K, used 936K [0x000001dc82000000, 0x000001dc87460000, 0x000001dc97550000)
  eden space 69120K,   0% used [0x000001dc82000000, 0x000001dc82000000, 0x000001dc86380000)
  from space 8640K,  10% used [0x000001dc86380000, 0x000001dc8646a298, 0x000001dc86bf0000)
  to   space 8640K,   0% used [0x000001dc86bf0000, 0x000001dc86bf0000, 0x000001dc87460000)
 tenured generation   total 172644K, used 103586K [0x000001dc97550000, 0x000001dca1de9000, 0x000001dcc2000000)
   the space 172644K,  59% used [0x000001dc97550000, 0x000001dc9da78868, 0x000001dc9da78a00, 0x000001dca1de9000)
 Metaspace       used 50531K, capacity 50970K, committed 51372K, reserved 53248K
}
Event: 227.672 GC heap before
{Heap before GC invocations=58 (full 21):
 def new generation   total 77760K, used 70056K [0x000001dc82000000, 0x000001dc87460000, 0x000001dc97550000)
  eden space 69120K, 100% used [0x000001dc82000000, 0x000001dc86380000, 0x000001dc86380000)
  from space 8640K,  10% used [0x000001dc86380000, 0x000001dc8646a298, 0x000001dc86bf0000)
  to   space 8640K,   0% used [0x000001dc86bf0000, 0x000001dc86bf0000, 0x000001dc87460000)
 tenured generation   total 172644K, used 103586K [0x000001dc97550000, 0x000001dca1de9000, 0x000001dcc2000000)
   the space 172644K,  59% used [0x000001dc97550000, 0x000001dc9da78868, 0x000001dc9da78a00, 0x000001dca1de9000)
 Metaspace       used 50627K, capacity 51078K, committed 51372K, reserved 53248K
}
Event: 227.673 GC heap after
{Heap after GC invocations=59 (full 21):
 def new generation   total 77760K, used 1017K [0x000001dc82000000, 0x000001dc87460000, 0x000001dc97550000)
  eden space 69120K,   0% used [0x000001dc82000000, 0x000001dc82000000, 0x000001dc86380000)
  from space 8640K,  11% used [0x000001dc86bf0000, 0x000001dc86cee7b0, 0x000001dc87460000)
  to   space 8640K,   0% used [0x000001dc86380000, 0x000001dc86380000, 0x000001dc86bf0000)
 tenured generation   total 172644K, used 103586K [0x000001dc97550000, 0x000001dca1de9000, 0x000001dcc2000000)
   the space 172644K,  59% used [0x000001dc97550000, 0x000001dc9da78868, 0x000001dc9da78a00, 0x000001dca1de9000)
 Metaspace       used 50627K, capacity 51078K, committed 51372K, reserved 53248K
}
Event: 228.214 GC heap before
{Heap before GC invocations=59 (full 21):
 def new generation   total 77760K, used 70137K [0x000001dc82000000, 0x000001dc87460000, 0x000001dc97550000)
  eden space 69120K, 100% used [0x000001dc82000000, 0x000001dc86380000, 0x000001dc86380000)
  from space 8640K,  11% used [0x000001dc86bf0000, 0x000001dc86cee7b0, 0x000001dc87460000)
  to   space 8640K,   0% used [0x000001dc86380000, 0x000001dc86380000, 0x000001dc86bf0000)
 tenured generation   total 172644K, used 103586K [0x000001dc97550000, 0x000001dca1de9000, 0x000001dcc2000000)
   the space 172644K,  59% used [0x000001dc97550000, 0x000001dc9da78868, 0x000001dc9da78a00, 0x000001dca1de9000)
 Metaspace       used 50627K, capacity 51078K, committed 51372K, reserved 53248K
}
Event: 228.215 GC heap after
{Heap after GC invocations=60 (full 21):
 def new generation   total 77760K, used 1060K [0x000001dc82000000, 0x000001dc87460000, 0x000001dc97550000)
  eden space 69120K,   0% used [0x000001dc82000000, 0x000001dc82000000, 0x000001dc86380000)
  from space 8640K,  12% used [0x000001dc86380000, 0x000001dc86489198, 0x000001dc86bf0000)
  to   space 8640K,   0% used [0x000001dc86bf0000, 0x000001dc86bf0000, 0x000001dc87460000)
 tenured generation   total 172644K, used 103586K [0x000001dc97550000, 0x000001dca1de9000, 0x000001dcc2000000)
   the space 172644K,  59% used [0x000001dc97550000, 0x000001dc9da78868, 0x000001dc9da78a00, 0x000001dca1de9000)
 Metaspace       used 50627K, capacity 51078K, committed 51372K, reserved 53248K
}
Event: 230.515 GC heap before
{Heap before GC invocations=60 (full 21):
 def new generation   total 77760K, used 70180K [0x000001dc82000000, 0x000001dc87460000, 0x000001dc97550000)
  eden space 69120K, 100% used [0x000001dc82000000, 0x000001dc86380000, 0x000001dc86380000)
  from space 8640K,  12% used [0x000001dc86380000, 0x000001dc86489198, 0x000001dc86bf0000)
  to   space 8640K,   0% used [0x000001dc86bf0000, 0x000001dc86bf0000, 0x000001dc87460000)
 tenured generation   total 172644K, used 103586K [0x000001dc97550000, 0x000001dca1de9000, 0x000001dcc2000000)
   the space 172644K,  59% used [0x000001dc97550000, 0x000001dc9da78868, 0x000001dc9da78a00, 0x000001dca1de9000)
 Metaspace       used 50825K, capacity 51270K, committed 51628K, reserved 53248K
}
Event: 230.516 GC heap after
{Heap after GC invocations=61 (full 21):
 def new generation   total 77760K, used 1058K [0x000001dc82000000, 0x000001dc87460000, 0x000001dc97550000)
  eden space 69120K,   0% used [0x000001dc82000000, 0x000001dc82000000, 0x000001dc86380000)
  from space 8640K,  12% used [0x000001dc86bf0000, 0x000001dc86cf8bf0, 0x000001dc87460000)
  to   space 8640K,   0% used [0x000001dc86380000, 0x000001dc86380000, 0x000001dc86bf0000)
 tenured generation   total 172644K, used 103586K [0x000001dc97550000, 0x000001dca1de9000, 0x000001dcc2000000)
   the space 172644K,  59% used [0x000001dc97550000, 0x000001dc9da78868, 0x000001dc9da78a00, 0x000001dca1de9000)
 Metaspace       used 50825K, capacity 51270K, committed 51628K, reserved 53248K
}
Event: 232.613 GC heap before
{Heap before GC invocations=61 (full 21):
 def new generation   total 77760K, used 70178K [0x000001dc82000000, 0x000001dc87460000, 0x000001dc97550000)
  eden space 69120K, 100% used [0x000001dc82000000, 0x000001dc86380000, 0x000001dc86380000)
  from space 8640K,  12% used [0x000001dc86bf0000, 0x000001dc86cf8bf0, 0x000001dc87460000)
  to   space 8640K,   0% used [0x000001dc86380000, 0x000001dc86380000, 0x000001dc86bf0000)
 tenured generation   total 172644K, used 103586K [0x000001dc97550000, 0x000001dca1de9000, 0x000001dcc2000000)
   the space 172644K,  59% used [0x000001dc97550000, 0x000001dc9da78868, 0x000001dc9da78a00, 0x000001dca1de9000)
 Metaspace       used 50878K, capacity 51339K, committed 51628K, reserved 53248K
}
Event: 232.614 GC heap after
{Heap after GC invocations=62 (full 21):
 def new generation   total 77760K, used 1265K [0x000001dc82000000, 0x000001dc87460000, 0x000001dc97550000)
  eden space 69120K,   0% used [0x000001dc82000000, 0x000001dc82000000, 0x000001dc86380000)
  from space 8640K,  14% used [0x000001dc86380000, 0x000001dc864bc6a0, 0x000001dc86bf0000)
  to   space 8640K,   0% used [0x000001dc86bf0000, 0x000001dc86bf0000, 0x000001dc87460000)
 tenured generation   total 172644K, used 103586K [0x000001dc97550000, 0x000001dca1de9000, 0x000001dcc2000000)
   the space 172644K,  59% used [0x000001dc97550000, 0x000001dc9da78868, 0x000001dc9da78a00, 0x000001dca1de9000)
 Metaspace       used 50878K, capacity 51339K, committed 51628K, reserved 53248K
}
Event: 247.134 GC heap before
{Heap before GC invocations=62 (full 21):
 def new generation   total 77760K, used 70385K [0x000001dc82000000, 0x000001dc87460000, 0x000001dc97550000)
  eden space 69120K, 100% used [0x000001dc82000000, 0x000001dc86380000, 0x000001dc86380000)
  from space 8640K,  14% used [0x000001dc86380000, 0x000001dc864bc6a0, 0x000001dc86bf0000)
  to   space 8640K,   0% used [0x000001dc86bf0000, 0x000001dc86bf0000, 0x000001dc87460000)
 tenured generation   total 172644K, used 103586K [0x000001dc97550000, 0x000001dca1de9000, 0x000001dcc2000000)
   the space 172644K,  59% used [0x000001dc97550000, 0x000001dc9da78868, 0x000001dc9da78a00, 0x000001dca1de9000)
 Metaspace       used 50878K, capacity 51339K, committed 51628K, reserved 53248K
}
Event: 247.135 GC heap after
{Heap after GC invocations=63 (full 21):
 def new generation   total 77760K, used 1218K [0x000001dc82000000, 0x000001dc87460000, 0x000001dc97550000)
  eden space 69120K,   0% used [0x000001dc82000000, 0x000001dc82000000, 0x000001dc86380000)
  from space 8640K,  14% used [0x000001dc86bf0000, 0x000001dc86d20948, 0x000001dc87460000)
  to   space 8640K,   0% used [0x000001dc86380000, 0x000001dc86380000, 0x000001dc86bf0000)
 tenured generation   total 172644K, used 103586K [0x000001dc97550000, 0x000001dca1de9000, 0x000001dcc2000000)
   the space 172644K,  59% used [0x000001dc97550000, 0x000001dc9da78868, 0x000001dc9da78a00, 0x000001dca1de9000)
 Metaspace       used 50878K, capacity 51339K, committed 51628K, reserved 53248K
}
Event: 262.124 GC heap before
{Heap before GC invocations=63 (full 21):
 def new generation   total 77760K, used 70338K [0x000001dc82000000, 0x000001dc87460000, 0x000001dc97550000)
  eden space 69120K, 100% used [0x000001dc82000000, 0x000001dc86380000, 0x000001dc86380000)
  from space 8640K,  14% used [0x000001dc86bf0000, 0x000001dc86d20948, 0x000001dc87460000)
  to   space 8640K,   0% used [0x000001dc86380000, 0x000001dc86380000, 0x000001dc86bf0000)
 tenured generation   total 172644K, used 103586K [0x000001dc97550000, 0x000001dca1de9000, 0x000001dcc2000000)
   the space 172644K,  59% used [0x000001dc97550000, 0x000001dc9da78868, 0x000001dc9da78a00, 0x000001dca1de9000)
 Metaspace       used 51013K, capacity 51469K, committed 51628K, reserved 53248K
}
Event: 262.127 GC heap after
{Heap after GC invocations=64 (full 21):
 def new generation   total 77760K, used 1512K [0x000001dc82000000, 0x000001dc87460000, 0x000001dc97550000)
  eden space 69120K,   0% used [0x000001dc82000000, 0x000001dc82000000, 0x000001dc86380000)
  from space 8640K,  17% used [0x000001dc86380000, 0x000001dc864fa300, 0x000001dc86bf0000)
  to   space 8640K,   0% used [0x000001dc86bf0000, 0x000001dc86bf0000, 0x000001dc87460000)
 tenured generation   total 172644K, used 118900K [0x000001dc97550000, 0x000001dca1de9000, 0x000001dcc2000000)
   the space 172644K,  68% used [0x000001dc97550000, 0x000001dc9e96d0c0, 0x000001dc9e96d200, 0x000001dca1de9000)
 Metaspace       used 51013K, capacity 51469K, committed 51628K, reserved 53248K
}
Event: 264.833 GC heap before
{Heap before GC invocations=64 (full 21):
 def new generation   total 77760K, used 70632K [0x000001dc82000000, 0x000001dc87460000, 0x000001dc97550000)
  eden space 69120K, 100% used [0x000001dc82000000, 0x000001dc86380000, 0x000001dc86380000)
  from space 8640K,  17% used [0x000001dc86380000, 0x000001dc864fa300, 0x000001dc86bf0000)
  to   space 8640K,   0% used [0x000001dc86bf0000, 0x000001dc86bf0000, 0x000001dc87460000)
 tenured generation   total 172644K, used 118900K [0x000001dc97550000, 0x000001dca1de9000, 0x000001dcc2000000)
   the space 172644K,  68% used [0x000001dc97550000, 0x000001dc9e96d0c0, 0x000001dc9e96d200, 0x000001dca1de9000)
 Metaspace       used 51134K, capacity 51600K, committed 51884K, reserved 53248K
}
Event: 264.837 GC heap after
{Heap after GC invocations=65 (full 21):
 def new generation   total 77760K, used 8337K [0x000001dc82000000, 0x000001dc87460000, 0x000001dc97550000)
  eden space 69120K,   0% used [0x000001dc82000000, 0x000001dc82000000, 0x000001dc86380000)
  from space 8640K,  96% used [0x000001dc86bf0000, 0x000001dc87414798, 0x000001dc87460000)
  to   space 8640K,   0% used [0x000001dc86380000, 0x000001dc86380000, 0x000001dc86bf0000)
 tenured generation   total 172644K, used 118900K [0x000001dc97550000, 0x000001dca1de9000, 0x000001dcc2000000)
   the space 172644K,  68% used [0x000001dc97550000, 0x000001dc9e96d0c0, 0x000001dc9e96d200, 0x000001dca1de9000)
 Metaspace       used 51134K, capacity 51600K, committed 51884K, reserved 53248K
}
Event: 269.702 GC heap before
{Heap before GC invocations=65 (full 21):
 def new generation   total 77760K, used 77457K [0x000001dc82000000, 0x000001dc87460000, 0x000001dc97550000)
  eden space 69120K, 100% used [0x000001dc82000000, 0x000001dc86380000, 0x000001dc86380000)
  from space 8640K,  96% used [0x000001dc86bf0000, 0x000001dc87414798, 0x000001dc87460000)
  to   space 8640K,   0% used [0x000001dc86380000, 0x000001dc86380000, 0x000001dc86bf0000)
 tenured generation   total 172644K, used 118900K [0x000001dc97550000, 0x000001dca1de9000, 0x000001dcc2000000)
   the space 172644K,  68% used [0x000001dc97550000, 0x000001dc9e96d0c0, 0x000001dc9e96d200, 0x000001dca1de9000)
 Metaspace       used 51134K, capacity 51600K, committed 51884K, reserved 53248K
}
Event: 269.705 GC heap after
{Heap after GC invocations=66 (full 21):
 def new generation   total 77760K, used 890K [0x000001dc82000000, 0x000001dc87460000, 0x000001dc97550000)
  eden space 69120K,   0% used [0x000001dc82000000, 0x000001dc82000000, 0x000001dc86380000)
  from space 8640K,  10% used [0x000001dc86380000, 0x000001dc8645e850, 0x000001dc86bf0000)
  to   space 8640K,   0% used [0x000001dc86bf0000, 0x000001dc86bf0000, 0x000001dc87460000)
 tenured generation   total 172644K, used 126374K [0x000001dc97550000, 0x000001dca1de9000, 0x000001dcc2000000)
   the space 172644K,  73% used [0x000001dc97550000, 0x000001dc9f0b9a58, 0x000001dc9f0b9c00, 0x000001dca1de9000)
 Metaspace       used 51134K, capacity 51600K, committed 51884K, reserved 53248K
}

Deoptimization events (2 events):
Event: 149.945 Thread 0x000001dcf0c4e000 DEOPT PACKING pc=0x000001dc80272aec sp=0x00000017413e7470
Event: 149.945 Thread 0x000001dcf0c4e000 DEOPT UNPACKING pc=0x000001dc800467fe sp=0x00000017413e6938 mode 0

Classes redefined (0 events):
No events

Internal exceptions (20 events):
Event: 199.584 Thread 0x000001dd00959000 Exception <a 'java/lang/NoSuchMethodError'{0x000001dc8373b6a0}: 'java.lang.Object java.lang.invoke.DirectMethodHandle$Holder.invokeStatic(java.lang.Object, java.lang.Object, java.lang.Object, int)'> (0x000001dc8373b6a0) thrown at [s\src\hotspot\share\interpreter\linkResolver.cpp, line 773]
Event: 199.592 Thread 0x000001dd00959000 Exception <a 'java/lang/IncompatibleClassChangeError'{0x000001dc839371a8}: Found class java.lang.Object, but interface was expected> (0x000001dc839371a8) thrown at [s\src\hotspot\share\interpreter\linkResolver.cpp, line 839]
Event: 199.593 Thread 0x000001dd00959000 Exception <a 'java/lang/NoSuchMethodError'{0x000001dc8393fed0}: 'long java.lang.invoke.DirectMethodHandle$Holder.invokeStatic(java.lang.Object, long, long)'> (0x000001dc8393fed0) thrown at [s\src\hotspot\share\interpreter\linkResolver.cpp, line 773]
Event: 199.694 Thread 0x000001dd00959000 Exception <a 'java/lang/ClassCastException'{0x000001dc83e56be0}: class java.awt.MenuItem cannot be cast to class java.awt.CheckboxMenuItem (java.awt.MenuItem and java.awt.CheckboxMenuItem are in module java.desktop of loader 'bootstrap')> (0x000001dc83e56be0) thrown at [s\src\hotspot\share\interpreter\interpreterRuntime.cpp, line 459]
Event: 200.749 Thread 0x000001dd02e06000 Exception <a 'java/lang/ClassCastException'{0x000001dc84278d08}: class java.awt.MenuItem cannot be cast to class java.awt.CheckboxMenuItem (java.awt.MenuItem and java.awt.CheckboxMenuItem are in module java.desktop of loader 'bootstrap')> (0x000001dc84278d08) thrown at [s\src\hotspot\share\interpreter\interpreterRuntime.cpp, line 459]
Event: 201.924 Thread 0x000001dd00957800 Exception <a 'java/io/FileNotFoundException'{0x000001dc855c6440}> (0x000001dc855c6440) thrown at [s\src\hotspot\share\prims\jni.cpp, line 617]
Event: 201.924 Thread 0x000001dd00957800 Exception <a 'java/security/PrivilegedActionException'{0x000001dc855c6ac0}> (0x000001dc855c6ac0) thrown at [s\src\hotspot\share\prims\jvm.cpp, line 1306]
Event: 201.926 Thread 0x000001dd00957800 Exception <a 'java/io/FileNotFoundException'{0x000001dc855e7088}> (0x000001dc855e7088) thrown at [s\src\hotspot\share\prims\jni.cpp, line 617]
Event: 201.926 Thread 0x000001dd00957800 Exception <a 'java/security/PrivilegedActionException'{0x000001dc855e7708}> (0x000001dc855e7708) thrown at [s\src\hotspot\share\prims\jvm.cpp, line 1306]
Event: 203.777 Thread 0x000001dd00959000 Exception <a 'java/lang/ClassCastException'{0x000001dc84ec48d0}: class java.awt.MenuItem cannot be cast to class java.awt.CheckboxMenuItem (java.awt.MenuItem and java.awt.CheckboxMenuItem are in module java.desktop of loader 'bootstrap')> (0x000001dc84ec48d0) thrown at [s\src\hotspot\share\interpreter\interpreterRuntime.cpp, line 459]
Event: 227.538 Thread 0x000001dd00959000 Exception <a 'java/lang/NoSuchMethodError'{0x000001dc84c241a0}: 'java.lang.Object java.lang.invoke.DirectMethodHandle$Holder.invokeStatic(java.lang.Object, java.lang.Object, java.lang.Object, java.lang.Object, java.lang.Object, java.lang.Object, java.lang.Object, java.lang.Object, java.lang.Object, java.lang.Object, java.lang.Object, java.lang.Object, java.lang.Object, java.lang.Object, java.lang.Object, int)'> (0x000001dc84c241a0) thrown at [s\src\hotspot\share\interpreter\linkResolver.cpp, line 773]
Event: 250.703 Thread 0x000001dd286d4800 Exception <a 'java/lang/ClassCastException'{0x000001dc83916bb0}: class java.awt.MenuItem cannot be cast to class java.awt.CheckboxMenuItem (java.awt.MenuItem and java.awt.CheckboxMenuItem are in module java.desktop of loader 'bootstrap')> (0x000001dc83916bb0) thrown at [s\src\hotspot\share\interpreter\interpreterRuntime.cpp, line 459]
Event: 262.095 Thread 0x000001dd00959000 Exception <a 'java/lang/ClassCastException'{0x000001dc85cb2748}: class java.awt.MenuItem cannot be cast to class java.awt.CheckboxMenuItem (java.awt.MenuItem and java.awt.CheckboxMenuItem are in module java.desktop of loader 'bootstrap')> (0x000001dc85cb2748) thrown at [s\src\hotspot\share\interpreter\interpreterRuntime.cpp, line 459]
Event: 262.310 Thread 0x000001dd00959000 Exception <a 'java/lang/ClassCastException'{0x000001dc835dd678}: class java.awt.MenuItem cannot be cast to class java.awt.CheckboxMenuItem (java.awt.MenuItem and java.awt.CheckboxMenuItem are in module java.desktop of loader 'bootstrap')> (0x000001dc835dd678) thrown at [s\src\hotspot\share\interpreter\interpreterRuntime.cpp, line 459]
Event: 1363.634 Thread 0x000001dd00959000 Exception <a 'java/lang/ClassCastException'{0x000001dc82300338}: class java.awt.MenuItem cannot be cast to class java.awt.CheckboxMenuItem (java.awt.MenuItem and java.awt.CheckboxMenuItem are in module java.desktop of loader 'bootstrap')> (0x000001dc82300338) thrown at [s\src\hotspot\share\interpreter\interpreterRuntime.cpp, line 459]
Event: 1363.698 Thread 0x000001dd286d6000 Exception <a 'java/lang/InterruptedException'{0x000001dc82721590}> (0x000001dc82721590) thrown at [s\src\hotspot\share\runtime\objectMonitor.cpp, line 1645]
Event: 1363.699 Thread 0x000001dcf5123800 Exception <a 'java/lang/InterruptedException'{0x000001dc82869770}> (0x000001dc82869770) thrown at [s\src\hotspot\share\runtime\objectMonitor.cpp, line 1645]
Event: 1363.700 Thread 0x000001dcfeccf000 Exception <a 'java/lang/InterruptedException'{0x000001dc82129e80}> (0x000001dc82129e80) thrown at [s\src\hotspot\share\runtime\objectMonitor.cpp, line 1645]
Event: 1363.909 Thread 0x000001dd00959000 Exception <a 'java/lang/NoSuchMethodError'{0x000001dc83714e78}: 'int java.lang.invoke.DirectMethodHandle$Holder.invokeStatic(java.lang.Object, long)'> (0x000001dc83714e78) thrown at [s\src\hotspot\share\interpreter\linkResolver.cpp, line 773]
Event: 1363.911 Thread 0x000001dd00959000 Exception <a 'java/lang/NoSuchMethodError'{0x000001dc83721848}: 'void java.lang.invoke.DirectMethodHandle$Holder.invokeInterface(java.lang.Object, java.lang.Object, long)'> (0x000001dc83721848) thrown at [s\src\hotspot\share\interpreter\linkResolver.cpp, line 773]

Events (20 events):
Event: 1363.912 loading class net/imglib2/img/planar/PlanarCursor1D
Event: 1363.912 loading class net/imglib2/img/planar/PlanarCursor1D done
Event: 1363.912 loading class net/imglib2/img/planar/PlanarCursor2D
Event: 1363.912 loading class net/imglib2/img/planar/PlanarCursor2D done
Event: 1363.913 loading class net/imglib2/img/planar/PlanarLocalizingCursor
Event: 1363.913 loading class net/imglib2/img/planar/PlanarLocalizingCursor done
Event: 1363.913 loading class net/imglib2/img/planar/PlanarLocalizingCursor1D
Event: 1363.913 loading class net/imglib2/img/planar/PlanarLocalizingCursor1D done
Event: 1363.913 loading class net/imglib2/img/planar/PlanarLocalizingCursor2D
Event: 1363.913 loading class net/imglib2/img/planar/PlanarLocalizingCursor2D done
Event: 1363.914 loading class net/imglib2/img/planar/PlanarRandomAccess
Event: 1363.914 loading class net/imglib2/img/planar/PlanarRandomAccess done
Event: 1363.914 loading class net/imglib2/img/planar/PlanarRandomAccess1D
Event: 1363.914 loading class net/imglib2/img/planar/PlanarRandomAccess1D done
Event: 1363.915 loading class net/imglib2/cache/ref/SoftRefLoaderCache$Entry
Event: 1363.915 loading class net/imglib2/cache/ref/SoftRefLoaderCache$Entry done
Event: 1363.915 loading class net/imglib2/cache/ref/SoftRefLoaderCache$Entry
Event: 1363.915 loading class net/imglib2/cache/ref/SoftRefLoaderCache$Entry done
Event: 1363.915 loading class net/imglib2/cache/ref/SoftRefLoaderCache
Event: 1363.915 loading class net/imglib2/cache/ref/SoftRefLoaderCache done


Dynamic libraries:
0x00007ff77a820000 - 0x00007ff77a83c000 	C:\Users\luke\AppData\Local\Programs\Python\Python39\python.exe
0x00007ffc2c020000 - 0x00007ffc2c280000 	C:\WINDOWS\SYSTEM32\ntdll.dll
0x00007ffc2a1b0000 - 0x00007ffc2a277000 	C:\WINDOWS\System32\KERNEL32.DLL
0x00007ffc292a0000 - 0x00007ffc2966a000 	C:\WINDOWS\System32\KERNELBASE.dll
0x00007ffc29a00000 - 0x00007ffc29b4b000 	C:\WINDOWS\System32\ucrtbase.dll
0x00007ffc254b0000 - 0x00007ffc254c9000 	C:\Users\luke\AppData\Local\Programs\Python\Python39\VCRUNTIME140.dll
0x00007ffb8e890000 - 0x00007ffb8ecfc000 	C:\Users\luke\AppData\Local\Programs\Python\Python39\python39.dll
0x00007ffc2b050000 - 0x00007ffc2b0c4000 	C:\WINDOWS\System32\WS2_32.dll
0x00007ffc2ab80000 - 0x00007ffc2ac96000 	C:\WINDOWS\System32\RPCRT4.dll
0x00007ffc22f70000 - 0x00007ffc22f7b000 	C:\WINDOWS\SYSTEM32\VERSION.dll
0x00007ffc2b0d0000 - 0x00007ffc2b182000 	C:\WINDOWS\System32\ADVAPI32.dll
0x00007ffc2bf30000 - 0x00007ffc2bfd9000 	C:\WINDOWS\System32\msvcrt.dll
0x00007ffc2a280000 - 0x00007ffc2a326000 	C:\WINDOWS\System32\sechost.dll
0x00007ffc288f0000 - 0x00007ffc2890c000 	C:\WINDOWS\SYSTEM32\CRYPTSP.dll
0x00007ffc28090000 - 0x00007ffc280ca000 	C:\WINDOWS\system32\rsaenh.dll
0x00007ffc28910000 - 0x00007ffc2891c000 	C:\WINDOWS\SYSTEM32\CRYPTBASE.dll
0x00007ffc29200000 - 0x00007ffc29299000 	C:\WINDOWS\System32\bcryptPrimitives.dll
0x00007ffc26d30000 - 0x00007ffc26d3f000 	C:\Users\luke\AppData\Local\Programs\Python\Python39\python3.DLL
0x00007ffc233c0000 - 0x00007ffc233d7000 	C:\Users\luke\AppData\Local\Programs\Python\Python39\DLLs\_bz2.pyd
0x00007ffc185f0000 - 0x00007ffc1861a000 	C:\Users\luke\AppData\Local\Programs\Python\Python39\DLLs\_lzma.pyd
0x00007ffc26c70000 - 0x00007ffc26c79000 	C:\Users\luke\AppData\Local\Programs\Python\Python39\lib\site-packages\shiboken6\Shiboken.pyd
0x00007ffc038c0000 - 0x00007ffc0391d000 	C:\Users\luke\AppData\Local\Programs\Python\Python39\lib\site-packages\shiboken6\shiboken6.abi3.dll
0x00007ffc25d50000 - 0x00007ffc25d5c000 	C:\Users\luke\AppData\Local\Programs\Python\Python39\lib\site-packages\shiboken6\VCRUNTIME140_1.dll
0x00007ffc03830000 - 0x00007ffc038bd000 	C:\Users\luke\AppData\Local\Programs\Python\Python39\lib\site-packages\shiboken6\MSVCP140.dll
0x00007ffb8e280000 - 0x00007ffb8e883000 	C:\Users\luke\AppData\Local\Programs\Python\Python39\lib\site-packages\PySide6\QtWidgets.pyd
0x00007ffc0e900000 - 0x00007ffc0e93b000 	C:\Users\luke\AppData\Local\Programs\Python\Python39\lib\site-packages\PySide6\pyside6.abi3.dll
0x00007ffb8dc40000 - 0x00007ffb8e276000 	C:\Users\luke\AppData\Local\Programs\Python\Python39\lib\site-packages\PySide6\Qt6Widgets.dll
0x00007ffb8d360000 - 0x00007ffb8dc40000 	C:\Users\luke\AppData\Local\Programs\Python\Python39\lib\site-packages\PySide6\Qt6Gui.dll
0x00007ffb8cd80000 - 0x00007ffb8d357000 	C:\Users\luke\AppData\Local\Programs\Python\Python39\lib\site-packages\PySide6\Qt6Core.dll
0x00007ffc29fa0000 - 0x00007ffc2a16c000 	C:\WINDOWS\System32\USER32.dll
0x00007ffc29670000 - 0x00007ffc29697000 	C:\WINDOWS\System32\win32u.dll
0x00007ffc29e20000 - 0x00007ffc29e4a000 	C:\WINDOWS\System32\GDI32.dll
0x00007ffc2ae60000 - 0x00007ffc2aff6000 	C:\WINDOWS\System32\ole32.dll
0x00007ffc29810000 - 0x00007ffc29941000 	C:\WINDOWS\System32\gdi32full.dll
0x00007ffc29950000 - 0x00007ffc299f3000 	C:\WINDOWS\System32\msvcp_win.dll
0x00007ffc2a430000 - 0x00007ffc2ab59000 	C:\WINDOWS\System32\SHELL32.dll
0x00007ffc2b9a0000 - 0x00007ffc2bd22000 	C:\WINDOWS\System32\combase.dll
0x00007ffc296a0000 - 0x00007ffc29808000 	C:\WINDOWS\System32\wintypes.dll
0x00007ffc29ea0000 - 0x00007ffc29f76000 	C:\WINDOWS\System32\OLEAUT32.dll
0x00007ffc25f00000 - 0x00007ffc25fae000 	C:\WINDOWS\SYSTEM32\UxTheme.dll
0x00007ffc26340000 - 0x00007ffc26376000 	C:\WINDOWS\SYSTEM32\dwmapi.dll
0x00007ffc24f60000 - 0x00007ffc251c6000 	C:\WINDOWS\SYSTEM32\d3d11.dll
0x00007ffc261e0000 - 0x00007ffc2630e000 	C:\WINDOWS\SYSTEM32\dxgi.dll
0x00007ffc09ff0000 - 0x00007ffc0a011000 	C:\WINDOWS\SYSTEM32\MPR.dll
0x00007ffc286f0000 - 0x00007ffc2871b000 	C:\WINDOWS\SYSTEM32\USERENV.dll
0x00007ffc254d0000 - 0x00007ffc254f3000 	C:\WINDOWS\SYSTEM32\d3d12.dll
0x00007ffc27b40000 - 0x00007ffc27b90000 	C:\WINDOWS\SYSTEM32\AUTHZ.dll
0x00007ffc09fd0000 - 0x00007ffc09fea000 	C:\WINDOWS\SYSTEM32\NETAPI32.dll
0x00007ffc1e9d0000 - 0x00007ffc1e9d9000 	C:\Users\luke\AppData\Local\Programs\Python\Python39\lib\site-packages\PySide6\MSVCP140_1.dll
0x00007ffc18e50000 - 0x00007ffc18e86000 	C:\WINDOWS\SYSTEM32\WINMM.dll
0x00007ffc246b0000 - 0x00007ffc24919000 	C:\WINDOWS\SYSTEM32\DWrite.dll
0x00007ffc037e0000 - 0x00007ffc03821000 	C:\Users\luke\AppData\Local\Programs\Python\Python39\lib\site-packages\PySide6\MSVCP140_2.dll
0x00007ffc27a70000 - 0x00007ffc27a7d000 	C:\WINDOWS\SYSTEM32\NETUTILS.DLL
0x00007ffc0e080000 - 0x00007ffc0e0a9000 	C:\WINDOWS\SYSTEM32\SRVCLI.DLL
0x00007ffc2a170000 - 0x00007ffc2a19f000 	C:\WINDOWS\System32\IMM32.DLL
0x00007ffc26150000 - 0x00007ffc261ae000 	C:\WINDOWS\SYSTEM32\directxdatabasehelper.dll
0x00007ffc28130000 - 0x00007ffc2814a000 	C:\WINDOWS\SYSTEM32\kernel.appcore.dll
0x00007ffbc3ef0000 - 0x00007ffbc42f1000 	C:\Users\luke\AppData\Local\Programs\Python\Python39\lib\site-packages\PySide6\QtGui.pyd
0x00007ffb8ca00000 - 0x00007ffb8cd77000 	C:\Users\luke\AppData\Local\Programs\Python\Python39\lib\site-packages\PySide6\QtCore.pyd
0x00007ffc185d0000 - 0x00007ffc185f0000 	C:\Users\luke\AppData\Local\Programs\Python\Python39\DLLs\_ctypes.pyd
0x00007ffc18e00000 - 0x00007ffc18e0b000 	C:\Users\luke\AppData\Local\Programs\Python\Python39\DLLs\libffi-7.dll
0x00007ffb8c300000 - 0x00007ffb8c702000 	C:\Users\luke\AppData\Local\Programs\Python\Python39\lib\site-packages\numpy\_core\_multiarray_umath.cp39-win_amd64.pyd
0x00007ffbfde80000 - 0x00007ffbfdf1b000 	C:\Users\luke\AppData\Local\Programs\Python\Python39\lib\site-packages\numpy.libs\msvcp140-23ebcc0b37c8e3d074511f362feac48b.dll
0x00007ffb8a3a0000 - 0x00007ffb8c2fa000 	C:\Users\luke\AppData\Local\Programs\Python\Python39\lib\site-packages\numpy.libs\libscipy_openblas64_-caad452230ae4ddb57899b8b3a33c55c.dll
0x00007ffc15bd0000 - 0x00007ffc15be3000 	C:\Users\luke\AppData\Local\Programs\Python\Python39\lib\site-packages\numpy\_core\_multiarray_tests.cp39-win_amd64.pyd
0x00007ffc15b70000 - 0x00007ffc15b8e000 	C:\Users\luke\AppData\Local\Programs\Python\Python39\lib\site-packages\numpy\linalg\_umath_linalg.cp39-win_amd64.pyd
0x00007ffb791d0000 - 0x00007ffb7d9f4000 	C:\Users\luke\AppData\Local\Programs\Python\Python39\Lib\site-packages\cv2\cv2.pyd
0x00007ffc2a330000 - 0x00007ffc2a424000 	C:\WINDOWS\System32\COMDLG32.dll
0x00007ffc2be40000 - 0x00007ffc2bf2d000 	C:\WINDOWS\System32\shcore.dll
0x00007ffc2b930000 - 0x00007ffc2b994000 	C:\WINDOWS\System32\SHLWAPI.dll
0x00007ffc136e0000 - 0x00007ffc136ea000 	C:\WINDOWS\SYSTEM32\WSOCK32.dll
0x00007ffc108c0000 - 0x00007ffc10b57000 	C:\WINDOWS\WinSxS\amd64_microsoft.windows.common-controls_6595b64144ccf1df_6.0.26100.3624_none_3e086962e3345f24\COMCTL32.dll
0x00007ffc0bba0000 - 0x00007ffc0bdb5000 	C:\WINDOWS\SYSTEM32\MFPlat.DLL
0x00007ffc0c440000 - 0x00007ffc0c4c7000 	C:\WINDOWS\SYSTEM32\MF.dll
0x00007ffbbbf20000 - 0x00007ffbbbff2000 	C:\WINDOWS\SYSTEM32\MFReadWrite.dll
0x00007ffc28e60000 - 0x00007ffc28ebf000 	C:\WINDOWS\SYSTEM32\cfgmgr32.dll
0x00007ffc0a9c0000 - 0x00007ffc0adcd000 	C:\WINDOWS\SYSTEM32\MFCORE.DLL
0x00007ffc14490000 - 0x00007ffc144d3000 	C:\WINDOWS\SYSTEM32\RTWorkQ.DLL
0x00007ffbf0900000 - 0x00007ffbf0976000 	C:\Users\luke\AppData\Local\Programs\Python\Python39\lib\site-packages\_jpype.cp39-win_amd64.pyd
0x00007ffc03790000 - 0x00007ffc037d4000 	C:\Users\luke\AppData\Local\Programs\Python\Python39\DLLs\_decimal.pyd
0x00007ffc14d00000 - 0x00007ffc14d13000 	C:\Users\luke\AppData\Local\Programs\Python\Python39\DLLs\_hashlib.pyd
0x00007ffb8a050000 - 0x00007ffb8a396000 	C:\Users\luke\AppData\Local\Programs\Python\Python39\DLLs\libcrypto-1_1.dll
0x00007ffc290e0000 - 0x00007ffc29106000 	C:\WINDOWS\SYSTEM32\bcrypt.dll
0x00007ffc121d0000 - 0x00007ffc121e6000 	C:\Users\luke\AppData\Local\Programs\Python\Python39\DLLs\_socket.pyd
0x00007ffc27ab0000 - 0x00007ffc27ae3000 	C:\WINDOWS\SYSTEM32\IPHLPAPI.DLL
0x00007ffc185c0000 - 0x00007ffc185c9000 	C:\Users\luke\AppData\Local\Programs\Python\Python39\DLLs\select.pyd
0x00007ffc11100000 - 0x00007ffc11114000 	C:\Users\luke\AppData\Local\Programs\Python\Python39\lib\site-packages\psutil\_psutil_windows.pyd
0x00007ffc29f80000 - 0x00007ffc29f88000 	C:\WINDOWS\System32\PSAPI.DLL
0x00007ffc27e90000 - 0x00007ffc27eee000 	C:\WINDOWS\SYSTEM32\POWRPROF.dll
0x00007ffc0a020000 - 0x00007ffc0a06e000 	C:\WINDOWS\SYSTEM32\pdh.dll
0x00007ffc27e70000 - 0x00007ffc27e84000 	C:\WINDOWS\SYSTEM32\UMPDC.dll
0x00007ffc25e70000 - 0x00007ffc25e86000 	C:\WINDOWS\SYSTEM32\wtsapi32.dll
0x00007ffc078c0000 - 0x00007ffc078ef000 	C:\Users\luke\AppData\Local\Programs\Python\Python39\lib\site-packages\numpy\random\bit_generator.cp39-win_amd64.pyd
0x00007ffbfdff0000 - 0x00007ffbfe01f000 	C:\Users\luke\AppData\Local\Programs\Python\Python39\lib\site-packages\numpy\random\_common.cp39-win_amd64.pyd
0x00007ffbf0850000 - 0x00007ffbf08f2000 	C:\Users\luke\AppData\Local\Programs\Python\Python39\lib\site-packages\numpy\random\mtrand.cp39-win_amd64.pyd
0x00007ffbf0800000 - 0x00007ffbf0842000 	C:\Users\luke\AppData\Local\Programs\Python\Python39\lib\site-packages\numpy\random\_bounded_integers.cp39-win_amd64.pyd
0x00007ffc083c0000 - 0x00007ffc083db000 	C:\Users\luke\AppData\Local\Programs\Python\Python39\lib\site-packages\numpy\random\_mt19937.cp39-win_amd64.pyd
0x00007ffc04a50000 - 0x00007ffc04a68000 	C:\Users\luke\AppData\Local\Programs\Python\Python39\lib\site-packages\numpy\random\_philox.cp39-win_amd64.pyd
0x00007ffbfdfd0000 - 0x00007ffbfdfec000 	C:\Users\luke\AppData\Local\Programs\Python\Python39\lib\site-packages\numpy\random\_pcg64.cp39-win_amd64.pyd
0x00007ffbf9d00000 - 0x00007ffbf9d14000 	C:\Users\luke\AppData\Local\Programs\Python\Python39\lib\site-packages\numpy\random\_sfc64.cp39-win_amd64.pyd
0x00007ffbe7e50000 - 0x00007ffbe7f0d000 	C:\Users\luke\AppData\Local\Programs\Python\Python39\lib\site-packages\numpy\random\_generator.cp39-win_amd64.pyd
0x00007ffc181b0000 - 0x00007ffc181bb000 	C:\Users\luke\AppData\Local\Programs\Python\Python39\lib\site-packages\pandas\_libs\pandas_parser.cp39-win_amd64.pyd
0x00007ffc14cf0000 - 0x00007ffc14cfc000 	C:\Users\luke\AppData\Local\Programs\Python\Python39\lib\site-packages\pandas\_libs\pandas_datetime.cp39-win_amd64.pyd
0x00007ffbe6ee0000 - 0x00007ffbe6ff5000 	C:\Users\luke\AppData\Local\Programs\Python\Python39\lib\site-packages\pandas\_libs\interval.cp39-win_amd64.pyd
0x00007ffbd0900000 - 0x00007ffbd0ac8000 	C:\Users\luke\AppData\Local\Programs\Python\Python39\lib\site-packages\pandas\_libs\hashtable.cp39-win_amd64.pyd
0x00007ffbf6e90000 - 0x00007ffbf6ec1000 	C:\Users\luke\AppData\Local\Programs\Python\Python39\lib\site-packages\pandas\_libs\missing.cp39-win_amd64.pyd
0x00007ffbf2fe0000 - 0x00007ffbf300e000 	C:\Users\luke\AppData\Local\Programs\Python\Python39\lib\site-packages\pandas\_libs\tslibs\dtypes.cp39-win_amd64.pyd
0x00007ffbf9920000 - 0x00007ffbf9935000 	C:\Users\luke\AppData\Local\Programs\Python\Python39\lib\site-packages\pandas\_libs\tslibs\ccalendar.cp39-win_amd64.pyd
0x00007ffbf0bc0000 - 0x00007ffbf0be1000 	C:\Users\luke\AppData\Local\Programs\Python\Python39\lib\site-packages\pandas\_libs\tslibs\np_datetime.cp39-win_amd64.pyd
0x00007ffbeaeb0000 - 0x00007ffbeaeec000 	C:\Users\luke\AppData\Local\Programs\Python\Python39\lib\site-packages\pandas\_libs\tslibs\conversion.cp39-win_amd64.pyd
0x00007ffbf9420000 - 0x00007ffbf9431000 	C:\Users\luke\AppData\Local\Programs\Python\Python39\lib\site-packages\pandas\_libs\tslibs\base.cp39-win_amd64.pyd
0x00007ffbd1e00000 - 0x00007ffbd1ede000 	C:\Users\luke\AppData\Local\Programs\Python\Python39\lib\site-packages\pandas\_libs\tslibs\offsets.cp39-win_amd64.pyd
0x00007ffbd6270000 - 0x00007ffbd62f1000 	C:\Users\luke\AppData\Local\Programs\Python\Python39\lib\site-packages\pandas\_libs\tslibs\timestamps.cp39-win_amd64.pyd
0x00007ffbe6ea0000 - 0x00007ffbe6ed6000 	C:\Users\luke\AppData\Local\Programs\Python\Python39\lib\site-packages\pandas\_libs\tslibs\nattype.cp39-win_amd64.pyd
0x00007ffbd59e0000 - 0x00007ffbd5a58000 	C:\Users\luke\AppData\Local\Programs\Python\Python39\lib\site-packages\pandas\_libs\tslibs\timedeltas.cp39-win_amd64.pyd
0x00007ffbe6e30000 - 0x00007ffbe6e6a000 	C:\Users\luke\AppData\Local\Programs\Python\Python39\lib\site-packages\pandas\_libs\tslibs\timezones.cp39-win_amd64.pyd
0x00007ffc14bb0000 - 0x00007ffc14bbe000 	C:\Users\luke\AppData\Local\Programs\Python\Python39\DLLs\_zoneinfo.pyd
0x000001dcd4fd0000 - 0x000001dcd4fd3000 	C:\WINDOWS\SYSTEM32\tzres.dll
0x00007ffbd5fb0000 - 0x00007ffbd5ff6000 	C:\Users\luke\AppData\Local\Programs\Python\Python39\lib\site-packages\pandas\_libs\tslibs\fields.cp39-win_amd64.pyd
0x00007ffbd59a0000 - 0x00007ffbd59e0000 	C:\Users\luke\AppData\Local\Programs\Python\Python39\lib\site-packages\pandas\_libs\tslibs\tzconversion.cp39-win_amd64.pyd
0x00007ffbf82c0000 - 0x00007ffbf82d4000 	C:\Users\luke\AppData\Local\Programs\Python\Python39\lib\site-packages\pandas\_libs\properties.cp39-win_amd64.pyd
0x00007ffbd28f0000 - 0x00007ffbd2943000 	C:\Users\luke\AppData\Local\Programs\Python\Python39\lib\site-packages\pandas\_libs\tslibs\parsing.cp39-win_amd64.pyd
0x00007ffbd2f90000 - 0x00007ffbd2fdf000 	C:\Users\luke\AppData\Local\Programs\Python\Python39\lib\site-packages\pandas\_libs\tslibs\strptime.cp39-win_amd64.pyd
0x00007ffbd0e90000 - 0x00007ffbd0ef8000 	C:\Users\luke\AppData\Local\Programs\Python\Python39\lib\site-packages\pandas\_libs\tslibs\period.cp39-win_amd64.pyd
0x00007ffbd2050000 - 0x00007ffbd2083000 	C:\Users\luke\AppData\Local\Programs\Python\Python39\lib\site-packages\pandas\_libs\tslibs\vectorized.cp39-win_amd64.pyd
0x00007ffbf6430000 - 0x00007ffbf6441000 	C:\Users\luke\AppData\Local\Programs\Python\Python39\lib\site-packages\pandas\_libs\ops_dispatch.cp39-win_amd64.pyd
0x00007ffb89e80000 - 0x00007ffb8a042000 	C:\Users\luke\AppData\Local\Programs\Python\Python39\lib\site-packages\pandas\_libs\algos.cp39-win_amd64.pyd
0x00007ffbd0de0000 - 0x00007ffbd0e84000 	C:\Users\luke\AppData\Local\Programs\Python\Python39\lib\site-packages\pandas\_libs\lib.cp39-win_amd64.pyd

dbghelp: loaded successfully - version: 4.0.5 - missing functions: none
symbol engine: initialized successfully - sym options: 0x614 - pdb path: .;C:\Users\luke\AppData\Local\Programs\Python\Python39;C:\WINDOWS\SYSTEM32;C:\Users\luke\AppData\Local\Programs\Python\Python39\DLLs;C:\Users\luke\AppData\Local\Programs\Python\Python39\lib\site-packages\shiboken6;C:\Users\luke\AppData\Local\Programs\Python\Python39\lib\site-packages\PySide6;C:\Users\luke\AppData\Local\Programs\Python\Python39\lib\site-packages\numpy\_core;C:\Users\luke\AppData\Local\Programs\Python\Python39\lib\site-packages\numpy.libs;C:\Users\luke\AppData\Local\Programs\Python\Python39\lib\site-packages\numpy\linalg;C:\Users\luke\AppData\Local\Programs\Python\Python39\Lib\site-packages\cv2;C:\WINDOWS\WinSxS\amd64_microsoft.windows.common-controls_6595b64144ccf1df_6.0.26100.3624_none_3e086962e3345f24;C:\Users\luke\AppData\Local\Programs\Python\Python39\lib\site-packages;C:\Users\luke\AppData\Local\Programs\Python\Python39\lib\site-packages\psutil;C:\Users\luke\AppData\Local\Programs\Python\Python39\lib\site-packages\numpy\random;C:\Users\luke\AppData\Local\Programs\Python\Python39\lib\site-packages\pandas\_libs;C:\Users\luke\AppData\Local\Programs\Python\Python39\lib\site-packages\pandas\_libs\tslibs;C:\Users\luke\AppData\Local\Programs\Python\Python39\lib\site-packages\pandas\_libs\window;C:\Users\luke\AppData\Local\Programs\Python\Python39\lib\site-packages\pandas.libs;C:\Users\luke\AppData\Local\Programs\Python\Python39\lib\site-packages\PIL;C:\Users\luke\AppData\Local\Programs\Python\Python39\lib\site-packages\sklearn\__check_build;C:\Users\luke\AppData\Local\Programs\Python\Python39\lib\site-packages\sklearn\.libs;C:\Users\luke\AppData\Local\Programs\Python\Python39\lib\site-packages\scipy\_lib;C:\Users\luke\AppData\Local\Programs\Python\Python39\lib\site-packages\numpy\fft;C:\Users\luke\AppData\Local\Programs\Python\Python39\lib\site-packages\scipy\sparse;C:\Users\luke\AppData\Local\Programs\Python\Python39\lib\site-packages\scipy\linalg;C:\Users\luke\AppData\Local\Programs\Python\Python39\lib\site-packages\scipy.libs;C:\Users\luke\AppData\Local\Programs\Python\Python39\lib\site-packages\scipy\sparse\linalg\_dsolve;C:\Users\luke\AppData\Local\Programs\Python\Python39\lib\site-packages\scipy\sparse\linalg\_eigen\arpack;C:\Users\luke\AppData\Local\Programs\Python\Python39\lib\site-packages\scipy\sparse\linalg\_propack;C:\Users\luke\AppData\Local\Programs\Python\Python39\lib\site-packages\scipy\sparse\csgraph;C:\Users\luke\AppData\Local\Programs\Python\Python39\lib\site-packages\scipy\special;C:\Users\luke\AppData\Local\Programs\Python\Python39\lib\site-packages\scipy\spatial;C:\Users\luke\AppData\Local\Programs\Python\Python39\lib\site-packages\scipy\spatial\transform;C:\Users\luke\AppData\Local\Programs\Python\Python39\lib\site-packages\scipy\ndimage;C:\Users\luke\AppData\Local\Programs\Python\Python39\lib\site-packages\scipy\optimize;C:\Users\luke\AppData\Local\Programs\Python\Python39\lib\site-packages\scipy\optimize\_trlib;C:\Users\luke\AppData\Local\Programs\Python\Python39\lib\site-packages\scipy\optimize\_lsq;C:\Users\luke\AppData\Local\Programs\Python\Python39\lib\site-packages\scipy\optimize\_highs;C:\Users\luke\AppData\Local\Programs\Python\Python39\lib\site-packages\scipy\integrate;C:\Users\luke\AppData\Local\Programs\Python\Python39\lib\site-packages\scipy\stats;C:\Users\luke\AppData\Local\Programs\Python\Python39\lib\site-packages\scipy\stats\_boost;C:\Users\luke\AppData\Local\Programs\Python\Python39\lib\site-packages\scipy\interpolate;C:\Users\luke\AppData\Local\Programs\Python\Python39\lib\site-packages\scipy\stats\_levy_stable;C:\Users\luke\AppData\Local\Programs\Python\Python39\lib\site-packages\scipy\_lib\_uarray;C:\Users\luke\AppData\Local\Programs\Python\Python39\lib\site-packages\scipy\fft\_pocketfft;C:\Users\luke\AppData\Local\Programs\Python\Python39\lib\site-packages\scipy\stats\_rcont;C:\Users\luke\AppData\Local\Programs\Python\Python39\lib\site-packages\scipy\stats\_unuran;C:\Users\luke\AppData\Local\Programs\Python\Python39\lib\site-packages\sklearn\utils;C:\Users\luke\AppData\Local\Programs\Python\Python39\lib\site-packages\sklearn\metrics\cluster;C:\Users\luke\AppData\Local\Programs\Python\Python39\lib\site-packages\sklearn\preprocessing;C:\Users\luke\AppData\Local\Programs\Python\Python39\lib\site-packages\sklearn\metrics;C:\Users\luke\AppData\Local\Programs\Python\Python39\lib\site-packages\sklearn\metrics\_pairwise_distances_reduction;C:\Users\luke\AppData\Local\Programs\Python\Python39\lib\site-packages\sklearn\cluster;C:\Users\luke\AppData\Local\Programs\Python\Python39\lib\site-packages\sklearn\neighbors;C:\Users\luke\AppData\Local\Programs\Python\Python39\lib\site-packages\sklearn\linear_model;C:\Users\luke\AppData\Local\Programs\Python\Python39\lib\site-packages\sklearn\_loss;C:\Users\luke\AppData\Local\Programs\Python\Python39\lib\site-packages\sklearn\svm;C:\Users\luke\AppData\Local\Programs\Python\Python39\lib\site-packages\sklearn\decomposition;C:\Users\luke\AppData\Local\Programs\Python\Python39\lib\site-packages\sklearn\cluster\_hdbscan;C:\Users\luke\AppData\Local\Programs\Python\Python39\lib\site-packages\sklearn;C:\Users\luke\AppData\Local\Programs\Python\Python39\lib\site-packages\sklearn\manifold;C:\Users\luke\AppData\Local\Programs\Python\Python39\lib\site-packages\sklearn\tree;C:\Users\luke\AppData\Local\Programs\Python\Python39\lib\site-packages\skimage\_shared;C:\Users\luke\AppData\Local\Programs\Python\Python39\lib\site-packages\skimage\segmentation;C:\Users\luke\AppData\Local\Programs\Python\Python39\lib\site-packages\skimage\measure;C:\Users\luke\AppData\Local\Programs\Python\Python39\lib\site-packages\scipy\cluster;C:\Users\luke\AppData\Local\Programs\Python\Python39\lib\site-packages\matplotlib;C:\Users\luke\AppData\Local\Programs\Python\Python39\lib\site-packages\kiwisolver;C:\Users\luke\AppData\Local\Programs\Python\Python39\lib\site-packages\skimage\morphology;C:\Users\luke\AppData\Local\Programs\Python\Python39\lib\site-packages\win32;C:\Users\luke\AppData\Local\Programs\Python\Python39\lib\site-packages\pywin32_system32;C:\Users\luke\AppData\Local\Programs\Python\Python39\lib\site-packages\PySide6\plugins\platforms;C:\Users\luke\AppData\Local\Programs\Python\Python39\lib\site-packages\PySide6\plugins\styles;G:\Java\jdk-11.0.25+9\bin\client;G:\Java\jdk-11.0.25+9\bin;C:\WINDOWS\System32\DriverStore\FileRepository\nv_dispi.inf_amd64_9425e4c3b1ac1c47;C:\Users\luke\AppData\Local\Programs\Python\Python39\lib\site-packages\PySide6\plugins\imageformats;C:\Program Files\Microsoft OneDrive\25.065.0406.0002;C:\Windows\Microsoft.NET\Framework64\v4.0.30319;C:\WINDOWS\assembly\NativeImages_v4.0.30319_64\mscorlib\8927ab54ce082e161d10f64f21320f69;C:\WINDOWS\assembly\NativeImages_v4.0.30319_64\System\b065b31d0ac1dbaa41f305e0ace004c7;C:\WINDOWS\assembly\NativeImages_v4.0.30319_64\System.Drawing\8796765b8b932511fd7a8b31d8288d32;C:\WINDOWS\System32\DriverStore\FileRepository\iastorpinningcomponent.inf_amd64_357b728ba88fb99a;C:\WINDOWS\assembly\NativeImages_v4.0.30319_64\System.Core\f82b7ee2dca668803f220756d535dd2f

VM Arguments:
jvm_args: -Xmx1g --add-opens=java.base/java.lang=ALL-UNNAMED --add-opens=java.base/java.util=ALL-UNNAMED --add-opens=java.desktop/sun.awt.X11=ALL-UNNAMED 
java_command: <unknown>
java_class_path (initial): C:\Users\luke\.jgo\sc.fiji\fiji\RELEASE\23ea5dcb02ab11d995fbbaf559e6f6e4c1c1a6685cbe007410c264a38459c2c1\3D_Blob_Segmentation-4.0.0.jar;C:\Users\luke\.jgo\sc.fiji\fiji\RELEASE\23ea5dcb02ab11d995fbbaf559e6f6e4c1c1a6685cbe007410c264a38459c2c1\3D_Objects_Counter-2.0.1.jar;C:\Users\luke\.jgo\sc.fiji\fiji\RELEASE\23ea5dcb02ab11d995fbbaf559e6f6e4c1c1a6685cbe007410c264a38459c2c1\3D_Viewer-5.0.0.jar;C:\Users\luke\.jgo\sc.fiji\fiji\RELEASE\23ea5dcb02ab11d995fbbaf559e6f6e4c1c1a6685cbe007410c264a38459c2c1\adapter-rxjava2-2.9.0.jar;C:\Users\luke\.jgo\sc.fiji\fiji\RELEASE\23ea5dcb02ab11d995fbbaf559e6f6e4c1c1a6685cbe007410c264a38459c2c1\ahocorasick-0.2.4.jar;C:\Users\luke\.jgo\sc.fiji\fiji\RELEASE\23ea5dcb02ab11d995fbbaf559e6f6e4c1c1a6685cbe007410c264a38459c2c1\aircompressor-0.21.jar;C:\Users\luke\.jgo\sc.fiji\fiji\RELEASE\23ea5dcb02ab11d995fbbaf559e6f6e4c1c1a6685cbe007410c264a38459c2c1\alphanumeric-comparator-1.4.1.jar;C:\Users\luke\.jgo\sc.fiji\fiji\RELEASE\23ea5dcb02ab11d995fbbaf559e6f6e4c1c1a6685cbe007410c264a38459c2c1\AnalyzeSkeleton_-3.4.2.jar;C:\Users\luke\.jgo\sc.fiji\fiji\RELEASE\23ea5dcb02ab11d995fbbaf559e6f6e4c1c1a6685cbe007410c264a38459c2c1\animal-sniffer-annotations-1.23.jar;C:\Users\luke\.jgo\sc.fiji\fiji\RELEASE\23ea5dcb02ab11d995fbbaf559e6f6e4c1c1a6685cbe007410c264a38459c2c1\Anisotropic_Diffusion_2D-2.0.1.jar;C:\Users\luke\.jgo\sc.fiji\fiji\RELEASE\23ea5dcb02ab11d995fbbaf559e6f6e4c1c1a6685cbe007410c264a38459c2c1\annotations-13.0.jar;C:\Users\luke\.jgo\sc.fiji\fiji\RELEASE\23ea5dcb02ab11d995fbbaf559e6f6e4c1c1a6685cbe007410c264a38459c2c1\annotations-4.1.1.4.jar;C:\Users\luke\.jgo\sc.fiji\fiji\RELEASE\23ea5dcb02ab11d995fbbaf559e6f6e4c1c1a6685cbe007410c264a38459c2c1\ant-1.10.15.jar;C:\Users\luke\.jgo\sc.fiji\fiji\RELEASE\23ea5dcb02ab11d995fbbaf559e6f6e4c1c1a6685cbe007410c264a38459c2c1\ant-launcher-1.10.15.jar;C:\Users\luke\.jgo\sc.fiji\fiji\RELEASE\23ea5dcb02ab11d995fbbaf559e6f6e4c1c1a6685cbe007410c264a38459c2c1\antlr-2.7.7.jar;C:\Users\lu
Launcher Type: generic

[Global flags]
   size_t InitialHeapSize                          = 16777216                                  {product} {ergonomic}
   size_t MaxHeapSize                              = 1073741824                                {product} {command line}
   size_t MaxNewSize                               = 357892096                                 {product} {ergonomic}
   size_t MinHeapDeltaBytes                        = 196608                                    {product} {ergonomic}
   size_t NewSize                                  = 5570560                                   {product} {ergonomic}
    uintx NonProfiledCodeHeapSize                  = 0                                      {pd product} {ergonomic}
   size_t OldSize                                  = 11206656                                  {product} {ergonomic}
    uintx ProfiledCodeHeapSize                     = 0                                      {pd product} {ergonomic}
     bool UseLargePagesIndividualAllocation        = false                                  {pd product} {ergonomic}
     bool UseSerialGC                              = true                                      {product} {ergonomic}

Logging:
Log output configuration:
 #0: stdout all=warning uptime,level,tags
 #1: stderr all=off uptime,level,tags

Environment Variables:
JAVA_HOME=G:\Java\jdk-11.0.25+9
PATH=C:\Users\luke\AppData\Local\Programs\Python\Python39\Lib\site-packages\cv2\../../x64/vc14/bin;C:\Users\luke\AppData\Local\Programs\Python\Python39\Lib\site-packages\PySide6;C:\Program Files (x86)\Microsoft Visual Studio\2022\BuildTools\VC\Tools\MSVC\14.42.34433\bin\HostX64\x64;C:\Program Files (x86)\Microsoft Visual Studio\2022\BuildTools\Common7\IDE\VC\VCPackages;C:\Program Files (x86)\Microsoft Visual Studio\2022\BuildTools\Common7\IDE\CommonExtensions\Microsoft\TestWindow;C:\Program Files (x86)\Microsoft Visual Studio\2022\BuildTools\MSBuild\Current\bin\Roslyn;C:\Program Files (x86)\Microsoft Visual Studio\2022\BuildTools\Common7\IDE\Extensions\Microsoft\CodeCoverage.Console;C:\Program Files (x86)\Windows Kits\10\bin\10.0.22621.0\\x64;C:\Program Files (x86)\Windows Kits\10\bin\\x64;C:\Program Files (x86)\Microsoft Visual Studio\2022\BuildTools\\MSBuild\Current\Bin\amd64;C:\Windows\Microsoft.NET\Framework64\v4.0.30319;C:\Program Files (x86)\Microsoft Visual Studio\2022\BuildTools\Common7\IDE\;C:\Program Files (x86)\Microsoft Visual Studio\2022\BuildTools\Common7\Tools\;C:\Program Files (x86)\VMware\VMware Workstation\bin\;C:\WINDOWS\system32;C:\WINDOWS;C:\WINDOWS\System32\Wbem;C:\WINDOWS\System32\WindowsPowerShell\v1.0\;C:\WINDOWS\System32\OpenSSH\;C:\Program Files (x86)\NVIDIA Corporation\PhysX\Common;C:\Program Files\PuTTY\;C:\Program Files\Git\cmd;C:\Users\luke\AppData\Local\Programs\Python\Python39;C:\Users\luke\AppData\Local\Programs\Python\Python39\Scripts;C:\Program Files\dotnet\;C:\Program Files\swipl;G:\apache-maven-3.9.9\bin;G:\Java\jdk-11.0.25+9\bin;;C:\Program Files\NVIDIA Corporation\NVIDIA App\NvDLISR;C:\Users\luke\AppData\Local\Programs\Python\Python39\Scripts\;C:\Users\luke\AppData\Local\Programs\Python\Python39\;C:\Users\luke\AppData\Local\Programs\Python\Python313\Scripts\;C:\Users\luke\AppData\Local\Programs\Python\Python313\;C:\Users\luke\AppData\Local\Programs\Python\Launcher\;C:\Users\luke\AppData\Local\Microsoft\WindowsApps;C:\Program File
USERNAME=luke
OS=Windows_NT
PROCESSOR_IDENTIFIER=Intel64 Family 6 Model 158 Stepping 13, GenuineIntel
TMP=C:\Users\luke\AppData\Local\Temp
TEMP=C:\Users\luke\AppData\Local\Temp



---------------  S Y S T E M  ---------------

OS: Windows 11 , 64 bit Build 26100 (10.0.26100.3775)
OS uptime: 32 days 11:10 hours

CPU:total 8 (initial active 8) (8 cores per cpu, 1 threads per core) family 6 model 158 stepping 13 microcode 0xfa, cmov, cx8, fxsr, mmx, sse, sse2, sse3, ssse3, sse4.1, sse4.2, popcnt, avx, avx2, aes, clmul, erms, 3dnowpref, lzcnt, tsc, tscinvbit, bmi1, bmi2, adx, fma

Memory: 4k page, system-wide physical 32591M (21530M free)
TotalPageFile size 34639M (AvailPageFile size 20275M)
current process WorkingSet (physical memory assigned to process): 691M, peak: 969M
current process commit charge ("private bytes"): 1180M, peak: 1462M

vm_info: OpenJDK 64-Bit Client VM (11.0.25+9) for windows-amd64 JRE (11.0.25+9), built on Oct 15 2024 22:41:24 by "" with MS VC++ 17.7 (VS2022)

END.
