#
# A fatal error has been detected by the Java Runtime Environment:
#
#  EXCEPTION_UNCAUGHT_CXX_EXCEPTION (0xe06d7363) at pc=0x00007ff94a2dfb4c, pid=3224, tid=14848
#
# JRE version: OpenJDK Runtime Environment Temurin-11.0.25+9 (11.0.25+9) (build 11.0.25+9)
# Java VM: OpenJDK 64-Bit Client VM Temurin-11.0.25+9 (11.0.25+9, mixed mode, serial gc, windows-amd64)
# Problematic frame:
# C  [KERNELBASE.dll+0x5fb4c]
#
# No core dump will be written. Minidumps are not enabled by default on client versions of Windows
#
# If you would like to submit a bug report, please visit:
#   https://github.com/adoptium/adoptium-support/issues
# The crash happened outside the Java Virtual Machine in native code.
# See problematic frame for where to report the bug.
#

---------------  S U M M A R Y ------------

Command Line: -Xmx1g --add-opens=java.base/java.lang=ALL-UNNAMED --add-opens=java.base/java.util=ALL-UNNAMED --add-opens=java.desktop/sun.awt.X11=ALL-UNNAMED 

Host: Intel(R) Core(TM) i7-9700 CPU @ 3.00GHz, 8 cores, 31G,  Windows 11 , 64 bit Build 22621 (10.0.22621.4391)
Time: Sat Feb  1 15:15:19 2025 Pacific Standard Time elapsed time: 101.836608 seconds (0d 0h 1m 41s)

---------------  T H R E A D  ---------------

Current thread (0x000001e3583d8000):  JavaThread "main" [_thread_in_native, id=14848, stack(0x0000004200a00000,0x0000004200bf0000)]

Stack: [0x0000004200a00000,0x0000004200bf0000],  sp=0x0000004200beb5e0,  free space=1965k
Native frames: (J=compiled Java code, j=interpreted, Vv=VM code, C=native code)
C  [KERNELBASE.dll+0x5fb4c]
C  [VCRUNTIME140_1.dll+0x27b3]
C  [ntdll.dll+0xa4c96]
C  [_jpype.cp39-win_amd64.pyd+0x3c6a5]
C  [_jpype.cp39-win_amd64.pyd+0x3cf22]
C  [_jpype.cp39-win_amd64.pyd+0x2be1b]
C  0x000001e36ac8e39a

Java frames: (J=compiled Java code, j=interpreted, Vv=VM code)
j  org.jpype.manager.TypeFactoryNative.newWrapper(JJ)V+0
j  org.jpype.JPypeContext.newWrapper(J)V+16
v  ~StubRoutines::call_stub

siginfo: EXCEPTION_UNCAUGHT_CXX_EXCEPTION (0xe06d7363), ExceptionInformation=0x0000000019930520 0x0000004200beda98 0x00007ff93eb790a0 0x00007ff93eb10000 


Register to memory mapping:

RIP=0x00007ff94a2dfb4c KERNELBASE.dll
RAX=0x00007ff86130c1d8 is an unknown value
RBX=0x0000004200bed0f0 is pointing into the stack for thread: 0x000001e3583d8000
RCX=0x0000004200beb1a0 is pointing into the stack for thread: 0x000001e3583d8000
RDX=0x000001e361344540 is pointing into metadata
RSP=0x0000004200beb5e0 is pointing into the stack for thread: 0x000001e3583d8000
RBP=0x0000004200bebcc0 is pointing into the stack for thread: 0x000001e3583d8000
RSI=0x0000004200bed930 is pointing into the stack for thread: 0x000001e3583d8000
RDI=0x0000004200bec470 is pointing into the stack for thread: 0x000001e3583d8000
R8 =0x000001e3acf0edb0 is a pointer to class: 
R9 =0x000001e3790ce940 is an unallocated location in the heap
R10=0x0000000000000004 is an unknown value
R11=0x0000004200beaec0 is pointing into the stack for thread: 0x000001e3583d8000
R12=0x0 is NULL
R13=0x0000004200beb748 is pointing into the stack for thread: 0x000001e3583d8000
R14=0x0000000000000002 is an unknown value
R15=0x0000004200bec5d8 is pointing into the stack for thread: 0x000001e3583d8000


Registers:
RAX=0x00007ff86130c1d8, RBX=0x0000004200bed0f0, RCX=0x0000004200beb1a0, RDX=0x000001e361344540
RSP=0x0000004200beb5e0, RBP=0x0000004200bebcc0, RSI=0x0000004200bed930, RDI=0x0000004200bec470
R8 =0x000001e3acf0edb0, R9 =0x000001e3790ce940, R10=0x0000000000000004, R11=0x0000004200beaec0
R12=0x0000000000000000, R13=0x0000004200beb748, R14=0x0000000000000002, R15=0x0000004200bec5d8
RIP=0x00007ff94a2dfb4c, EFLAGS=0x0000000000000206

Top of Stack: (sp=0x0000004200beb5e0)
0x0000004200beb5e0:   0000000000000000 0000004200bed0f0
0x0000004200beb5f0:   0000004200bed930 00007ff93eb2bdb1
0x0000004200beb600:   00000081e06d7363 0000000000000000
0x0000004200beb610:   00007ff94a2dfb4c 0000000000000004
0x0000004200beb620:   0000000019930520 0000004200beda98
0x0000004200beb630:   00007ff93eb790a0 00007ff93eb10000
0x0000004200beb640:   00001db70c816eec 00007ff93eb60472
0x0000004200beb650:   0000004200bed0f0 00007ff947423511
0x0000004200beb660:   0000004200000000 00007ff947428154
0x0000004200beb670:   00007ff947a842b0 00007ff947a84280
0x0000004200beb680:   0000004200bec470 00007ff947423451
0x0000004200beb690:   0000004200bed0f0 0000004200bed930
0x0000004200beb6a0:   000001376fe5825e 00007ff947a84280
0x0000004200beb6b0:   0000004200bed0f0 00007ff9474227b3
0x0000004200beb6c0:   00007ff93eb60430 0000004200bec5d8
0x0000004200beb6d0:   000001e300000100 00007ff8977e17d3 

Instructions: (pc=0x00007ff94a2dfb4c)
0x00007ff94a2dfa4c:   ff 4c 8d 05 ec d9 2d 00 33 d2 b9 00 00 10 00 e8
0x00007ff94a2dfa5c:   a0 41 fe ff 4c 8b f0 48 89 44 24 58 48 85 c0 0f
0x00007ff94a2dfa6c:   84 0b fe ff ff 4c 8d 05 10 da 2d 00 33 d2 8d 4a
0x00007ff94a2dfa7c:   02 e8 7e 41 fe ff 48 8b f8 48 89 44 24 50 e9 ed
0x00007ff94a2dfa8c:   fd ff ff 45 33 c0 49 8b d7 48 83 c9 ff e8 c2 a5
0x00007ff94a2dfa9c:   01 00 e9 08 ff ff ff 48 8b 0d e6 c4 30 00 e8 f1
0x00007ff94a2dfaac:   c3 fd ff 48 8b cf e8 89 98 fc ff e9 f8 fe ff ff
0x00007ff94a2dfabc:   49 8b ce e8 7c 98 fc ff e9 f4 fe ff ff 48 8b ce
0x00007ff94a2dfacc:   e8 6f 98 fc ff e9 f0 fe ff ff cc cc 71 18 d3 7a
0x00007ff94a2dfadc:   1a 87 89 f9 48 81 ec d8 00 00 00 48 8b 05 02 95
0x00007ff94a2dfaec:   30 00 48 33 c4 48 89 84 24 c0 00 00 00 48 83 64
0x00007ff94a2dfafc:   24 28 00 48 8d 05 da ff ff ff 83 e2 01 89 4c 24
0x00007ff94a2dfb0c:   20 89 54 24 24 48 89 44 24 30 4d 85 c9 74 4f b8
0x00007ff94a2dfb1c:   0f 00 00 00 48 8d 4c 24 40 44 3b c0 49 8b d1 41
0x00007ff94a2dfb2c:   0f 46 c0 44 8b c0 44 89 44 24 38 49 c1 e0 03 e8
0x00007ff94a2dfb3c:   67 e9 07 00 48 8d 4c 24 20 48 ff 15 a4 14 21 00
0x00007ff94a2dfb4c:   0f 1f 44 00 00 48 8b 8c 24 c0 00 00 00 48 33 cc
0x00007ff94a2dfb5c:   e8 df 0e 05 00 48 81 c4 d8 00 00 00 c3 cc 83 64
0x00007ff94a2dfb6c:   24 38 00 eb cf cc cc cc cc cc cc cc 48 8b c4 48
0x00007ff94a2dfb7c:   89 58 08 48 89 70 10 48 89 78 18 4c 89 68 20 55
0x00007ff94a2dfb8c:   41 56 41 57 48 8d 68 a1 48 81 ec e0 00 00 00 48
0x00007ff94a2dfb9c:   8b 05 4e 94 30 00 48 33 c4 48 89 45 3f 45 33 ff
0x00007ff94a2dfbac:   66 c7 45 2b 00 05 48 8d 45 c7 44 89 7d 27 48 89
0x00007ff94a2dfbbc:   44 24 50 48 8d 4d 27 44 89 7c 24 48 45 33 c9 44
0x00007ff94a2dfbcc:   89 7c 24 40 45 8d 47 12 44 89 7c 24 38 b2 01 44
0x00007ff94a2dfbdc:   89 7c 24 30 41 8b df 44 89 7c 24 28 41 8b ff 44
0x00007ff94a2dfbec:   89 7c 24 20 45 8b f7 44 89 7d 2f 66 c7 45 33 00
0x00007ff94a2dfbfc:   01 44 89 7d 37 66 c7 45 3b 00 10 4c 89 7d c7 4c
0x00007ff94a2dfc0c:   89 7d cf 4c 89 7d d7 4c 89 7d df 48 ff 15 f2 14
0x00007ff94a2dfc1c:   21 00 0f 1f 44 00 00 85 c0 0f 88 a7 02 00 00 48
0x00007ff94a2dfc2c:   8d 45 cf 41 b9 20 02 00 00 48 89 44 24 50 45 8d
0x00007ff94a2dfc3c:   6f 02 44 89 7c 24 48 45 8d 47 20 44 89 7c 24 40 


Stack slot to memory mapping:
stack at sp + 0 slots: 0x0 is NULL
stack at sp + 1 slots: 0x0000004200bed0f0 is pointing into the stack for thread: 0x000001e3583d8000
stack at sp + 2 slots: 0x0000004200bed930 is pointing into the stack for thread: 0x000001e3583d8000
stack at sp + 3 slots: 0x00007ff93eb2bdb1 _jpype.cp39-win_amd64.pyd
stack at sp + 4 slots: 0x00000081e06d7363 is an unknown value
stack at sp + 5 slots: 0x0 is NULL
stack at sp + 6 slots: 0x00007ff94a2dfb4c KERNELBASE.dll
stack at sp + 7 slots: 0x0000000000000004 is an unknown value


---------------  P R O C E S S  ---------------

Threads class SMR info:
_java_thread_list=0x000001e3b98d38d0, length=28, elements={
0x000001e3583d8000, 0x000001e361f01800, 0x000001e361f0c000, 0x000001e361f6b800,
0x000001e361f6e000, 0x000001e361f6f000, 0x000001e361f73800, 0x000001e361f7a800,
0x000001e362098800, 0x000001e3b037d800, 0x000001e3b03fb800, 0x000001e3b921f800,
0x000001e3b9220000, 0x000001e3b921d800, 0x000001e3b9221000, 0x000001e3b9224000,
0x000001e3b9222000, 0x000001e3b9228800, 0x000001e3b9227800, 0x000001e3b9229000,
0x000001e3b9226800, 0x000001e3b9223800, 0x000001e3b922a000, 0x000001e3b922a800,
0x000001e3b9226000, 0x000001e3b03ff000, 0x000001e3b03fc800, 0x000001e3b03fb000
}

Java Threads: ( => current thread )
=>0x000001e3583d8000 JavaThread "main" [_thread_in_native, id=14848, stack(0x0000004200a00000,0x0000004200bf0000)]
  0x000001e361f01800 JavaThread "Reference Handler" daemon [_thread_blocked, id=12580, stack(0x00000042032b0000,0x00000042034a0000)]
  0x000001e361f0c000 JavaThread "Finalizer" daemon [_thread_blocked, id=10928, stack(0x00000042034a0000,0x0000004203690000)]
  0x000001e361f6b800 JavaThread "Signal Dispatcher" daemon [_thread_blocked, id=13052, stack(0x0000004203690000,0x0000004203880000)]
  0x000001e361f6e000 JavaThread "Attach Listener" daemon [_thread_blocked, id=19928, stack(0x0000004203880000,0x0000004203a70000)]
  0x000001e361f6f000 JavaThread "Service Thread" daemon [_thread_blocked, id=8640, stack(0x0000004203a70000,0x0000004203c60000)]
  0x000001e361f73800 JavaThread "C1 CompilerThread0" daemon [_thread_blocked, id=12296, stack(0x0000004203c60000,0x0000004203e50000)]
  0x000001e361f7a800 JavaThread "Sweeper thread" daemon [_thread_blocked, id=12460, stack(0x0000004203e50000,0x0000004204040000)]
  0x000001e362098800 JavaThread "Common-Cleaner" daemon [_thread_blocked, id=22920, stack(0x0000004204040000,0x0000004204230000)]
  0x000001e3b037d800 JavaThread "Java2D Disposer" daemon [_thread_blocked, id=25396, stack(0x0000004204800000,0x00000042049f0000)]
  0x000001e3b03fb800 JavaThread "AWT-Windows" daemon [_thread_in_native, id=23160, stack(0x0000004204be0000,0x0000004204dd0000)]
  0x000001e3b921f800 JavaThread "ForkJoinPool.commonPool-worker-3" daemon [_thread_blocked, id=16000, stack(0x0000004207690000,0x0000004207880000)]
  0x000001e3b9220000 JavaThread "ForkJoinPool.commonPool-worker-7" daemon [_thread_blocked, id=27600, stack(0x0000004207a70000,0x0000004207c60000)]
  0x000001e3b921d800 JavaThread "ForkJoinPool.commonPool-worker-9" daemon [_thread_blocked, id=23984, stack(0x0000004207c60000,0x0000004207e50000)]
  0x000001e3b9221000 JavaThread "ForkJoinPool.commonPool-worker-11" daemon [_thread_blocked, id=26724, stack(0x0000004207e50000,0x0000004208040000)]
  0x000001e3b9224000 JavaThread "ForkJoinPool.commonPool-worker-13" daemon [_thread_blocked, id=17892, stack(0x0000004208040000,0x0000004208230000)]
  0x000001e3b9222000 JavaThread "ForkJoinPool.commonPool-worker-15" daemon [_thread_blocked, id=17388, stack(0x0000004208600000,0x00000042087f0000)]
  0x000001e3b9228800 JavaThread "pool-1-thread-1" [_thread_blocked, id=25444, stack(0x0000004209770000,0x0000004209960000)]
  0x000001e3b9227800 JavaThread "pool-1-thread-2" [_thread_blocked, id=11736, stack(0x0000004209960000,0x0000004209b50000)]
  0x000001e3b9229000 JavaThread "pool-1-thread-3" [_thread_blocked, id=21392, stack(0x0000004209b50000,0x0000004209d40000)]
  0x000001e3b9226800 JavaThread "pool-1-thread-4" [_thread_blocked, id=6624, stack(0x0000004209d40000,0x0000004209f30000)]
  0x000001e3b9223800 JavaThread "pool-1-thread-5" [_thread_blocked, id=1984, stack(0x0000004209f30000,0x000000420a120000)]
  0x000001e3b922a000 JavaThread "pool-1-thread-6" [_thread_blocked, id=19808, stack(0x000000420a120000,0x000000420a310000)]
  0x000001e3b922a800 JavaThread "pool-1-thread-7" [_thread_blocked, id=13536, stack(0x000000420a310000,0x000000420a500000)]
  0x000001e3b9226000 JavaThread "pool-1-thread-8" [_thread_blocked, id=18652, stack(0x000000420a500000,0x000000420a6f0000)]
  0x000001e3b03ff000 JavaThread "Quit" [_thread_blocked, id=6228, stack(0x0000004200de0000,0x0000004200fd0000)]
  0x000001e3b03fc800 JavaThread "ToolkitShutdown" daemon [_thread_in_native, id=12848, stack(0x0000004204610000,0x0000004204800000)]
  0x000001e3b03fb000 JavaThread "Thread-0" [_thread_in_native, id=1316, stack(0x0000004204dd0000,0x0000004204fc0000)]

Other Threads:
  0x000001e361f00800 VMThread "VM Thread" [stack: 0x00000042030c0000,0x00000042032b0000] [id=22596]
  0x000001e36209d000 WatcherThread [stack: 0x0000004204230000,0x0000004204420000] [id=24416]

Threads with active compile tasks:

VM state:not at safepoint (normal execution)

VM Mutex/Monitor currently owned by a thread: None

Heap:
 def new generation   total 227520K, used 24479K [0x000001e36ce00000, 0x000001e37c4d0000, 0x000001e382350000)
  eden space 202304K,   7% used [0x000001e36ce00000, 0x000001e36dbe16d8, 0x000001e379390000)
  from space 25216K,  40% used [0x000001e37ac30000, 0x000001e37b636868, 0x000001e37c4d0000)
  to   space 25216K,   0% used [0x000001e379390000, 0x000001e379390000, 0x000001e37ac30000)
 tenured generation   total 505440K, used 303237K [0x000001e382350000, 0x000001e3a10e8000, 0x000001e3ace00000)
   the space 505440K,  59% used [0x000001e382350000, 0x000001e394b715f0, 0x000001e394b71600, 0x000001e3a10e8000)
 Metaspace       used 51488K, capacity 51995K, committed 52224K, reserved 53248K

Card table byte_map: [0x000001e360e80000,0x000001e361090000] _byte_map_base: 0x000001e26f319000

Polling page: 0x000001e360de0000

Metaspace:

Usage:
   50.78 MB capacity,    50.28 MB (>99%) used,   372.70 KB ( <1%) free+waste,   134.19 KB ( <1%) overhead. 

Virtual space:
     52.00 MB reserved,      51.00 MB ( 98%) committed 

Chunk freelists:
37.00 KB

MaxMetaspaceSize: 17179869184.00 GB
No class space
Initial GC threshold: 12.00 MB
Current GC threshold: 82.09 MB
CDS: off

CodeCache: size=32768Kb used=5732Kb max_used=5732Kb free=27035Kb
 bounds [0x000001e36ac80000, 0x000001e36b220000, 0x000001e36cc80000]
 total_blobs=3539 nmethods=2807 adapters=663
 compilation: enabled
              stopped_count=0, restarted_count=0
 full_count=0

Compilation events (20 events):
Event: 28.841 Thread 0x000001e361f73800 2798   !         sun.awt.PlatformFont::makeConvertedMultiFontChars (811 bytes)
Event: 28.846 Thread 0x000001e361f73800 nmethod 2798 0x000001e36b210010 code [0x000001e36b2103d0, 0x000001e36b2122d8]
Event: 28.934 Thread 0x000001e361f73800 2799   !         java.awt.EventQueue::removeSourceEvents (316 bytes)
Event: 28.935 Thread 0x000001e361f73800 nmethod 2799 0x000001e36b213810 code [0x000001e36b213a70, 0x000001e36b214278]
Event: 101.712 Thread 0x000001e361f73800 2800             java.util.Properties::saveConvert (434 bytes)
Event: 101.713 Thread 0x000001e361f73800 nmethod 2800 0x000001e36b214ad0 code [0x000001e36b214dc0, 0x000001e36b215788]
Event: 101.717 Thread 0x000001e361f73800 2801   !         sun.awt.AWTAutoShutdown::notifyPeerMapUpdated (70 bytes)
Event: 101.717 Thread 0x000001e361f73800 nmethod 2801 0x000001e36b215ed0 code [0x000001e36b216090, 0x000001e36b216518]
Event: 101.717 Thread 0x000001e361f73800 2802             java.util.WeakHashMap$HashIterator::hasNext (95 bytes)
Event: 101.717 Thread 0x000001e361f73800 nmethod 2802 0x000001e36b216750 code [0x000001e36b2168e0, 0x000001e36b216aa8]
Event: 101.717 Thread 0x000001e361f73800 2803             java.util.IdentityHashMap::closeDeletion (107 bytes)
Event: 101.718 Thread 0x000001e361f73800 nmethod 2803 0x000001e36b216bd0 code [0x000001e36b216d70, 0x000001e36b2170b8]
Event: 101.718 Thread 0x000001e361f73800 2804   !         sun.awt.windows.WObjectPeer::dispose (50 bytes)
Event: 101.718 Thread 0x000001e361f73800 nmethod 2804 0x000001e36b217250 code [0x000001e36b2173f0, 0x000001e36b217698]
Event: 101.718 Thread 0x000001e361f73800 2805             sun.awt.windows.WObjectPeer::getStateLock (5 bytes)
Event: 101.718 Thread 0x000001e361f73800 nmethod 2805 0x000001e36b217750 code [0x000001e36b2178d0, 0x000001e36b217978]
Event: 101.718 Thread 0x000001e361f73800 2806   !         sun.reflect.annotation.AnnotationParser::parseAnnotation2 (284 bytes)
Event: 101.719 Thread 0x000001e361f73800 nmethod 2806 0x000001e36b2179d0 code [0x000001e36b217cc0, 0x000001e36b2186c8]
Event: 101.745 Thread 0x000001e361f73800 2807             java.lang.ref.ReferenceQueue::reallyPoll (65 bytes)
Event: 101.745 Thread 0x000001e361f73800 nmethod 2807 0x000001e36b218f10 code [0x000001e36b2190a0, 0x000001e36b219278]

GC Heap History (20 events):
Event: 10.500 GC heap before
{Heap before GC invocations=50 (full 19):
 def new generation   total 87872K, used 3163K [0x000001e36ce00000, 0x000001e372d50000, 0x000001e382350000)
  eden space 78144K,   4% used [0x000001e36ce00000, 0x000001e36d116fd0, 0x000001e371a50000)
  from space 9728K,   0% used [0x000001e371a50000, 0x000001e371a50000, 0x000001e3723d0000)
  to   space 9728K,   0% used [0x000001e3723d0000, 0x000001e3723d0000, 0x000001e372d50000)
 tenured generation   total 195064K, used 117038K [0x000001e382350000, 0x000001e38e1ce000, 0x000001e3ace00000)
   the space 195064K,  59% used [0x000001e382350000, 0x000001e38959b990, 0x000001e38959ba00, 0x000001e38e1ce000)
 Metaspace       used 48681K, capacity 49066K, committed 49152K, reserved 49152K
}
Event: 10.501 GC heap after
{Heap after GC invocations=51 (full 19):
 def new generation   total 87872K, used 174K [0x000001e36ce00000, 0x000001e372d50000, 0x000001e382350000)
  eden space 78144K,   0% used [0x000001e36ce00000, 0x000001e36ce00000, 0x000001e371a50000)
  from space 9728K,   1% used [0x000001e3723d0000, 0x000001e3723fb950, 0x000001e372d50000)
  to   space 9728K,   0% used [0x000001e371a50000, 0x000001e371a50000, 0x000001e3723d0000)
 tenured generation   total 195064K, used 117038K [0x000001e382350000, 0x000001e38e1ce000, 0x000001e3ace00000)
   the space 195064K,  59% used [0x000001e382350000, 0x000001e38959b990, 0x000001e38959ba00, 0x000001e38e1ce000)
 Metaspace       used 48681K, capacity 49066K, committed 49152K, reserved 49152K
}
Event: 10.546 GC heap before
{Heap before GC invocations=51 (full 19):
 def new generation   total 87872K, used 7240K [0x000001e36ce00000, 0x000001e372d50000, 0x000001e382350000)
  eden space 78144K,   9% used [0x000001e36ce00000, 0x000001e36d4e69e0, 0x000001e371a50000)
  from space 9728K,   1% used [0x000001e3723d0000, 0x000001e3723fb950, 0x000001e372d50000)
  to   space 9728K,   0% used [0x000001e371a50000, 0x000001e371a50000, 0x000001e3723d0000)
 tenured generation   total 195064K, used 117038K [0x000001e382350000, 0x000001e38e1ce000, 0x000001e3ace00000)
   the space 195064K,  59% used [0x000001e382350000, 0x000001e38959b990, 0x000001e38959ba00, 0x000001e38e1ce000)
 Metaspace       used 48820K, capacity 49261K, committed 49408K, reserved 51200K
}
Event: 10.547 GC heap after
{Heap after GC invocations=52 (full 19):
 def new generation   total 87872K, used 425K [0x000001e36ce00000, 0x000001e372d50000, 0x000001e382350000)
  eden space 78144K,   0% used [0x000001e36ce00000, 0x000001e36ce00000, 0x000001e371a50000)
  from space 9728K,   4% used [0x000001e371a50000, 0x000001e371aba648, 0x000001e3723d0000)
  to   space 9728K,   0% used [0x000001e3723d0000, 0x000001e3723d0000, 0x000001e372d50000)
 tenured generation   total 195064K, used 117038K [0x000001e382350000, 0x000001e38e1ce000, 0x000001e3ace00000)
   the space 195064K,  59% used [0x000001e382350000, 0x000001e38959b990, 0x000001e38959ba00, 0x000001e38e1ce000)
 Metaspace       used 48820K, capacity 49261K, committed 49408K, reserved 51200K
}
Event: 10.585 GC heap before
{Heap before GC invocations=52 (full 19):
 def new generation   total 87872K, used 1676K [0x000001e36ce00000, 0x000001e372d50000, 0x000001e382350000)
  eden space 78144K,   1% used [0x000001e36ce00000, 0x000001e36cf389d8, 0x000001e371a50000)
  from space 9728K,   4% used [0x000001e371a50000, 0x000001e371aba648, 0x000001e3723d0000)
  to   space 9728K,   0% used [0x000001e3723d0000, 0x000001e3723d0000, 0x000001e372d50000)
 tenured generation   total 195064K, used 117038K [0x000001e382350000, 0x000001e38e1ce000, 0x000001e3ace00000)
   the space 195064K,  59% used [0x000001e382350000, 0x000001e38959b990, 0x000001e38959ba00, 0x000001e38e1ce000)
 Metaspace       used 48820K, capacity 49261K, committed 49408K, reserved 51200K
}
Event: 10.641 GC heap after
{Heap after GC invocations=53 (full 20):
 def new generation   total 87872K, used 0K [0x000001e36ce00000, 0x000001e372d50000, 0x000001e382350000)
  eden space 78144K,   0% used [0x000001e36ce00000, 0x000001e36ce00000, 0x000001e371a50000)
  from space 9728K,   0% used [0x000001e371a50000, 0x000001e371a50000, 0x000001e3723d0000)
  to   space 9728K,   0% used [0x000001e3723d0000, 0x000001e3723d0000, 0x000001e372d50000)
 tenured generation   total 195064K, used 110817K [0x000001e382350000, 0x000001e38e1ce000, 0x000001e3ace00000)
   the space 195064K,  56% used [0x000001e382350000, 0x000001e388f88668, 0x000001e388f88800, 0x000001e38e1ce000)
 Metaspace       used 48820K, capacity 49261K, committed 49408K, reserved 51200K
}
Event: 10.792 GC heap before
{Heap before GC invocations=53 (full 20):
 def new generation   total 87872K, used 22952K [0x000001e36ce00000, 0x000001e372d50000, 0x000001e382350000)
  eden space 78144K,  29% used [0x000001e36ce00000, 0x000001e36e46a028, 0x000001e371a50000)
  from space 9728K,   0% used [0x000001e371a50000, 0x000001e371a50000, 0x000001e3723d0000)
  to   space 9728K,   0% used [0x000001e3723d0000, 0x000001e3723d0000, 0x000001e372d50000)
 tenured generation   total 195064K, used 110817K [0x000001e382350000, 0x000001e38e1ce000, 0x000001e3ace00000)
   the space 195064K,  56% used [0x000001e382350000, 0x000001e388f88668, 0x000001e388f88800, 0x000001e38e1ce000)
 Metaspace       used 49716K, capacity 50157K, committed 50176K, reserved 51200K
}
Event: 10.836 GC heap after
{Heap after GC invocations=54 (full 21):
 def new generation   total 87872K, used 0K [0x000001e36ce00000, 0x000001e372d50000, 0x000001e382350000)
  eden space 78144K,   0% used [0x000001e36ce00000, 0x000001e36ce00000, 0x000001e371a50000)
  from space 9728K,   0% used [0x000001e371a50000, 0x000001e371a50000, 0x000001e3723d0000)
  to   space 9728K,   0% used [0x000001e3723d0000, 0x000001e3723d0000, 0x000001e372d50000)
 tenured generation   total 195064K, used 112580K [0x000001e382350000, 0x000001e38e1ce000, 0x000001e3ace00000)
   the space 195064K,  57% used [0x000001e382350000, 0x000001e389141040, 0x000001e389141200, 0x000001e38e1ce000)
 Metaspace       used 49650K, capacity 50074K, committed 50176K, reserved 51200K
}
Event: 12.662 GC heap before
{Heap before GC invocations=54 (full 21):
 def new generation   total 87872K, used 77467K [0x000001e36ce00000, 0x000001e372d50000, 0x000001e382350000)
  eden space 78144K,  99% used [0x000001e36ce00000, 0x000001e3719a6e88, 0x000001e371a50000)
  from space 9728K,   0% used [0x000001e371a50000, 0x000001e371a50000, 0x000001e3723d0000)
  to   space 9728K,   0% used [0x000001e3723d0000, 0x000001e3723d0000, 0x000001e372d50000)
 tenured generation   total 195064K, used 112580K [0x000001e382350000, 0x000001e38e1ce000, 0x000001e3ace00000)
   the space 195064K,  57% used [0x000001e382350000, 0x000001e389141040, 0x000001e389141200, 0x000001e38e1ce000)
 Metaspace       used 49837K, capacity 50330K, committed 50432K, reserved 51200K
}
Event: 12.690 GC heap after
{Heap after GC invocations=55 (full 21):
 def new generation   total 87872K, used 79K [0x000001e36ce00000, 0x000001e372d50000, 0x000001e382350000)
  eden space 78144K,   0% used [0x000001e36ce00000, 0x000001e36ce00000, 0x000001e371a50000)
  from space 9728K,   0% used [0x000001e3723d0000, 0x000001e3723e3fd8, 0x000001e372d50000)
  to   space 9728K,   0% used [0x000001e371a50000, 0x000001e371a50000, 0x000001e3723d0000)
 tenured generation   total 195064K, used 184022K [0x000001e382350000, 0x000001e38e1ce000, 0x000001e3ace00000)
   the space 195064K,  94% used [0x000001e382350000, 0x000001e38d705888, 0x000001e38d705a00, 0x000001e38e1ce000)
 Metaspace       used 49837K, capacity 50330K, committed 50432K, reserved 51200K
}
Event: 12.729 GC heap before
{Heap before GC invocations=55 (full 21):
 def new generation   total 87872K, used 48124K [0x000001e36ce00000, 0x000001e372d50000, 0x000001e382350000)
  eden space 78144K,  61% used [0x000001e36ce00000, 0x000001e36fceb3e8, 0x000001e371a50000)
  from space 9728K,   0% used [0x000001e3723d0000, 0x000001e3723e3fd8, 0x000001e372d50000)
  to   space 9728K,   0% used [0x000001e371a50000, 0x000001e371a50000, 0x000001e3723d0000)
 tenured generation   total 195064K, used 184022K [0x000001e382350000, 0x000001e38e1ce000, 0x000001e3ace00000)
   the space 195064K,  94% used [0x000001e382350000, 0x000001e38d705888, 0x000001e38d705a00, 0x000001e38e1ce000)
 Metaspace       used 49837K, capacity 50330K, committed 50432K, reserved 51200K
}
Event: 12.770 GC heap after
{Heap after GC invocations=56 (full 22):
 def new generation   total 138112K, used 47734K [0x000001e36ce00000, 0x000001e3763d0000, 0x000001e382350000)
  eden space 122816K,  38% used [0x000001e36ce00000, 0x000001e36fc9d8f8, 0x000001e3745f0000)
  from space 15296K,   0% used [0x000001e3745f0000, 0x000001e3745f0000, 0x000001e3754e0000)
  to   space 15296K,   0% used [0x000001e3754e0000, 0x000001e3754e0000, 0x000001e3763d0000)
 tenured generation   total 306704K, used 184022K [0x000001e382350000, 0x000001e394ed4000, 0x000001e3ace00000)
   the space 306704K,  59% used [0x000001e382350000, 0x000001e38d705888, 0x000001e38d705a00, 0x000001e394ed4000)
 Metaspace       used 49837K, capacity 50330K, committed 50432K, reserved 51200K
}
Event: 16.068 GC heap before
{Heap before GC invocations=56 (full 22):
 def new generation   total 138112K, used 121276K [0x000001e36ce00000, 0x000001e3763d0000, 0x000001e382350000)
  eden space 122816K,  98% used [0x000001e36ce00000, 0x000001e37446f1a8, 0x000001e3745f0000)
  from space 15296K,   0% used [0x000001e3745f0000, 0x000001e3745f0000, 0x000001e3754e0000)
  to   space 15296K,   0% used [0x000001e3754e0000, 0x000001e3754e0000, 0x000001e3763d0000)
 tenured generation   total 306704K, used 184022K [0x000001e382350000, 0x000001e394ed4000, 0x000001e3ace00000)
   the space 306704K,  59% used [0x000001e382350000, 0x000001e38d705888, 0x000001e38d705a00, 0x000001e394ed4000)
 Metaspace       used 49862K, capacity 50330K, committed 50432K, reserved 51200K
}
Event: 16.103 GC heap after
{Heap after GC invocations=57 (full 22):
 def new generation   total 138112K, used 12077K [0x000001e36ce00000, 0x000001e3763d0000, 0x000001e382350000)
  eden space 122816K,   0% used [0x000001e36ce00000, 0x000001e36ce00000, 0x000001e3745f0000)
  from space 15296K,  78% used [0x000001e3754e0000, 0x000001e3760ab570, 0x000001e3763d0000)
  to   space 15296K,   0% used [0x000001e3745f0000, 0x000001e3745f0000, 0x000001e3754e0000)
 tenured generation   total 306704K, used 243557K [0x000001e382350000, 0x000001e394ed4000, 0x000001e3ace00000)
   the space 306704K,  79% used [0x000001e382350000, 0x000001e3911294b8, 0x000001e391129600, 0x000001e394ed4000)
 Metaspace       used 49862K, capacity 50330K, committed 50432K, reserved 51200K
}
Event: 16.141 GC heap before
{Heap before GC invocations=57 (full 22):
 def new generation   total 138112K, used 59707K [0x000001e36ce00000, 0x000001e3763d0000, 0x000001e382350000)
  eden space 122816K,  38% used [0x000001e36ce00000, 0x000001e36fc83878, 0x000001e3745f0000)
  from space 15296K,  78% used [0x000001e3754e0000, 0x000001e3760ab570, 0x000001e3763d0000)
  to   space 15296K,   0% used [0x000001e3745f0000, 0x000001e3745f0000, 0x000001e3754e0000)
 tenured generation   total 306704K, used 243557K [0x000001e382350000, 0x000001e394ed4000, 0x000001e3ace00000)
   the space 306704K,  79% used [0x000001e382350000, 0x000001e3911294b8, 0x000001e391129600, 0x000001e394ed4000)
 Metaspace       used 49862K, capacity 50330K, committed 50432K, reserved 51200K
}
Event: 16.206 GC heap after
{Heap after GC invocations=58 (full 23):
 def new generation   total 227520K, used 0K [0x000001e36ce00000, 0x000001e37c4d0000, 0x000001e382350000)
  eden space 202304K,   0% used [0x000001e36ce00000, 0x000001e36ce00000, 0x000001e379390000)
  from space 25216K,   0% used [0x000001e379390000, 0x000001e379390000, 0x000001e37ac30000)
  to   space 25216K,   0% used [0x000001e37ac30000, 0x000001e37ac30000, 0x000001e37c4d0000)
 tenured generation   total 505440K, used 303262K [0x000001e382350000, 0x000001e3a10e8000, 0x000001e3ace00000)
   the space 505440K,  59% used [0x000001e382350000, 0x000001e394b77a88, 0x000001e394b77c00, 0x000001e3a10e8000)
 Metaspace       used 49862K, capacity 50330K, committed 50432K, reserved 51200K
}
Event: 16.244 GC heap before
{Heap before GC invocations=58 (full 23):
 def new generation   total 227520K, used 215K [0x000001e36ce00000, 0x000001e37c4d0000, 0x000001e382350000)
  eden space 202304K,   0% used [0x000001e36ce00000, 0x000001e36ce35f68, 0x000001e379390000)
  from space 25216K,   0% used [0x000001e379390000, 0x000001e379390000, 0x000001e37ac30000)
  to   space 25216K,   0% used [0x000001e37ac30000, 0x000001e37ac30000, 0x000001e37c4d0000)
 tenured generation   total 505440K, used 303262K [0x000001e382350000, 0x000001e3a10e8000, 0x000001e3ace00000)
   the space 505440K,  59% used [0x000001e382350000, 0x000001e394b77a88, 0x000001e394b77c00, 0x000001e3a10e8000)
 Metaspace       used 49862K, capacity 50330K, committed 50432K, reserved 51200K
}
Event: 16.312 GC heap after
{Heap after GC invocations=59 (full 24):
 def new generation   total 227520K, used 0K [0x000001e36ce00000, 0x000001e37c4d0000, 0x000001e382350000)
  eden space 202304K,   0% used [0x000001e36ce00000, 0x000001e36ce00000, 0x000001e379390000)
  from space 25216K,   0% used [0x000001e379390000, 0x000001e379390000, 0x000001e37ac30000)
  to   space 25216K,   0% used [0x000001e37ac30000, 0x000001e37ac30000, 0x000001e37c4d0000)
 tenured generation   total 505440K, used 303237K [0x000001e382350000, 0x000001e3a10e8000, 0x000001e3ace00000)
   the space 505440K,  59% used [0x000001e382350000, 0x000001e394b715f0, 0x000001e394b71600, 0x000001e3a10e8000)
 Metaspace       used 49862K, capacity 50330K, committed 50432K, reserved 51200K
}
Event: 101.735 GC heap before
{Heap before GC invocations=59 (full 24):
 def new generation   total 227520K, used 202304K [0x000001e36ce00000, 0x000001e37c4d0000, 0x000001e382350000)
  eden space 202304K, 100% used [0x000001e36ce00000, 0x000001e379390000, 0x000001e379390000)
  from space 25216K,   0% used [0x000001e379390000, 0x000001e379390000, 0x000001e37ac30000)
  to   space 25216K,   0% used [0x000001e37ac30000, 0x000001e37ac30000, 0x000001e37c4d0000)
 tenured generation   total 505440K, used 303237K [0x000001e382350000, 0x000001e3a10e8000, 0x000001e3ace00000)
   the space 505440K,  59% used [0x000001e382350000, 0x000001e394b715f0, 0x000001e394b71600, 0x000001e3a10e8000)
 Metaspace       used 51487K, capacity 51995K, committed 52224K, reserved 53248K
}
Event: 101.743 GC heap after
{Heap after GC invocations=60 (full 24):
 def new generation   total 227520K, used 10266K [0x000001e36ce00000, 0x000001e37c4d0000, 0x000001e382350000)
  eden space 202304K,   0% used [0x000001e36ce00000, 0x000001e36ce00000, 0x000001e379390000)
  from space 25216K,  40% used [0x000001e37ac30000, 0x000001e37b636868, 0x000001e37c4d0000)
  to   space 25216K,   0% used [0x000001e379390000, 0x000001e379390000, 0x000001e37ac30000)
 tenured generation   total 505440K, used 303237K [0x000001e382350000, 0x000001e3a10e8000, 0x000001e3ace00000)
   the space 505440K,  59% used [0x000001e382350000, 0x000001e394b715f0, 0x000001e394b71600, 0x000001e3a10e8000)
 Metaspace       used 51487K, capacity 51995K, committed 52224K, reserved 53248K
}

Deoptimization events (2 events):
Event: 10.232 Thread 0x000001e3b03f9000 DEOPT PACKING pc=0x000001e36aef3aac sp=0x000000420539bfe0
Event: 10.232 Thread 0x000001e3b03f9000 DEOPT UNPACKING pc=0x000001e36acc67fe sp=0x000000420539b4a8 mode 0

Classes redefined (0 events):
No events

Internal exceptions (20 events):
Event: 10.734 Thread 0x000001e3583d8000 Exception <a 'java/lang/NoSuchMethodError'{0x000001e36e0fb2b0}: 'void java.lang.invoke.DirectMethodHandle$Holder.invokeStatic(java.lang.Object, java.lang.Object, java.lang.Object, java.lang.Object, java.lang.Object)'> (0x000001e36e0fb2b0) thrown at [s\src\hotspot\share\interpreter\linkResolver.cpp, line 773]
Event: 10.734 Thread 0x000001e3b9224000 Exception <a 'java/lang/NoSuchMethodError'{0x000001e36dfae8a8}: 'void java.lang.invoke.DirectMethodHandle$Holder.invokeStatic(java.lang.Object, java.lang.Object, java.lang.Object, java.lang.Object, java.lang.Object)'> (0x000001e36dfae8a8) thrown at [s\src\hotspot\share\interpreter\linkResolver.cpp, line 773]
Event: 10.734 Thread 0x000001e3b921e800 Exception <a 'java/lang/NoSuchMethodError'{0x000001e36de33cf0}: 'void java.lang.invoke.DirectMethodHandle$Holder.invokeStatic(java.lang.Object, java.lang.Object, java.lang.Object, java.lang.Object, java.lang.Object)'> (0x000001e36de33cf0) thrown at [s\src\hotspot\share\interpreter\linkResolver.cpp, line 773]
Event: 10.734 Thread 0x000001e3b9221000 Exception <a 'java/lang/NoSuchMethodError'{0x000001e36df509c0}: 'void java.lang.invoke.DirectMethodHandle$Holder.invokeStatic(java.lang.Object, java.lang.Object, java.lang.Object, java.lang.Object, java.lang.Object)'> (0x000001e36df509c0) thrown at [s\src\hotspot\share\interpreter\linkResolver.cpp, line 773]
Event: 10.734 Thread 0x000001e3b9222000 Exception <a 'java/lang/NoSuchMethodError'{0x000001e36e00cb80}: 'void java.lang.invoke.DirectMethodHandle$Holder.invokeStatic(java.lang.Object, java.lang.Object, java.lang.Object, java.lang.Object, java.lang.Object)'> (0x000001e36e00cb80) thrown at [s\src\hotspot\share\interpreter\linkResolver.cpp, line 773]
Event: 10.735 Thread 0x000001e3b921d800 Exception <a 'java/lang/NoSuchMethodError'{0x000001e36def2720}: 'void java.lang.invoke.DirectMethodHandle$Holder.invokeStatic(java.lang.Object, java.lang.Object, java.lang.Object, java.lang.Object, java.lang.Object)'> (0x000001e36def2720) thrown at [s\src\hotspot\share\interpreter\linkResolver.cpp, line 773]
Event: 10.735 Thread 0x000001e3b921f800 Exception <a 'java/lang/NoSuchMethodError'{0x000001e36ddd9868}: 'void java.lang.invoke.DirectMethodHandle$Holder.invokeStatic(java.lang.Object, java.lang.Object, java.lang.Object, java.lang.Object, java.lang.Object)'> (0x000001e36ddd9868) thrown at [s\src\hotspot\share\interpreter\linkResolver.cpp, line 773]
Event: 10.735 Thread 0x000001e3b9220000 Exception <a 'java/lang/NoSuchMethodError'{0x000001e36de91d78}: 'void java.lang.invoke.DirectMethodHandle$Holder.invokeStatic(java.lang.Object, java.lang.Object, java.lang.Object, java.lang.Object, java.lang.Object)'> (0x000001e36de91d78) thrown at [s\src\hotspot\share\interpreter\linkResolver.cpp, line 773]
Event: 12.396 Thread 0x000001e3b03f9000 Exception <a 'java/lang/ClassCastException'{0x000001e36cfa8fe0}: class java.awt.MenuItem cannot be cast to class java.awt.CheckboxMenuItem (java.awt.MenuItem and java.awt.CheckboxMenuItem are in module java.desktop of loader 'bootstrap')> (0x000001e36cfa8fe0) thrown at [s\src\hotspot\share\interpreter\interpreterRuntime.cpp, line 459]
Event: 18.324 Thread 0x000001e3af1e2800 Exception <a 'java/lang/ClassNotFoundException'{0x000001e370837580}: sun/awt/windows/spi/awtLocalizationProvider> (0x000001e370837580) thrown at [s\src\hotspot\share\classfile\systemDictionary.cpp, line 230]
Event: 18.535 Thread 0x000001e3af1e2800 Exception <a 'java/lang/ClassCastException'{0x000001e3708e7560}: class java.awt.MenuItem cannot be cast to class java.awt.CheckboxMenuItem (java.awt.MenuItem and java.awt.CheckboxMenuItem are in module java.desktop of loader 'bootstrap')> (0x000001e3708e7560) thrown at [s\src\hotspot\share\interpreter\interpreterRuntime.cpp, line 459]
Event: 22.751 Thread 0x000001e3b9225000 Exception <a 'java/lang/ClassCastException'{0x000001e373f17b80}: class java.awt.MenuItem cannot be cast to class java.awt.CheckboxMenuItem (java.awt.MenuItem and java.awt.CheckboxMenuItem are in module java.desktop of loader 'bootstrap')> (0x000001e373f17b80) thrown at [s\src\hotspot\share\interpreter\interpreterRuntime.cpp, line 459]
Event: 22.751 Thread 0x000001e3b9225000 Exception <a 'java/lang/ClassCastException'{0x000001e373f18008}: class java.awt.MenuItem cannot be cast to class java.awt.CheckboxMenuItem (java.awt.MenuItem and java.awt.CheckboxMenuItem are in module java.desktop of loader 'bootstrap')> (0x000001e373f18008) thrown at [s\src\hotspot\share\interpreter\interpreterRuntime.cpp, line 459]
Event: 23.950 Thread 0x000001e3b9225000 Exception <a 'java/lang/ClassCastException'{0x000001e37407d290}: class java.awt.MenuItem cannot be cast to class java.awt.CheckboxMenuItem (java.awt.MenuItem and java.awt.CheckboxMenuItem are in module java.desktop of loader 'bootstrap')> (0x000001e37407d290) thrown at [s\src\hotspot\share\interpreter\interpreterRuntime.cpp, line 459]
Event: 24.606 Thread 0x000001e3b03f9000 Exception <a 'java/lang/ClassCastException'{0x000001e3742288e8}: class java.awt.MenuItem cannot be cast to class java.awt.CheckboxMenuItem (java.awt.MenuItem and java.awt.CheckboxMenuItem are in module java.desktop of loader 'bootstrap')> (0x000001e3742288e8) thrown at [s\src\hotspot\share\interpreter\interpreterRuntime.cpp, line 459]
Event: 24.682 Thread 0x000001e3b03f9000 Exception <a 'java/lang/NoSuchMethodError'{0x000001e3743ed8e0}: 'int java.lang.invoke.DirectMethodHandle$Holder.invokeStatic(java.lang.Object, long)'> (0x000001e3743ed8e0) thrown at [s\src\hotspot\share\interpreter\linkResolver.cpp, line 773]
Event: 24.683 Thread 0x000001e3b03f9000 Exception <a 'java/lang/NoSuchMethodError'{0x000001e3743fa0b8}: 'void java.lang.invoke.DirectMethodHandle$Holder.invokeInterface(java.lang.Object, java.lang.Object, long)'> (0x000001e3743fa0b8) thrown at [s\src\hotspot\share\interpreter\linkResolver.cpp, line 773]
Event: 26.863 Thread 0x000001e3b9225000 Exception <a 'java/lang/ClassCastException'{0x000001e374299ac0}: class java.awt.MenuItem cannot be cast to class java.awt.CheckboxMenuItem (java.awt.MenuItem and java.awt.CheckboxMenuItem are in module java.desktop of loader 'bootstrap')> (0x000001e374299ac0) thrown at [s\src\hotspot\share\interpreter\interpreterRuntime.cpp, line 459]
Event: 101.786 Thread 0x000001e3b03ff000 Exception <a 'java/lang/InterruptedException'{0x000001e36d3950e0}> (0x000001e36d3950e0) thrown at [s\src\hotspot\share\runtime\objectMonitor.cpp, line 1645]
Event: 101.786 Thread 0x000001e3b025c800 Exception <a 'java/lang/InterruptedException'{0x000001e36d896748}> (0x000001e36d896748) thrown at [s\src\hotspot\share\runtime\objectMonitor.cpp, line 1645]

Events (20 events):
Event: 101.744 Executing VM operation: RevokeBias done
Event: 101.744 Executing VM operation: RevokeBias
Event: 101.744 Executing VM operation: RevokeBias done
Event: 101.744 Executing VM operation: RevokeBias
Event: 101.744 Executing VM operation: RevokeBias done
Event: 101.744 Executing VM operation: RevokeBias
Event: 101.744 Executing VM operation: RevokeBias done
Event: 101.744 Executing VM operation: RevokeBias
Event: 101.744 Executing VM operation: RevokeBias done
Event: 101.744 Executing VM operation: RevokeBias
Event: 101.744 Executing VM operation: RevokeBias done
Event: 101.744 Executing VM operation: RevokeBias
Event: 101.745 Executing VM operation: RevokeBias done
Event: 101.745 Executing VM operation: BulkRevokeBias
Event: 101.745 Executing VM operation: BulkRevokeBias done
Event: 101.785 Executing VM operation: ThreadDump
Event: 101.785 Executing VM operation: ThreadDump done
Event: 101.786 Thread 0x000001e3b025c800 Thread exited: 0x000001e3b025c800
Event: 101.786 Thread 0x000001e3b03f9000 Thread exited: 0x000001e3b03f9000
Event: 101.789 Thread 0x000001e3aeb46800 Thread exited: 0x000001e3aeb46800


Dynamic libraries:
0x00007ff71f540000 - 0x00007ff71f55c000 	C:\Users\luke\AppData\Local\Programs\Python\Python39\python.exe
0x00007ff94cbf0000 - 0x00007ff94ce07000 	C:\WINDOWS\SYSTEM32\ntdll.dll
0x00007ff94bc50000 - 0x00007ff94bd14000 	C:\WINDOWS\System32\KERNEL32.DLL
0x00007ff94a280000 - 0x00007ff94a63a000 	C:\WINDOWS\System32\KERNELBASE.dll
0x00007ff94a160000 - 0x00007ff94a271000 	C:\WINDOWS\System32\ucrtbase.dll
0x00007ff947a70000 - 0x00007ff947a89000 	C:\Users\luke\AppData\Local\Programs\Python\Python39\VCRUNTIME140.dll
0x00007ff8fe4f0000 - 0x00007ff8fe95c000 	C:\Users\luke\AppData\Local\Programs\Python\Python39\python39.dll
0x00007ff94bb20000 - 0x00007ff94bb91000 	C:\WINDOWS\System32\WS2_32.dll
0x00007ff94be20000 - 0x00007ff94bf34000 	C:\WINDOWS\System32\RPCRT4.dll
0x00007ff94c670000 - 0x00007ff94c722000 	C:\WINDOWS\System32\ADVAPI32.dll
0x00007ff945e30000 - 0x00007ff945e3a000 	C:\WINDOWS\SYSTEM32\VERSION.dll
0x00007ff94bd60000 - 0x00007ff94be07000 	C:\WINDOWS\System32\msvcrt.dll
0x00007ff94bba0000 - 0x00007ff94bc47000 	C:\WINDOWS\System32\sechost.dll
0x00007ff94a130000 - 0x00007ff94a158000 	C:\WINDOWS\System32\bcrypt.dll
0x00007ff9496c0000 - 0x00007ff9496db000 	C:\WINDOWS\SYSTEM32\CRYPTSP.dll
0x00007ff948ec0000 - 0x00007ff948ef5000 	C:\WINDOWS\system32\rsaenh.dll
0x00007ff9496b0000 - 0x00007ff9496bc000 	C:\WINDOWS\SYSTEM32\CRYPTBASE.dll
0x00007ff94a640000 - 0x00007ff94a6bb000 	C:\WINDOWS\System32\bcryptPrimitives.dll
0x00007ff947ac0000 - 0x00007ff947acf000 	C:\Users\luke\AppData\Local\Programs\Python\Python39\python3.DLL
0x00007ff945480000 - 0x00007ff945497000 	C:\Users\luke\AppData\Local\Programs\Python\Python39\DLLs\_bz2.pyd
0x00007ff9453e0000 - 0x00007ff94540a000 	C:\Users\luke\AppData\Local\Programs\Python\Python39\DLLs\_lzma.pyd
0x00007ff947a60000 - 0x00007ff947a69000 	C:\Users\luke\AppData\Local\Programs\Python\Python39\lib\site-packages\shiboken6\Shiboken.pyd
0x00007ff93f270000 - 0x00007ff93f2cd000 	C:\Users\luke\AppData\Local\Programs\Python\Python39\lib\site-packages\shiboken6\shiboken6.abi3.dll
0x00007ff947420000 - 0x00007ff94742c000 	C:\Users\luke\AppData\Local\Programs\Python\Python39\lib\site-packages\shiboken6\VCRUNTIME140_1.dll
0x00007ff937860000 - 0x00007ff9378ed000 	C:\Users\luke\AppData\Local\Programs\Python\Python39\lib\site-packages\shiboken6\MSVCP140.dll
0x00007ff8fdcb0000 - 0x00007ff8fe2b3000 	C:\Users\luke\AppData\Local\Programs\Python\Python39\lib\site-packages\PySide6\QtWidgets.pyd
0x00007ff93f210000 - 0x00007ff93f24b000 	C:\Users\luke\AppData\Local\Programs\Python\Python39\lib\site-packages\PySide6\pyside6.abi3.dll
0x00007ff8fd670000 - 0x00007ff8fdca6000 	C:\Users\luke\AppData\Local\Programs\Python\Python39\lib\site-packages\PySide6\Qt6Widgets.dll
0x00007ff8f6ca0000 - 0x00007ff8f7277000 	C:\Users\luke\AppData\Local\Programs\Python\Python39\lib\site-packages\PySide6\Qt6Core.dll
0x00007ff8f7280000 - 0x00007ff8f7b60000 	C:\Users\luke\AppData\Local\Programs\Python\Python39\lib\site-packages\PySide6\Qt6Gui.dll
0x00007ff94ab30000 - 0x00007ff94acde000 	C:\WINDOWS\System32\USER32.dll
0x00007ff94b600000 - 0x00007ff94b7a5000 	C:\WINDOWS\System32\ole32.dll
0x00007ff94b940000 - 0x00007ff94b969000 	C:\WINDOWS\System32\GDI32.dll
0x00007ff94a6c0000 - 0x00007ff94a6e6000 	C:\WINDOWS\System32\win32u.dll
0x00007ff949eb0000 - 0x00007ff949f4a000 	C:\WINDOWS\System32\msvcp_win.dll
0x00007ff949f50000 - 0x00007ff94a06b000 	C:\WINDOWS\System32\gdi32full.dll
0x00007ff94bff0000 - 0x00007ff94c381000 	C:\WINDOWS\System32\combase.dll
0x00007ff94ace0000 - 0x00007ff94b559000 	C:\WINDOWS\System32\SHELL32.dll
0x00007ff94c390000 - 0x00007ff94c467000 	C:\WINDOWS\System32\OLEAUT32.dll
0x00007ff947170000 - 0x00007ff94719b000 	C:\WINDOWS\SYSTEM32\dwmapi.dll
0x00007ff946ec0000 - 0x00007ff946f71000 	C:\WINDOWS\SYSTEM32\UxTheme.dll
0x00007ff936850000 - 0x00007ff93686e000 	C:\WINDOWS\SYSTEM32\MPR.dll
0x00007ff949550000 - 0x00007ff949578000 	C:\WINDOWS\SYSTEM32\USERENV.dll
0x00007ff948ae0000 - 0x00007ff948b2e000 	C:\WINDOWS\SYSTEM32\AUTHZ.dll
0x00007ff936950000 - 0x00007ff936969000 	C:\WINDOWS\SYSTEM32\NETAPI32.dll
0x00007ff9448c0000 - 0x00007ff944b17000 	C:\WINDOWS\SYSTEM32\d3d11.dll
0x00007ff947050000 - 0x00007ff947147000 	C:\WINDOWS\SYSTEM32\dxgi.dll
0x00007ff937a90000 - 0x00007ff937ab6000 	C:\WINDOWS\SYSTEM32\d3d12.dll
0x00007ff945470000 - 0x00007ff945479000 	C:\Users\luke\AppData\Local\Programs\Python\Python39\lib\site-packages\PySide6\MSVCP140_1.dll
0x00007ff93be30000 - 0x00007ff93be64000 	C:\WINDOWS\SYSTEM32\WINMM.dll
0x00007ff944640000 - 0x00007ff9448b3000 	C:\WINDOWS\SYSTEM32\DWrite.dll
0x00007ff93ebf0000 - 0x00007ff93ec31000 	C:\Users\luke\AppData\Local\Programs\Python\Python39\lib\site-packages\PySide6\MSVCP140_2.dll
0x00007ff948950000 - 0x00007ff94895c000 	C:\WINDOWS\SYSTEM32\NETUTILS.DLL
0x00007ff92c960000 - 0x00007ff92c988000 	C:\WINDOWS\SYSTEM32\SRVCLI.DLL
0x00007ff94bd20000 - 0x00007ff94bd51000 	C:\WINDOWS\System32\IMM32.DLL
0x00007ff8fd260000 - 0x00007ff8fd661000 	C:\Users\luke\AppData\Local\Programs\Python\Python39\lib\site-packages\PySide6\QtGui.pyd
0x00007ff8f6920000 - 0x00007ff8f6c97000 	C:\Users\luke\AppData\Local\Programs\Python\Python39\lib\site-packages\PySide6\QtCore.pyd
0x00007ff943930000 - 0x00007ff943950000 	C:\Users\luke\AppData\Local\Programs\Python\Python39\DLLs\_ctypes.pyd
0x00007ff93f710000 - 0x00007ff93f71b000 	C:\Users\luke\AppData\Local\Programs\Python\Python39\DLLs\libffi-7.dll
0x00007ff8f6510000 - 0x00007ff8f6912000 	C:\Users\luke\AppData\Local\Programs\Python\Python39\lib\site-packages\numpy\_core\_multiarray_umath.cp39-win_amd64.pyd
0x00007ff9377c0000 - 0x00007ff93785b000 	C:\Users\luke\AppData\Local\Programs\Python\Python39\lib\site-packages\numpy.libs\msvcp140-23ebcc0b37c8e3d074511f362feac48b.dll
0x00007ff879b80000 - 0x00007ff87bada000 	C:\Users\luke\AppData\Local\Programs\Python\Python39\lib\site-packages\numpy.libs\libscipy_openblas64_-caad452230ae4ddb57899b8b3a33c55c.dll
0x00007ff93f6f0000 - 0x00007ff93f703000 	C:\Users\luke\AppData\Local\Programs\Python\Python39\lib\site-packages\numpy\_core\_multiarray_tests.cp39-win_amd64.pyd
0x00007ff93f1f0000 - 0x00007ff93f20e000 	C:\Users\luke\AppData\Local\Programs\Python\Python39\lib\site-packages\numpy\linalg\_umath_linalg.cp39-win_amd64.pyd
0x00007ff865470000 - 0x00007ff869c94000 	C:\Users\luke\AppData\Local\Programs\Python\Python39\Lib\site-packages\cv2\cv2.pyd
0x00007ff94c4e0000 - 0x00007ff94c5e0000 	C:\WINDOWS\System32\COMDLG32.dll
0x00007ff94b9c0000 - 0x00007ff94baba000 	C:\WINDOWS\System32\shcore.dll
0x00007ff94aaa0000 - 0x00007ff94aafe000 	C:\WINDOWS\System32\SHLWAPI.dll
0x00007ff92c030000 - 0x00007ff92c039000 	C:\WINDOWS\SYSTEM32\WSOCK32.dll
0x00007ff93cff0000 - 0x00007ff93d282000 	C:\WINDOWS\WinSxS\amd64_microsoft.windows.common-controls_6595b64144ccf1df_6.0.22621.4541_none_2710d1c57384c085\COMCTL32.dll
0x00007ff92ad50000 - 0x00007ff92af1e000 	C:\WINDOWS\SYSTEM32\MFPlat.DLL
0x00007ff92acc0000 - 0x00007ff92ad4a000 	C:\WINDOWS\SYSTEM32\MF.dll
0x00007ff8dec20000 - 0x00007ff8ded41000 	C:\WINDOWS\SYSTEM32\MFReadWrite.dll
0x00007ff949ba0000 - 0x00007ff949bee000 	C:\WINDOWS\SYSTEM32\cfgmgr32.dll
0x00007ff92a8a0000 - 0x00007ff92ac3b000 	C:\WINDOWS\SYSTEM32\MFCORE.DLL
0x00007ff948f60000 - 0x00007ff948f78000 	C:\WINDOWS\SYSTEM32\kernel.appcore.dll
0x00007ff93ce90000 - 0x00007ff93cec3000 	C:\WINDOWS\SYSTEM32\RTWorkQ.DLL
0x00007ff93eb10000 - 0x00007ff93eb86000 	C:\Users\luke\AppData\Local\Programs\Python\Python39\lib\site-packages\_jpype.cp39-win_amd64.pyd
0x00007ff93cc90000 - 0x00007ff93ccd4000 	C:\Users\luke\AppData\Local\Programs\Python\Python39\DLLs\_decimal.pyd
0x00007ff93f020000 - 0x00007ff93f033000 	C:\Users\luke\AppData\Local\Programs\Python\Python39\DLLs\_hashlib.pyd
0x00007ff918050000 - 0x00007ff918396000 	C:\Users\luke\AppData\Local\Programs\Python\Python39\DLLs\libcrypto-1_1.dll
0x00007ff93f000000 - 0x00007ff93f016000 	C:\Users\luke\AppData\Local\Programs\Python\Python39\DLLs\_socket.pyd
0x00007ff948960000 - 0x00007ff94898d000 	C:\WINDOWS\SYSTEM32\IPHLPAPI.DLL
0x00007ff93f320000 - 0x00007ff93f329000 	C:\Users\luke\AppData\Local\Programs\Python\Python39\DLLs\select.pyd
0x00007ff93ef10000 - 0x00007ff93ef24000 	C:\Users\luke\AppData\Local\Programs\Python\Python39\lib\site-packages\psutil\_psutil_windows.pyd
0x00007ff94ab20000 - 0x00007ff94ab28000 	C:\WINDOWS\System32\PSAPI.DLL
0x00007ff9490a0000 - 0x00007ff9490ed000 	C:\WINDOWS\SYSTEM32\POWRPROF.dll
0x00007ff926c90000 - 0x00007ff926ce0000 	C:\WINDOWS\SYSTEM32\pdh.dll
0x00007ff949080000 - 0x00007ff949093000 	C:\WINDOWS\SYSTEM32\UMPDC.dll
0x00007ff948ca0000 - 0x00007ff948cb4000 	C:\WINDOWS\SYSTEM32\wtsapi32.dll
0x00007ff93ce60000 - 0x00007ff93ce8f000 	C:\Users\luke\AppData\Local\Programs\Python\Python39\lib\site-packages\numpy\random\bit_generator.cp39-win_amd64.pyd
0x00007ff937c90000 - 0x00007ff937cbf000 	C:\Users\luke\AppData\Local\Programs\Python\Python39\lib\site-packages\numpy\random\_common.cp39-win_amd64.pyd
0x00007ff936be0000 - 0x00007ff936c82000 	C:\Users\luke\AppData\Local\Programs\Python\Python39\lib\site-packages\numpy\random\mtrand.cp39-win_amd64.pyd
0x00007ff937770000 - 0x00007ff9377b2000 	C:\Users\luke\AppData\Local\Programs\Python\Python39\lib\site-packages\numpy\random\_bounded_integers.cp39-win_amd64.pyd
0x00007ff93df80000 - 0x00007ff93df9b000 	C:\Users\luke\AppData\Local\Programs\Python\Python39\lib\site-packages\numpy\random\_mt19937.cp39-win_amd64.pyd
0x00007ff93def0000 - 0x00007ff93df08000 	C:\Users\luke\AppData\Local\Programs\Python\Python39\lib\site-packages\numpy\random\_philox.cp39-win_amd64.pyd
0x00007ff937c70000 - 0x00007ff937c8c000 	C:\Users\luke\AppData\Local\Programs\Python\Python39\lib\site-packages\numpy\random\_pcg64.cp39-win_amd64.pyd
0x00007ff937c50000 - 0x00007ff937c64000 	C:\Users\luke\AppData\Local\Programs\Python\Python39\lib\site-packages\numpy\random\_sfc64.cp39-win_amd64.pyd
0x00007ff936b20000 - 0x00007ff936bdd000 	C:\Users\luke\AppData\Local\Programs\Python\Python39\lib\site-packages\numpy\random\_generator.cp39-win_amd64.pyd
0x00007ff93ebe0000 - 0x00007ff93ebeb000 	C:\Users\luke\AppData\Local\Programs\Python\Python39\lib\site-packages\pandas\_libs\pandas_parser.cp39-win_amd64.pyd
0x00007ff937ba0000 - 0x00007ff937bac000 	C:\Users\luke\AppData\Local\Programs\Python\Python39\lib\site-packages\pandas\_libs\pandas_datetime.cp39-win_amd64.pyd
0x00007ff91fe70000 - 0x00007ff91ff85000 	C:\Users\luke\AppData\Local\Programs\Python\Python39\lib\site-packages\pandas\_libs\interval.cp39-win_amd64.pyd
0x00007ff91f9f0000 - 0x00007ff91fbb8000 	C:\Users\luke\AppData\Local\Programs\Python\Python39\lib\site-packages\pandas\_libs\hashtable.cp39-win_amd64.pyd
0x00007ff92c390000 - 0x00007ff92c3c1000 	C:\Users\luke\AppData\Local\Programs\Python\Python39\lib\site-packages\pandas\_libs\missing.cp39-win_amd64.pyd
0x00007ff937b70000 - 0x00007ff937b9e000 	C:\Users\luke\AppData\Local\Programs\Python\Python39\lib\site-packages\pandas\_libs\tslibs\dtypes.cp39-win_amd64.pyd
0x00007ff937750000 - 0x00007ff937765000 	C:\Users\luke\AppData\Local\Programs\Python\Python39\lib\site-packages\pandas\_libs\tslibs\ccalendar.cp39-win_amd64.pyd
0x00007ff92be00000 - 0x00007ff92be21000 	C:\Users\luke\AppData\Local\Programs\Python\Python39\lib\site-packages\pandas\_libs\tslibs\np_datetime.cp39-win_amd64.pyd
0x00007ff922290000 - 0x00007ff9222cc000 	C:\Users\luke\AppData\Local\Programs\Python\Python39\lib\site-packages\pandas\_libs\tslibs\conversion.cp39-win_amd64.pyd
0x00007ff922270000 - 0x00007ff922281000 	C:\Users\luke\AppData\Local\Programs\Python\Python39\lib\site-packages\pandas\_libs\tslibs\base.cp39-win_amd64.pyd
0x00007ff91f850000 - 0x00007ff91f92e000 	C:\Users\luke\AppData\Local\Programs\Python\Python39\lib\site-packages\pandas\_libs\tslibs\offsets.cp39-win_amd64.pyd
0x00007ff918510000 - 0x00007ff918591000 	C:\Users\luke\AppData\Local\Programs\Python\Python39\lib\site-packages\pandas\_libs\tslibs\timestamps.cp39-win_amd64.pyd
0x00007ff921810000 - 0x00007ff921846000 	C:\Users\luke\AppData\Local\Programs\Python\Python39\lib\site-packages\pandas\_libs\tslibs\nattype.cp39-win_amd64.pyd
0x00007ff91a030000 - 0x00007ff91a0a8000 	C:\Users\luke\AppData\Local\Programs\Python\Python39\lib\site-packages\pandas\_libs\tslibs\timedeltas.cp39-win_amd64.pyd
0x00007ff91f9b0000 - 0x00007ff91f9ea000 	C:\Users\luke\AppData\Local\Programs\Python\Python39\lib\site-packages\pandas\_libs\tslibs\timezones.cp39-win_amd64.pyd
0x00007ff937740000 - 0x00007ff93774e000 	C:\Users\luke\AppData\Local\Programs\Python\Python39\DLLs\_zoneinfo.pyd
0x000001e3440e0000 - 0x000001e3440e3000 	C:\WINDOWS\SYSTEM32\tzres.dll
0x00007ff9174b0000 - 0x00007ff9174f6000 	C:\Users\luke\AppData\Local\Programs\Python\Python39\lib\site-packages\pandas\_libs\tslibs\fields.cp39-win_amd64.pyd
0x00007ff917470000 - 0x00007ff9174b0000 	C:\Users\luke\AppData\Local\Programs\Python\Python39\lib\site-packages\pandas\_libs\tslibs\tzconversion.cp39-win_amd64.pyd
0x00007ff9217f0000 - 0x00007ff921804000 	C:\Users\luke\AppData\Local\Programs\Python\Python39\lib\site-packages\pandas\_libs\properties.cp39-win_amd64.pyd
0x00007ff916fd0000 - 0x00007ff917023000 	C:\Users\luke\AppData\Local\Programs\Python\Python39\lib\site-packages\pandas\_libs\tslibs\parsing.cp39-win_amd64.pyd
0x00007ff916c90000 - 0x00007ff916cdf000 	C:\Users\luke\AppData\Local\Programs\Python\Python39\lib\site-packages\pandas\_libs\tslibs\strptime.cp39-win_amd64.pyd
0x00007ff916c20000 - 0x00007ff916c88000 	C:\Users\luke\AppData\Local\Programs\Python\Python39\lib\site-packages\pandas\_libs\tslibs\period.cp39-win_amd64.pyd
0x00007ff9153c0000 - 0x00007ff9153f3000 	C:\Users\luke\AppData\Local\Programs\Python\Python39\lib\site-packages\pandas\_libs\tslibs\vectorized.cp39-win_amd64.pyd
0x00007ff91f7c0000 - 0x00007ff91f7d1000 	C:\Users\luke\AppData\Local\Programs\Python\Python39\lib\site-packages\pandas\_libs\ops_dispatch.cp39-win_amd64.pyd
0x00007ff9146f0000 - 0x00007ff9148b2000 	C:\Users\luke\AppData\Local\Programs\Python\Python39\lib\site-packages\pandas\_libs\algos.cp39-win_amd64.pyd
0x00007ff915310000 - 0x00007ff9153b4000 	C:\Users\luke\AppData\Local\Programs\Python\Python39\lib\site-packages\pandas\_libs\lib.cp39-win_amd64.pyd
0x00007ff9145d0000 - 0x00007ff9146e4000 	C:\Users\luke\AppData\Local\Programs\Python\Python39\DLLs\unicodedata.pyd
0x00007ff9152d0000 - 0x00007ff915306000 	C:\Users\luke\AppData\Local\Programs\Python\Python39\lib\site-packages\pandas\_libs\ops.cp39-win_amd64.pyd

dbghelp: loaded successfully - version: 4.0.5 - missing functions: none
symbol engine: initialized successfully - sym options: 0x614 - pdb path: .;C:\Users\luke\AppData\Local\Programs\Python\Python39;C:\WINDOWS\SYSTEM32;C:\Users\luke\AppData\Local\Programs\Python\Python39\DLLs;C:\Users\luke\AppData\Local\Programs\Python\Python39\lib\site-packages\shiboken6;C:\Users\luke\AppData\Local\Programs\Python\Python39\lib\site-packages\PySide6;C:\Users\luke\AppData\Local\Programs\Python\Python39\lib\site-packages\numpy\_core;C:\Users\luke\AppData\Local\Programs\Python\Python39\lib\site-packages\numpy.libs;C:\Users\luke\AppData\Local\Programs\Python\Python39\lib\site-packages\numpy\linalg;C:\Users\luke\AppData\Local\Programs\Python\Python39\Lib\site-packages\cv2;C:\WINDOWS\WinSxS\amd64_microsoft.windows.common-controls_6595b64144ccf1df_6.0.22621.4541_none_2710d1c57384c085;C:\Users\luke\AppData\Local\Programs\Python\Python39\lib\site-packages;C:\Users\luke\AppData\Local\Programs\Python\Python39\lib\site-packages\psutil;C:\Users\luke\AppData\Local\Programs\Python\Python39\lib\site-packages\numpy\random;C:\Users\luke\AppData\Local\Programs\Python\Python39\lib\site-packages\pandas\_libs;C:\Users\luke\AppData\Local\Programs\Python\Python39\lib\site-packages\pandas\_libs\tslibs;C:\Users\luke\AppData\Local\Programs\Python\Python39\lib\site-packages\pandas\_libs\window;C:\Users\luke\AppData\Local\Programs\Python\Python39\lib\site-packages\pandas.libs;C:\Users\luke\AppData\Local\Programs\Python\Python39\lib\site-packages\PIL;C:\Users\luke\AppData\Local\Programs\Python\Python39\lib\site-packages\sklearn\__check_build;C:\Users\luke\AppData\Local\Programs\Python\Python39\lib\site-packages\sklearn\.libs;C:\Users\luke\AppData\Local\Programs\Python\Python39\lib\site-packages\scipy\_lib;C:\Users\luke\AppData\Local\Programs\Python\Python39\lib\site-packages\numpy\fft;C:\Users\luke\AppData\Local\Programs\Python\Python39\lib\site-packages\scipy\sparse;C:\Users\luke\AppData\Local\Programs\Python\Python39\lib\site-packages\scipy\linalg;C:\Users\luke\AppData\Local\Programs\Python\Python39\lib\site-packages\scipy.libs;C:\Users\luke\AppData\Local\Programs\Python\Python39\lib\site-packages\scipy\sparse\linalg\_dsolve;C:\Users\luke\AppData\Local\Programs\Python\Python39\lib\site-packages\scipy\sparse\linalg\_eigen\arpack;C:\Users\luke\AppData\Local\Programs\Python\Python39\lib\site-packages\scipy\sparse\linalg\_propack;C:\Users\luke\AppData\Local\Programs\Python\Python39\lib\site-packages\scipy\sparse\csgraph;C:\Users\luke\AppData\Local\Programs\Python\Python39\lib\site-packages\scipy\special;C:\Users\luke\AppData\Local\Programs\Python\Python39\lib\site-packages\scipy\spatial;C:\Users\luke\AppData\Local\Programs\Python\Python39\lib\site-packages\scipy\spatial\transform;C:\Users\luke\AppData\Local\Programs\Python\Python39\lib\site-packages\scipy\ndimage;C:\Users\luke\AppData\Local\Programs\Python\Python39\lib\site-packages\scipy\optimize;C:\Users\luke\AppData\Local\Programs\Python\Python39\lib\site-packages\scipy\optimize\_trlib;C:\Users\luke\AppData\Local\Programs\Python\Python39\lib\site-packages\scipy\optimize\_lsq;C:\Users\luke\AppData\Local\Programs\Python\Python39\lib\site-packages\scipy\optimize\_highs;C:\Users\luke\AppData\Local\Programs\Python\Python39\lib\site-packages\scipy\integrate;C:\Users\luke\AppData\Local\Programs\Python\Python39\lib\site-packages\scipy\stats;C:\Users\luke\AppData\Local\Programs\Python\Python39\lib\site-packages\scipy\stats\_boost;C:\Users\luke\AppData\Local\Programs\Python\Python39\lib\site-packages\scipy\interpolate;C:\Users\luke\AppData\Local\Programs\Python\Python39\lib\site-packages\scipy\stats\_levy_stable;C:\Users\luke\AppData\Local\Programs\Python\Python39\lib\site-packages\scipy\_lib\_uarray;C:\Users\luke\AppData\Local\Programs\Python\Python39\lib\site-packages\scipy\fft\_pocketfft;C:\Users\luke\AppData\Local\Programs\Python\Python39\lib\site-packages\scipy\stats\_rcont;C:\Users\luke\AppData\Local\Programs\Python\Python39\lib\site-packages\scipy\stats\_unuran;C:\Users\luke\AppData\Local\Programs\Python\Python39\lib\site-packages\sklearn\utils;C:\Users\luke\AppData\Local\Programs\Python\Python39\lib\site-packages\sklearn\metrics\cluster;C:\Users\luke\AppData\Local\Programs\Python\Python39\lib\site-packages\sklearn\preprocessing;C:\Users\luke\AppData\Local\Programs\Python\Python39\lib\site-packages\sklearn\metrics;C:\Users\luke\AppData\Local\Programs\Python\Python39\lib\site-packages\sklearn\metrics\_pairwise_distances_reduction;C:\Users\luke\AppData\Local\Programs\Python\Python39\lib\site-packages\sklearn\cluster;C:\Users\luke\AppData\Local\Programs\Python\Python39\lib\site-packages\sklearn\neighbors;C:\Users\luke\AppData\Local\Programs\Python\Python39\lib\site-packages\sklearn\linear_model;C:\Users\luke\AppData\Local\Programs\Python\Python39\lib\site-packages\sklearn\_loss;C:\Users\luke\AppData\Local\Programs\Python\Python39\lib\site-packages\sklearn\svm;C:\Users\luke\AppData\Local\Programs\Python\Python39\lib\site-packages\sklearn\decomposition;C:\Users\luke\AppData\Local\Programs\Python\Python39\lib\site-packages\sklearn\cluster\_hdbscan;C:\Users\luke\AppData\Local\Programs\Python\Python39\lib\site-packages\sklearn;C:\Users\luke\AppData\Local\Programs\Python\Python39\lib\site-packages\sklearn\manifold;C:\Users\luke\AppData\Local\Programs\Python\Python39\lib\site-packages\sklearn\tree;C:\Users\luke\AppData\Local\Programs\Python\Python39\lib\site-packages\skimage\_shared;C:\Users\luke\AppData\Local\Programs\Python\Python39\lib\site-packages\skimage\segmentation;C:\Users\luke\AppData\Local\Programs\Python\Python39\lib\site-packages\skimage\measure;C:\Users\luke\AppData\Local\Programs\Python\Python39\lib\site-packages\scipy\cluster;C:\Users\luke\AppData\Local\Programs\Python\Python39\lib\site-packages\skimage\morphology;C:\Users\luke\AppData\Local\Programs\Python\Python39\lib\site-packages\PySide6\plugins\platforms;C:\Users\luke\AppData\Local\Programs\Python\Python39\lib\site-packages\PySide6\plugins\styles;C:\Users\luke\AppData\Local\Programs\Python\Python39\lib\site-packages\PySide6\plugins\imageformats;G:\Java\jdk-11.0.25+9\bin\client;G:\Java\jdk-11.0.25+9\bin;C:\WINDOWS\System32\DriverStore\FileRepository\nv_dispi.inf_amd64_9425e4c3b1ac1c47;C:\Program Files\Common Files\microsoft shared\ink;C:\Program Files\Microsoft OneDrive\25.004.0109.0002;C:\Windows\Microsoft.NET\Framework64\v4.0.30319;C:\WINDOWS\assembly\NativeImages_v4.0.30319_64\mscorlib\02615d09f5932f870508f7020261bb0e;C:\WINDOWS\assembly\NativeImages_v4.0.30319_64\System\d9ce2c8518cf7a038ff98e2c059e598e;C:\WINDOWS\assembly\NativeImages_v4.0.30319_64\System.Drawing\e639ed2413c976b28158c57ff1454263;C:\WINDOWS\System32\DriverStore\FileRepository\iastorpinningcomponent.inf_amd64_357b728ba88fb99a;C:\WINDOWS\assembly\NativeImages_v4.0.30319_64\System.Core\a27d521a9307d2c8abd3ae518fd431ba;C:\WINDOWS\WinSxS\amd64_microsoft.windows.gdiplus_6595b64144ccf1df_1.1.22621.4746_none_57fb527ace17bb1a

VM Arguments:
jvm_args: -Xmx1g --add-opens=java.base/java.lang=ALL-UNNAMED --add-opens=java.base/java.util=ALL-UNNAMED --add-opens=java.desktop/sun.awt.X11=ALL-UNNAMED 
java_command: <unknown>
java_class_path (initial): C:\Users\luke\.jgo\sc.fiji\fiji\RELEASE\23ea5dcb02ab11d995fbbaf559e6f6e4c1c1a6685cbe007410c264a38459c2c1\3D_Blob_Segmentation-4.0.0.jar;C:\Users\luke\.jgo\sc.fiji\fiji\RELEASE\23ea5dcb02ab11d995fbbaf559e6f6e4c1c1a6685cbe007410c264a38459c2c1\3D_Objects_Counter-2.0.1.jar;C:\Users\luke\.jgo\sc.fiji\fiji\RELEASE\23ea5dcb02ab11d995fbbaf559e6f6e4c1c1a6685cbe007410c264a38459c2c1\3D_Viewer-5.0.0.jar;C:\Users\luke\.jgo\sc.fiji\fiji\RELEASE\23ea5dcb02ab11d995fbbaf559e6f6e4c1c1a6685cbe007410c264a38459c2c1\adapter-rxjava2-2.9.0.jar;C:\Users\luke\.jgo\sc.fiji\fiji\RELEASE\23ea5dcb02ab11d995fbbaf559e6f6e4c1c1a6685cbe007410c264a38459c2c1\ahocorasick-0.2.4.jar;C:\Users\luke\.jgo\sc.fiji\fiji\RELEASE\23ea5dcb02ab11d995fbbaf559e6f6e4c1c1a6685cbe007410c264a38459c2c1\aircompressor-0.21.jar;C:\Users\luke\.jgo\sc.fiji\fiji\RELEASE\23ea5dcb02ab11d995fbbaf559e6f6e4c1c1a6685cbe007410c264a38459c2c1\alphanumeric-comparator-1.4.1.jar;C:\Users\luke\.jgo\sc.fiji\fiji\RELEASE\23ea5dcb02ab11d995fbbaf559e6f6e4c1c1a6685cbe007410c264a38459c2c1\AnalyzeSkeleton_-3.4.2.jar;C:\Users\luke\.jgo\sc.fiji\fiji\RELEASE\23ea5dcb02ab11d995fbbaf559e6f6e4c1c1a6685cbe007410c264a38459c2c1\animal-sniffer-annotations-1.23.jar;C:\Users\luke\.jgo\sc.fiji\fiji\RELEASE\23ea5dcb02ab11d995fbbaf559e6f6e4c1c1a6685cbe007410c264a38459c2c1\Anisotropic_Diffusion_2D-2.0.1.jar;C:\Users\luke\.jgo\sc.fiji\fiji\RELEASE\23ea5dcb02ab11d995fbbaf559e6f6e4c1c1a6685cbe007410c264a38459c2c1\annotations-13.0.jar;C:\Users\luke\.jgo\sc.fiji\fiji\RELEASE\23ea5dcb02ab11d995fbbaf559e6f6e4c1c1a6685cbe007410c264a38459c2c1\annotations-4.1.1.4.jar;C:\Users\luke\.jgo\sc.fiji\fiji\RELEASE\23ea5dcb02ab11d995fbbaf559e6f6e4c1c1a6685cbe007410c264a38459c2c1\ant-1.10.15.jar;C:\Users\luke\.jgo\sc.fiji\fiji\RELEASE\23ea5dcb02ab11d995fbbaf559e6f6e4c1c1a6685cbe007410c264a38459c2c1\ant-launcher-1.10.15.jar;C:\Users\luke\.jgo\sc.fiji\fiji\RELEASE\23ea5dcb02ab11d995fbbaf559e6f6e4c1c1a6685cbe007410c264a38459c2c1\antlr-2.7.7.jar;C:\Users\lu
Launcher Type: generic

[Global flags]
   size_t InitialHeapSize                          = 16777216                                  {product} {ergonomic}
   size_t MaxHeapSize                              = 1073741824                                {product} {command line}
   size_t MaxNewSize                               = 357892096                                 {product} {ergonomic}
   size_t MinHeapDeltaBytes                        = 196608                                    {product} {ergonomic}
   size_t NewSize                                  = 5570560                                   {product} {ergonomic}
    uintx NonProfiledCodeHeapSize                  = 0                                      {pd product} {ergonomic}
   size_t OldSize                                  = 11206656                                  {product} {ergonomic}
    uintx ProfiledCodeHeapSize                     = 0                                      {pd product} {ergonomic}
     bool UseLargePagesIndividualAllocation        = false                                  {pd product} {ergonomic}
     bool UseSerialGC                              = true                                      {product} {ergonomic}

Logging:
Log output configuration:
 #0: stdout all=warning uptime,level,tags
 #1: stderr all=off uptime,level,tags

Environment Variables:
JAVA_HOME=G:\Java\jdk-11.0.25+9
PATH=C:\Users\luke\AppData\Local\Programs\Python\Python39\Lib\site-packages\cv2\../../x64/vc14/bin;C:\Users\luke\AppData\Local\Programs\Python\Python39\Lib\site-packages\PySide6;C:\Program Files (x86)\Microsoft Visual Studio\2022\BuildTools\VC\Tools\MSVC\14.42.34433\bin\HostX64\x64;C:\Program Files (x86)\Microsoft Visual Studio\2022\BuildTools\Common7\IDE\VC\VCPackages;C:\Program Files (x86)\Microsoft Visual Studio\2022\BuildTools\Common7\IDE\CommonExtensions\Microsoft\TestWindow;C:\Program Files (x86)\Microsoft Visual Studio\2022\BuildTools\MSBuild\Current\bin\Roslyn;C:\Program Files (x86)\Microsoft Visual Studio\2022\BuildTools\Common7\IDE\Extensions\Microsoft\CodeCoverage.Console;C:\Program Files (x86)\Windows Kits\10\bin\10.0.22621.0\\x64;C:\Program Files (x86)\Windows Kits\10\bin\\x64;C:\Program Files (x86)\Microsoft Visual Studio\2022\BuildTools\\MSBuild\Current\Bin\amd64;C:\Windows\Microsoft.NET\Framework64\v4.0.30319;C:\Program Files (x86)\Microsoft Visual Studio\2022\BuildTools\Common7\IDE\;C:\Program Files (x86)\Microsoft Visual Studio\2022\BuildTools\Common7\Tools\;C:\Program Files (x86)\VMware\VMware Workstation\bin\;C:\WINDOWS\system32;C:\WINDOWS;C:\WINDOWS\System32\Wbem;C:\WINDOWS\System32\WindowsPowerShell\v1.0\;C:\WINDOWS\System32\OpenSSH\;C:\Program Files (x86)\NVIDIA Corporation\PhysX\Common;C:\Program Files\NVIDIA Corporation\NVIDIA NvDLISR;C:\Program Files\PuTTY\;C:\Program Files\Git\cmd;C:\Users\luke\AppData\Local\Programs\Python\Python39;C:\Users\luke\AppData\Local\Programs\Python\Python39\Scripts;C:\Program Files\dotnet\;C:\Program Files\swipl;G:\apache-maven-3.9.9\bin;G:\Java\jdk-11.0.25+9\bin;C:\Users\luke\AppData\Local\Programs\Python\Python39\Scripts\;C:\Users\luke\AppData\Local\Programs\Python\Python39\;C:\Users\luke\AppData\Local\Programs\Python\Python313\Scripts\;C:\Users\luke\AppData\Local\Programs\Python\Python313\;C:\Users\luke\AppData\Local\Programs\Python\Launcher\;C:\Users\luke\AppData\Local\Microsoft\WindowsApps;C:\Program Files (x8
USERNAME=luke
OS=Windows_NT
PROCESSOR_IDENTIFIER=Intel64 Family 6 Model 158 Stepping 13, GenuineIntel
TMP=C:\Users\luke\AppData\Local\Temp
TEMP=C:\Users\luke\AppData\Local\Temp



---------------  S Y S T E M  ---------------

OS: Windows 11 , 64 bit Build 22621 (10.0.22621.4391)
OS uptime: 6 days 0:04 hours

CPU:total 8 (initial active 8) (8 cores per cpu, 1 threads per core) family 6 model 158 stepping 13 microcode 0xfa, cmov, cx8, fxsr, mmx, sse, sse2, sse3, ssse3, sse4.1, sse4.2, popcnt, avx, avx2, aes, clmul, erms, 3dnowpref, lzcnt, tsc, tscinvbit, bmi1, bmi2, adx, fma

Memory: 4k page, system-wide physical 32591M (19083M free)
TotalPageFile size 40271M (AvailPageFile size 23522M)
current process WorkingSet (physical memory assigned to process): 1017M, peak: 1091M
current process commit charge ("private bytes"): 1765M, peak: 1883M

vm_info: OpenJDK 64-Bit Client VM (11.0.25+9) for windows-amd64 JRE (11.0.25+9), built on Oct 15 2024 22:41:24 by "" with MS VC++ 17.7 (VS2022)

END.
