#
# A fatal error has been detected by the Java Runtime Environment:
#
#  EXCEPTION_ACCESS_VIOLATION (0xc0000005) at pc=0x00007ffcb0cb648f, pid=29820, tid=0x0000000000003fb8
#
# JRE version: Java(TM) SE Runtime Environment (8.0_401) (build 1.8.0_401-b10)
# Java VM: Java HotSpot(TM) 64-Bit Server VM (25.401-b10 mixed mode windows-amd64 compressed oops)
# Problematic frame:
# C  [python313.dll+0x1c648f]
#
# Failed to write core dump. Minidumps are not enabled by default on client versions of Windows
#
# If you would like to submit a bug report, please visit:
#   http://bugreport.java.com/bugreport/crash.jsp
# The crash happened outside the Java Virtual Machine in native code.
# See problematic frame for where to report the bug.
#

---------------  T H R E A D  ---------------

Current thread (0x0000029693ed2000):  JavaThread "main" [_thread_in_native, id=16312, stack(0x0000009c1c800000,0x0000009c1cae0000)]

siginfo: ExceptionCode=0xc0000005, reading address 0x0000000000000018

Registers:
RAX=0x0000000000000000, RBX=0x0000000000000020, RCX=0x0000009c1cadce90, RDX=0x0000000000000020
RSP=0x0000009c1cadce40, RBP=0x0000000000000000, RSI=0x0000000000000020, RDI=0x0000009c1cadce90
R8 =0x000000000000561c, R9 =0x0000000000000007, R10=0x00000296e9d1b580, R11=0x0000009c1cadcf00
R12=0x0000009c1cadd5a0, R13=0x00000296ba2dc870, R14=0x0000000000000000, R15=0x0000009c1cadd5e0
RIP=0x00007ffcb0cb648f, EFLAGS=0x0000000000010202

Top of Stack: (sp=0x0000009c1cadce40)
0x0000009c1cadce40:   0000029693ed2200 00000296b9f53388
0x0000009c1cadce50:   0000009c1cadd040 00007ffc2f3bfd51
0x0000009c1cadce60:   0000000000000000 00007ffcec9eaa67
0x0000009c1cadce70:   00000296ba541650 0000000000000000
0x0000009c1cadce80:   0000000000000020 00000296fb5da840
0x0000009c1cadce90:   0000029693ed2000 0000000000000000
0x0000009c1cadcea0:   000027980000000b 0000000000000000
0x0000009c1cadceb0:   0000000000000020 0000000000000000
0x0000009c1cadcec0:   0000000000000000 00007ffc2f3bb8ba
0x0000009c1cadced0:   0000000000000000 0000000000000000
0x0000009c1cadcee0:   0000000000000000 00007ffcec9d252f
0x0000009c1cadcef0:   0000029693ed2000 0000000000000000
0x0000009c1cadcf00:   0000009c1cadd5e0 0000029693ed2000
0x0000009c1cadcf10:   00000296ba3376a8 00007ffcec9d1944
0x0000009c1cadcf20:   00000296ba2dc870 0000000000000002
0x0000009c1cadcf30:   00000296ba3376a8 00007ffc0000561c 

Instructions: (pc=0x00007ffcb0cb648f)
0x00007ffcb0cb646f:   24 20 e8 4a 11 e8 ff 90 e9 f4 9e e7 ff e8 d7 ec
0x00007ffcb0cb647f:   ff ff 90 e9 dd a3 e7 ff cc 48 8b 81 70 03 00 00
0x00007ffcb0cb648f:   48 8b 48 18 48 03 48 10 48 8d 41 07 48 83 e0 f8
0x00007ffcb0cb649f:   48 03 c2 48 8d 51 01 48 8d 14 d0 e9 66 b3 e7 ff 


Register to memory mapping:

RAX=0x0000000000000000 is an unknown value
RBX=0x0000000000000020 is an unknown value
RCX=0x0000009c1cadce90 is pointing into the stack for thread: 0x0000029693ed2000
RDX=0x0000000000000020 is an unknown value
RSP=0x0000009c1cadce40 is pointing into the stack for thread: 0x0000029693ed2000
RBP=0x0000000000000000 is an unknown value
RSI=0x0000000000000020 is an unknown value
RDI=0x0000009c1cadce90 is pointing into the stack for thread: 0x0000029693ed2000
R8 =0x000000000000561c is an unknown value
R9 =0x0000000000000007 is an unknown value
R10=0x00000296e9d1b580 is an unknown value
R11=0x0000009c1cadcf00 is pointing into the stack for thread: 0x0000029693ed2000
R12=0x0000009c1cadd5a0 is pointing into the stack for thread: 0x0000029693ed2000
R13=0x00000296ba2dc870 is an unknown value
R14=0x0000000000000000 is an unknown value
R15=0x0000009c1cadd5e0 is pointing into the stack for thread: 0x0000029693ed2000


Stack: [0x0000009c1c800000,0x0000009c1cae0000],  sp=0x0000009c1cadce40,  free space=2931k
Native frames: (J=compiled Java code, j=interpreted, Vv=VM code, C=native code)

Java frames: (J=compiled Java code, j=interpreted, Vv=VM code)
j  org.jpype.manager.TypeFactoryNative.newWrapper(JJ)V+0
j  org.jpype.JPypeContext.newWrapper(J)V+16
v  ~StubRoutines::call_stub
j  org.jpype.manager.TypeFactoryNative.newWrapper(JJ)V+0
j  org.jpype.JPypeContext.newWrapper(J)V+16
v  ~StubRoutines::call_stub

---------------  P R O C E S S  ---------------

Java Threads: ( => current thread )
  0x00000296fc2cf800 JavaThread "Python Reference Queue" daemon [_thread_blocked, id=23756, stack(0x0000009c23b00000,0x0000009c23de0000)]
  0x0000029694347000 JavaThread "Service Thread" daemon [_thread_blocked, id=29792, stack(0x0000009c23540000,0x0000009c23820000)]
  0x00000296fc2ce000 JavaThread "C1 CompilerThread3" daemon [_thread_blocked, id=24480, stack(0x0000009c23260000,0x0000009c23540000)]
  0x0000029694291000 JavaThread "C2 CompilerThread2" daemon [_thread_blocked, id=20944, stack(0x0000009c22f80000,0x0000009c23260000)]
  0x0000029694282800 JavaThread "C2 CompilerThread1" daemon [_thread_blocked, id=24796, stack(0x0000009c22ca0000,0x0000009c22f80000)]
  0x0000029694275800 JavaThread "C2 CompilerThread0" daemon [_thread_blocked, id=6716, stack(0x0000009c229c0000,0x0000009c22ca0000)]
  0x0000029694269800 JavaThread "Attach Listener" daemon [_thread_blocked, id=21544, stack(0x0000009c226e0000,0x0000009c229c0000)]
  0x00000296fa69d800 JavaThread "Signal Dispatcher" daemon [_thread_blocked, id=15340, stack(0x0000009c22400000,0x0000009c226e0000)]
  0x000002969424d800 JavaThread "Finalizer" daemon [_thread_blocked, id=1940, stack(0x0000009c22120000,0x0000009c22400000)]
  0x000002969422c000 JavaThread "Reference Handler" daemon [_thread_blocked, id=14628, stack(0x0000009c21e40000,0x0000009c22120000)]
=>0x0000029693ed2000 JavaThread "main" [_thread_in_native, id=16312, stack(0x0000009c1c800000,0x0000009c1cae0000)]

Other Threads:
  0x0000029694220800 VMThread [stack: 0x0000009c21b60000,0x0000009c21e40000] [id=11868]
  0x0000029694404000 WatcherThread [stack: 0x0000009c23820000,0x0000009c23b00000] [id=19488]

VM state:not at safepoint (normal execution)

VM Mutex/Monitor currently owned by a thread: None

heap address: 0x00000005c2c00000, size: 8148 MB, Compressed Oops mode: Zero based, Oop shift amount: 3
Narrow klass base: 0x0000000000000000, Narrow klass shift: 3
Compressed class space size: 1073741824 Address: 0x00000007c0000000

Heap:
 PSYoungGen      total 152576K, used 26621K [0x0000000716400000, 0x0000000720e00000, 0x00000007c0000000)
  eden space 131072K, 20% used [0x0000000716400000,0x0000000717dff540,0x000000071e400000)
  from space 21504K, 0% used [0x000000071f900000,0x000000071f900000,0x0000000720e00000)
  to   space 21504K, 0% used [0x000000071e400000,0x000000071e400000,0x000000071f900000)
 ParOldGen       total 348160K, used 0K [0x00000005c2c00000, 0x00000005d8000000, 0x0000000716400000)
  object space 348160K, 0% used [0x00000005c2c00000,0x00000005c2c00000,0x00000005d8000000)
 Metaspace       used 5338K, capacity 5548K, committed 5632K, reserved 1056768K
  class space    used 607K, capacity 702K, committed 768K, reserved 1048576K

Card table byte_map: [0x00000296a48a0000,0x00000296a5890000] byte_map_base: 0x00000296a1a8a000

Marking Bits: (ParMarkBitMap*) 0x00007ffc2fa95fc0
 Begin Bits: [0x00000296a6330000, 0x00000296ae280000)
 End Bits:   [0x00000296ae280000, 0x00000296b61d0000)

Polling page: 0x00000296954b0000

CodeCache: size=245760Kb used=2970Kb max_used=2990Kb free=242789Kb
 bounds [0x00000296954e0000, 0x00000296957e0000, 0x00000296a44e0000]
 total_blobs=1043 nmethods=737 adapters=219
 compilation: enabled

Compilation events (10 events):
Event: 0.803 Thread 0x00000296fc2ce000  731       3       java.util.ArrayList::rangeCheckForAdd (26 bytes)
Event: 0.803 Thread 0x0000029694275800 nmethod 734 0x00000296957c0590 code [0x00000296957c06e0, 0x00000296957c07f8]
Event: 0.803 Thread 0x00000296fc2ce000 nmethod 731 0x00000296957bf010 code [0x00000296957bf220, 0x00000296957bfd20]
Event: 0.803 Thread 0x00000296fc2ce000  730       1       java.lang.AbstractStringBuilder::length (5 bytes)
Event: 0.803 Thread 0x00000296fc2ce000 nmethod 730 0x00000296957bed50 code [0x00000296957beea0, 0x00000296957befb8]
Event: 0.803 Thread 0x00000296fc2ce000  732       1       java.lang.reflect.Modifier::methodModifiers (4 bytes)
Event: 0.803 Thread 0x00000296fc2ce000 nmethod 732 0x00000296957bea90 code [0x00000296957bebe0, 0x00000296957becd8]
Event: 0.803 Thread 0x00000296fc2ce000  733       1       java.util.TreeMap::access$100 (5 bytes)
Event: 0.803 Thread 0x00000296fc2ce000 nmethod 733 0x00000296957be7d0 code [0x00000296957be920, 0x00000296957bea18]
Event: 0.803 Thread 0x00000296fc2ce000  728       3       java.lang.Class::getMethod (64 bytes)

GC Heap History (0 events):
No events

Deoptimization events (6 events):
Event: 0.420 Thread 0x0000029693ed2000 Uncommon trap: reason=unstable_if action=reinterpret pc=0x00000296956c0498 method=java.net.URL.<init>(Ljava/net/URL;Ljava/lang/String;Ljava/net/URLStreamHandler;)V @ 170
Event: 0.443 Thread 0x0000029693ed2000 Uncommon trap: reason=unstable_if action=reinterpret pc=0x0000029695672a8c method=java.lang.String.replace(CC)Ljava/lang/String; @ 59
Event: 0.444 Thread 0x0000029693ed2000 Uncommon trap: reason=unstable_if action=reinterpret pc=0x000002969566d9b8 method=java.util.StringTokenizer.scanToken(I)I @ 42
Event: 0.445 Thread 0x0000029693ed2000 Uncommon trap: reason=unstable_if action=reinterpret pc=0x00000296955f1d60 method=java.lang.String.hashCode()I @ 14
Event: 0.446 Thread 0x0000029693ed2000 Uncommon trap: reason=loop_limit_check action=maybe_recompile pc=0x000002969560bbfc method=java.lang.String.indexOf([CII[CIII)I @ 79
Event: 0.486 Thread 0x0000029693ed2000 Uncommon trap: reason=loop_limit_check action=maybe_recompile pc=0x00000296956054d8 method=java.lang.String.equals(Ljava/lang/Object;)Z @ 56

Classes redefined (0 events):
No events

Internal exceptions (10 events):
Event: 0.442 Thread 0x0000029693ed2000 Exception <a 'java/security/PrivilegedActionException'> (0x000000071754c898) thrown at [C:\jenkins\workspace\8-2-build-windows-x64-cygwin-sans-NAS\jdk8u401\683\hotspot\src\share\vm\prims\jvm.cpp, line 1513]
Event: 0.443 Thread 0x0000029693ed2000 Exception <a 'java/security/PrivilegedActionException'> (0x0000000717582560) thrown at [C:\jenkins\workspace\8-2-build-windows-x64-cygwin-sans-NAS\jdk8u401\683\hotspot\src\share\vm\prims\jvm.cpp, line 1513]
Event: 0.443 Thread 0x0000029693ed2000 Exception <a 'java/security/PrivilegedActionException'> (0x0000000717582770) thrown at [C:\jenkins\workspace\8-2-build-windows-x64-cygwin-sans-NAS\jdk8u401\683\hotspot\src\share\vm\prims\jvm.cpp, line 1513]
Event: 0.443 Thread 0x0000029693ed2000 Exception <a 'java/security/PrivilegedActionException'> (0x0000000717584030) thrown at [C:\jenkins\workspace\8-2-build-windows-x64-cygwin-sans-NAS\jdk8u401\683\hotspot\src\share\vm\prims\jvm.cpp, line 1513]
Event: 0.443 Thread 0x0000029693ed2000 Exception <a 'java/security/PrivilegedActionException'> (0x0000000717584240) thrown at [C:\jenkins\workspace\8-2-build-windows-x64-cygwin-sans-NAS\jdk8u401\683\hotspot\src\share\vm\prims\jvm.cpp, line 1513]
Event: 0.443 Thread 0x0000029693ed2000 Exception <a 'java/security/PrivilegedActionException'> (0x0000000717587a20) thrown at [C:\jenkins\workspace\8-2-build-windows-x64-cygwin-sans-NAS\jdk8u401\683\hotspot\src\share\vm\prims\jvm.cpp, line 1513]
Event: 0.443 Thread 0x0000029693ed2000 Exception <a 'java/security/PrivilegedActionException'> (0x0000000717587c30) thrown at [C:\jenkins\workspace\8-2-build-windows-x64-cygwin-sans-NAS\jdk8u401\683\hotspot\src\share\vm\prims\jvm.cpp, line 1513]
Event: 0.443 Thread 0x0000029693ed2000 Exception <a 'java/lang/NoClassDefFoundError': org/jpype/classloader/DynamicClassLoader> (0x000000071758d200) thrown at [C:\jenkins\workspace\8-2-build-windows-x64-cygwin-sans-NAS\jdk8u401\683\hotspot\src\share\vm\classfile\systemDictionary.cpp, line 202]
Event: 0.478 Thread 0x0000029693ed2000 Exception <a 'java/lang/NoSuchFieldError': method resolution failed> (0x0000000717782d80) thrown at [C:\jenkins\workspace\8-2-build-windows-x64-cygwin-sans-NAS\jdk8u401\683\hotspot\src\share\vm\prims\methodHandles.cpp, line 1188]
Event: 0.479 Thread 0x0000029693ed2000 Exception <a 'java/lang/NoSuchFieldError': method resolution failed> (0x0000000717790508) thrown at [C:\jenkins\workspace\8-2-build-windows-x64-cygwin-sans-NAS\jdk8u401\683\hotspot\src\share\vm\prims\methodHandles.cpp, line 1188]

Events (10 events):
Event: 0.797 loading class java/io/ObjectOutput done
Event: 0.797 loading class java/io/ObjectOutputStream done
Event: 0.800 loading class java/util/function/ToDoubleFunction
Event: 0.800 loading class java/util/function/ToDoubleFunction done
Event: 0.800 loading class java/util/function/ToIntFunction
Event: 0.800 loading class java/util/function/ToIntFunction done
Event: 0.800 loading class java/util/function/ToLongFunction
Event: 0.800 loading class java/util/function/ToLongFunction done
Event: 0.803 loading class org/jpype/JPypeSignal
Event: 0.803 loading class org/jpype/JPypeSignal done


Dynamic libraries:
0x00007ff6d4110000 - 0x00007ff6d412a000 	C:\Users\luke\AppData\Local\Programs\Python\Python313\python.exe
0x00007ffcfa4b0000 - 0x00007ffcfa6c7000 	C:\WINDOWS\SYSTEM32\ntdll.dll
0x00007ffcf8f30000 - 0x00007ffcf8ff4000 	C:\WINDOWS\System32\KERNEL32.DLL
0x00007ffcf79d0000 - 0x00007ffcf7d8a000 	C:\WINDOWS\System32\KERNELBASE.dll
0x00007ffcf7e30000 - 0x00007ffcf7f41000 	C:\WINDOWS\System32\ucrtbase.dll
0x00007ffcef240000 - 0x00007ffcef25e000 	C:\Users\luke\AppData\Local\Programs\Python\Python313\VCRUNTIME140.dll
0x00007ffcb0af0000 - 0x00007ffcb113c000 	C:\Users\luke\AppData\Local\Programs\Python\Python313\python313.dll
0x00007ffcf8ea0000 - 0x00007ffcf8f11000 	C:\WINDOWS\System32\WS2_32.dll
0x00007ffcf9dd0000 - 0x00007ffcf9ee4000 	C:\WINDOWS\System32\RPCRT4.dll
0x00007ffcf7f50000 - 0x00007ffcf7f78000 	C:\WINDOWS\System32\bcrypt.dll
0x00007ffcf3880000 - 0x00007ffcf388a000 	C:\WINDOWS\SYSTEM32\VERSION.dll
0x00007ffcf9100000 - 0x00007ffcf91b2000 	C:\WINDOWS\System32\ADVAPI32.dll
0x00007ffcf8540000 - 0x00007ffcf85e7000 	C:\WINDOWS\System32\msvcrt.dll
0x00007ffcf92d0000 - 0x00007ffcf9377000 	C:\WINDOWS\System32\sechost.dll
0x00007ffcf78a0000 - 0x00007ffcf791b000 	C:\WINDOWS\System32\bcryptprimitives.dll
0x00000296e9480000 - 0x00000296e9490000 	C:\Users\luke\AppData\Local\Programs\Python\Python313\python3.DLL
0x00007ffced200000 - 0x00007ffced215000 	C:\Users\luke\AppData\Local\Programs\Python\Python313\DLLs\_bz2.pyd
0x00007ffced1d0000 - 0x00007ffced1f7000 	C:\Users\luke\AppData\Local\Programs\Python\Python313\DLLs\_lzma.pyd
0x00007ffcf4c60000 - 0x00007ffcf4c69000 	C:\Users\luke\AppData\Roaming\Python\Python313\site-packages\shiboken6\Shiboken.pyd
0x00007ffced170000 - 0x00007ffced1cd000 	C:\Users\luke\AppData\Roaming\Python\Python313\site-packages\shiboken6\shiboken6.abi3.dll
0x00007ffcefd70000 - 0x00007ffcefd7c000 	C:\Users\luke\AppData\Roaming\Python\Python313\site-packages\shiboken6\VCRUNTIME140_1.dll
0x00007ffced0e0000 - 0x00007ffced16d000 	C:\Users\luke\AppData\Roaming\Python\Python313\site-packages\shiboken6\MSVCP140.dll
0x00007ffc4f400000 - 0x00007ffc4fa03000 	C:\Users\luke\AppData\Roaming\Python\Python313\site-packages\PySide6\QtWidgets.pyd
0x00007ffcecdb0000 - 0x00007ffcecdeb000 	C:\Users\luke\AppData\Roaming\Python\Python313\site-packages\PySide6\pyside6.abi3.dll
0x00007ffc3c620000 - 0x00007ffc3cf00000 	C:\Users\luke\AppData\Roaming\Python\Python313\site-packages\PySide6\Qt6Gui.dll
0x00007ffcf9ef0000 - 0x00007ffcf9f19000 	C:\WINDOWS\System32\GDI32.dll
0x00007ffcf7920000 - 0x00007ffcf7946000 	C:\WINDOWS\System32\win32u.dll
0x00007ffcf7780000 - 0x00007ffcf789b000 	C:\WINDOWS\System32\gdi32full.dll
0x00007ffcf7d90000 - 0x00007ffcf7e2a000 	C:\WINDOWS\System32\msvcp_win.dll
0x00007ffcf9f30000 - 0x00007ffcfa0de000 	C:\WINDOWS\System32\USER32.dll
0x00007ffcf9c20000 - 0x00007ffcf9dc5000 	C:\WINDOWS\System32\ole32.dll
0x00007ffcf81b0000 - 0x00007ffcf853f000 	C:\WINDOWS\System32\combase.dll
0x00007ffcf9380000 - 0x00007ffcf9bf8000 	C:\WINDOWS\System32\SHELL32.dll
0x00007ffc4e070000 - 0x00007ffc4e6a6000 	C:\Users\luke\AppData\Roaming\Python\Python313\site-packages\PySide6\Qt6Widgets.dll
0x00007ffc3ee80000 - 0x00007ffc3f457000 	C:\Users\luke\AppData\Roaming\Python\Python313\site-packages\PySide6\Qt6Core.dll
0x00007ffcf21b0000 - 0x00007ffcf2407000 	C:\WINDOWS\SYSTEM32\d3d11.dll
0x00007ffcf4920000 - 0x00007ffcf4a17000 	C:\WINDOWS\SYSTEM32\dxgi.dll
0x00007ffcfa2a0000 - 0x00007ffcfa377000 	C:\WINDOWS\System32\OLEAUT32.dll
0x00007ffcd9390000 - 0x00007ffcd93b6000 	C:\WINDOWS\SYSTEM32\d3d12.dll
0x00007ffcf4780000 - 0x00007ffcf4831000 	C:\WINDOWS\SYSTEM32\UxTheme.dll
0x00007ffcef590000 - 0x00007ffcef599000 	C:\Users\luke\AppData\Roaming\Python\Python313\site-packages\PySide6\MSVCP140_1.dll
0x00007ffcf1f30000 - 0x00007ffcf21a3000 	C:\WINDOWS\SYSTEM32\DWrite.dll
0x00007ffcecd60000 - 0x00007ffcecda1000 	C:\Users\luke\AppData\Roaming\Python\Python313\site-packages\PySide6\MSVCP140_2.dll
0x00007ffcf4a30000 - 0x00007ffcf4a5b000 	C:\WINDOWS\SYSTEM32\dwmapi.dll
0x00007ffcd4b40000 - 0x00007ffcd4b5e000 	C:\WINDOWS\SYSTEM32\MPR.dll
0x00007ffcf6e20000 - 0x00007ffcf6e48000 	C:\WINDOWS\SYSTEM32\USERENV.dll
0x00007ffcf63b0000 - 0x00007ffcf63fe000 	C:\WINDOWS\SYSTEM32\AUTHZ.dll
0x00007ffcdc4e0000 - 0x00007ffcdc4f9000 	C:\WINDOWS\SYSTEM32\NETAPI32.dll
0x00007ffce82c0000 - 0x00007ffce82f4000 	C:\WINDOWS\SYSTEM32\WINMM.dll
0x00007ffcf6fa0000 - 0x00007ffcf6fac000 	C:\WINDOWS\SYSTEM32\CRYPTBASE.DLL
0x00007ffcf6220000 - 0x00007ffcf622c000 	C:\WINDOWS\SYSTEM32\NETUTILS.DLL
0x00007ffceb2c0000 - 0x00007ffceb2e8000 	C:\WINDOWS\SYSTEM32\SRVCLI.DLL
0x00007ffcf8db0000 - 0x00007ffcf8de1000 	C:\WINDOWS\System32\IMM32.DLL
0x00007ffc9d4c0000 - 0x00007ffc9d8c1000 	C:\Users\luke\AppData\Roaming\Python\Python313\site-packages\PySide6\QtGui.pyd
0x00007ffc4dcf0000 - 0x00007ffc4e067000 	C:\Users\luke\AppData\Roaming\Python\Python313\site-packages\PySide6\QtCore.pyd
0x00007ffc4c060000 - 0x00007ffc4c476000 	C:\Users\luke\AppData\Local\Programs\Python\Python313\Lib\site-packages\numpy\_core\_multiarray_umath.cp313-win_amd64.pyd
0x00007ffceccd0000 - 0x00007ffcecd5d000 	C:\Users\luke\AppData\Local\Programs\Python\Python313\Lib\site-packages\numpy.libs\msvcp140-d64049c6e3865410a7dda6a7e9f0c575.dll
0x00007ffc3b2b0000 - 0x00007ffc3c616000 	C:\Users\luke\AppData\Local\Programs\Python\Python313\Lib\site-packages\numpy.libs\libscipy_openblas64_-43e11ff0749b8cbe0a615c9cf6737e0e.dll
0x00007ffcecca0000 - 0x00007ffceccc2000 	C:\Users\luke\AppData\Local\Programs\Python\Python313\DLLs\_ctypes.pyd
0x00007ffcedf30000 - 0x00007ffcedf3b000 	C:\Users\luke\AppData\Local\Programs\Python\Python313\DLLs\libffi-8.dll
0x00007ffcecc90000 - 0x00007ffcecc9b000 	C:\Users\luke\AppData\Local\Programs\Python\Python313\DLLs\_wmi.pyd
0x00007ffcf3b30000 - 0x00007ffcf3c31000 	C:\WINDOWS\SYSTEM32\PROPSYS.dll
0x00007ffcecc70000 - 0x00007ffcecc8e000 	C:\Users\luke\AppData\Local\Programs\Python\Python313\Lib\site-packages\numpy\linalg\_umath_linalg.cp313-win_amd64.pyd
0x00007ffc36a80000 - 0x00007ffc3b2a4000 	C:\Users\luke\AppData\Local\Programs\Python\Python313\Lib\site-packages\cv2\cv2.pyd
0x00007ffcf9000000 - 0x00007ffcf9100000 	C:\WINDOWS\System32\COMDLG32.dll
0x00007ffcf91c0000 - 0x00007ffcf92ba000 	C:\WINDOWS\System32\shcore.dll
0x00007ffcfa380000 - 0x00007ffcfa3de000 	C:\WINDOWS\System32\SHLWAPI.dll
0x00007ffce9160000 - 0x00007ffce9169000 	C:\WINDOWS\SYSTEM32\WSOCK32.dll
0x00007ffcdf1a0000 - 0x00007ffcdf432000 	C:\WINDOWS\WinSxS\amd64_microsoft.windows.common-controls_6595b64144ccf1df_6.0.22621.4541_none_2710d1c57384c085\COMCTL32.dll
0x00007ffcdd900000 - 0x00007ffcddace000 	C:\WINDOWS\SYSTEM32\MFPlat.DLL
0x00007ffcd6b60000 - 0x00007ffcd6bea000 	C:\WINDOWS\SYSTEM32\MF.dll
0x00007ffc914c0000 - 0x00007ffc915e1000 	C:\WINDOWS\SYSTEM32\MFReadWrite.dll
0x00007ffcf7470000 - 0x00007ffcf74be000 	C:\WINDOWS\SYSTEM32\cfgmgr32.dll
0x00007ffcd6600000 - 0x00007ffcd699b000 	C:\WINDOWS\SYSTEM32\MFCORE.DLL
0x00007ffcf6830000 - 0x00007ffcf6848000 	C:\WINDOWS\SYSTEM32\kernel.appcore.dll
0x00007ffcde670000 - 0x00007ffcde6a3000 	C:\WINDOWS\SYSTEM32\RTWorkQ.DLL
0x00007ffcec9a0000 - 0x00007ffceca18000 	C:\Users\luke\AppData\Local\Programs\Python\Python313\Lib\site-packages\_jpype.cp313-win_amd64.pyd
0x00007ffcec950000 - 0x00007ffcec995000 	C:\Users\luke\AppData\Local\Programs\Python\Python313\DLLs\_decimal.pyd
0x00007ffcecc60000 - 0x00007ffcecc70000 	C:\Users\luke\AppData\Local\Programs\Python\Python313\DLLs\_hashlib.pyd
0x00007ffc36570000 - 0x00007ffc36a73000 	C:\Users\luke\AppData\Local\Programs\Python\Python313\DLLs\libcrypto-3.dll
0x00007ffceac50000 - 0x00007ffceac66000 	C:\Users\luke\AppData\Local\Programs\Python\Python313\DLLs\_socket.pyd
0x00007ffcf6230000 - 0x00007ffcf625d000 	C:\WINDOWS\SYSTEM32\IPHLPAPI.DLL
0x00007ffcecc50000 - 0x00007ffcecc59000 	C:\Users\luke\AppData\Local\Programs\Python\Python313\DLLs\select.pyd
0x00007ffceac30000 - 0x00007ffceac44000 	C:\Users\luke\AppData\Local\Programs\Python\Python313\Lib\site-packages\psutil\_psutil_windows.pyd
0x00007ffcf9f20000 - 0x00007ffcf9f28000 	C:\WINDOWS\System32\PSAPI.DLL
0x00007ffcf6970000 - 0x00007ffcf69bd000 	C:\WINDOWS\SYSTEM32\POWRPROF.dll
0x00007ffcd4000000 - 0x00007ffcd4050000 	C:\WINDOWS\SYSTEM32\pdh.dll
0x00007ffcf6950000 - 0x00007ffcf6963000 	C:\WINDOWS\SYSTEM32\UMPDC.dll
0x00007ffcf6570000 - 0x00007ffcf6584000 	C:\WINDOWS\SYSTEM32\wtsapi32.dll
0x00007ffceac00000 - 0x00007ffceac2e000 	C:\Users\luke\AppData\Local\Programs\Python\Python313\Lib\site-packages\numpy\random\bit_generator.cp313-win_amd64.pyd
0x00007ffceabd0000 - 0x00007ffceabfd000 	C:\Users\luke\AppData\Local\Programs\Python\Python313\Lib\site-packages\numpy\random\_common.cp313-win_amd64.pyd
0x00007ffce6160000 - 0x00007ffce6200000 	C:\Users\luke\AppData\Local\Programs\Python\Python313\Lib\site-packages\numpy\random\mtrand.cp313-win_amd64.pyd
0x00007ffceab90000 - 0x00007ffceabcb000 	C:\Users\luke\AppData\Local\Programs\Python\Python313\Lib\site-packages\numpy\random\_bounded_integers.cp313-win_amd64.pyd
0x00007ffceab70000 - 0x00007ffceab8a000 	C:\Users\luke\AppData\Local\Programs\Python\Python313\Lib\site-packages\numpy\random\_mt19937.cp313-win_amd64.pyd
0x00007ffceab50000 - 0x00007ffceab68000 	C:\Users\luke\AppData\Local\Programs\Python\Python313\Lib\site-packages\numpy\random\_philox.cp313-win_amd64.pyd
0x00007ffce6140000 - 0x00007ffce615b000 	C:\Users\luke\AppData\Local\Programs\Python\Python313\Lib\site-packages\numpy\random\_pcg64.cp313-win_amd64.pyd
0x00007ffcdbe00000 - 0x00007ffcdbe13000 	C:\Users\luke\AppData\Local\Programs\Python\Python313\Lib\site-packages\numpy\random\_sfc64.cp313-win_amd64.pyd
0x00007ffcd6f20000 - 0x00007ffcd6fdc000 	C:\Users\luke\AppData\Local\Programs\Python\Python313\Lib\site-packages\numpy\random\_generator.cp313-win_amd64.pyd
0x00007ffcec940000 - 0x00007ffcec94b000 	C:\Users\luke\AppData\Local\Programs\Python\Python313\Lib\site-packages\pandas\_libs\pandas_parser.cp313-win_amd64.pyd
0x00007ffcec430000 - 0x00007ffcec43c000 	C:\Users\luke\AppData\Local\Programs\Python\Python313\Lib\site-packages\pandas\_libs\pandas_datetime.cp313-win_amd64.pyd
0x00007ffcccbc0000 - 0x00007ffccccd7000 	C:\Users\luke\AppData\Local\Programs\Python\Python313\Lib\site-packages\pandas\_libs\interval.cp313-win_amd64.pyd
0x00007ffc9df40000 - 0x00007ffc9e107000 	C:\Users\luke\AppData\Local\Programs\Python\Python313\Lib\site-packages\pandas\_libs\hashtable.cp313-win_amd64.pyd
0x00007ffcdb5c0000 - 0x00007ffcdb5ed000 	C:\Users\luke\AppData\Local\Programs\Python\Python313\Lib\site-packages\pandas\_libs\missing.cp313-win_amd64.pyd
0x00007ffcdb590000 - 0x00007ffcdb5bd000 	C:\Users\luke\AppData\Local\Programs\Python\Python313\Lib\site-packages\pandas\_libs\tslibs\dtypes.cp313-win_amd64.pyd
0x00007ffcdbde0000 - 0x00007ffcdbdf5000 	C:\Users\luke\AppData\Local\Programs\Python\Python313\Lib\site-packages\pandas\_libs\tslibs\ccalendar.cp313-win_amd64.pyd
0x00007ffcdb570000 - 0x00007ffcdb590000 	C:\Users\luke\AppData\Local\Programs\Python\Python313\Lib\site-packages\pandas\_libs\tslibs\np_datetime.cp313-win_amd64.pyd
0x00007ffcd6ee0000 - 0x00007ffcd6f1c000 	C:\Users\luke\AppData\Local\Programs\Python\Python313\Lib\site-packages\pandas\_libs\tslibs\conversion.cp313-win_amd64.pyd
0x00007ffcdb290000 - 0x00007ffcdb2a1000 	C:\Users\luke\AppData\Local\Programs\Python\Python313\Lib\site-packages\pandas\_libs\tslibs\base.cp313-win_amd64.pyd
0x00007ffcbcd20000 - 0x00007ffcbcdff000 	C:\Users\luke\AppData\Local\Programs\Python\Python313\Lib\site-packages\pandas\_libs\tslibs\offsets.cp313-win_amd64.pyd
0x00007ffcccb40000 - 0x00007ffcccbc0000 	C:\Users\luke\AppData\Local\Programs\Python\Python313\Lib\site-packages\pandas\_libs\tslibs\timestamps.cp313-win_amd64.pyd
0x00007ffcd6ea0000 - 0x00007ffcd6ed4000 	C:\Users\luke\AppData\Local\Programs\Python\Python313\Lib\site-packages\pandas\_libs\tslibs\nattype.cp313-win_amd64.pyd
0x00007ffca0370000 - 0x00007ffca03e8000 	C:\Users\luke\AppData\Local\Programs\Python\Python313\Lib\site-packages\pandas\_libs\tslibs\timedeltas.cp313-win_amd64.pyd
0x00007ffcbcce0000 - 0x00007ffcbcd1a000 	C:\Users\luke\AppData\Local\Programs\Python\Python313\Lib\site-packages\pandas\_libs\tslibs\timezones.cp313-win_amd64.pyd
0x00007ffceab40000 - 0x00007ffceab4d000 	C:\Users\luke\AppData\Local\Programs\Python\Python313\DLLs\_zoneinfo.pyd
0x00000296fbf90000 - 0x00000296fbf93000 	C:\WINDOWS\SYSTEM32\tzres.dll
0x00007ffca01a0000 - 0x00007ffca01e6000 	C:\Users\luke\AppData\Local\Programs\Python\Python313\Lib\site-packages\pandas\_libs\tslibs\fields.cp313-win_amd64.pyd
0x00007ffca0330000 - 0x00007ffca0370000 	C:\Users\luke\AppData\Local\Programs\Python\Python313\Lib\site-packages\pandas\_libs\tslibs\tzconversion.cp313-win_amd64.pyd
0x00007ffcd6e80000 - 0x00007ffcd6e94000 	C:\Users\luke\AppData\Local\Programs\Python\Python313\Lib\site-packages\pandas\_libs\properties.cp313-win_amd64.pyd
0x00007ffca0140000 - 0x00007ffca0193000 	C:\Users\luke\AppData\Local\Programs\Python\Python313\Lib\site-packages\pandas\_libs\tslibs\parsing.cp313-win_amd64.pyd
0x00007ffca00f0000 - 0x00007ffca013e000 	C:\Users\luke\AppData\Local\Programs\Python\Python313\Lib\site-packages\pandas\_libs\tslibs\strptime.cp313-win_amd64.pyd
0x00007ffc9ffe0000 - 0x00007ffca0049000 	C:\Users\luke\AppData\Local\Programs\Python\Python313\Lib\site-packages\pandas\_libs\tslibs\period.cp313-win_amd64.pyd
0x00007ffc9ffa0000 - 0x00007ffc9ffd3000 	C:\Users\luke\AppData\Local\Programs\Python\Python313\Lib\site-packages\pandas\_libs\tslibs\vectorized.cp313-win_amd64.pyd
0x00007ffce3eb0000 - 0x00007ffce3ec0000 	C:\Users\luke\AppData\Local\Programs\Python\Python313\Lib\site-packages\pandas\_libs\ops_dispatch.cp313-win_amd64.pyd
0x00007ffc4ef80000 - 0x00007ffc4f142000 	C:\Users\luke\AppData\Local\Programs\Python\Python313\Lib\site-packages\pandas\_libs\algos.cp313-win_amd64.pyd
0x00007ffc9fef0000 - 0x00007ffc9ff97000 	C:\Users\luke\AppData\Local\Programs\Python\Python313\Lib\site-packages\pandas\_libs\lib.cp313-win_amd64.pyd
0x00007ffc9de90000 - 0x00007ffc9df3f000 	C:\Users\luke\AppData\Local\Programs\Python\Python313\DLLs\unicodedata.pyd
0x00007ffc9de50000 - 0x00007ffc9de85000 	C:\Users\luke\AppData\Local\Programs\Python\Python313\Lib\site-packages\pandas\_libs\ops.cp313-win_amd64.pyd
0x00007ffcd1e50000 - 0x00007ffcd1e7c000 	C:\Users\luke\AppData\Local\Programs\Python\Python313\Lib\site-packages\pandas\_libs\hashing.cp313-win_amd64.pyd

VM Arguments:
jvm_args: -Djava.awt.headless=true 
java_command: <unknown>
java_class_path (initial): C:\Users\luke\.jgo\net.imagej\imagej\RELEASE\28b74e6959b0634f2a8e10c27afe06e7039fb4a0dc582d9746d028ba40e5bd04\adapter-rxjava2-2.9.0.jar;C:\Users\luke\.jgo\net.imagej\imagej\RELEASE\28b74e6959b0634f2a8e10c27afe06e7039fb4a0dc582d9746d028ba40e5bd04\annotations-13.0.jar;C:\Users\luke\.jgo\net.imagej\imagej\RELEASE\28b74e6959b0634f2a8e10c27afe06e7039fb4a0dc582d9746d028ba40e5bd04\ant-1.10.15.jar;C:\Users\luke\.jgo\net.imagej\imagej\RELEASE\28b74e6959b0634f2a8e10c27afe06e7039fb4a0dc582d9746d028ba40e5bd04\ant-launcher-1.10.15.jar;C:\Users\luke\.jgo\net.imagej\imagej\RELEASE\28b74e6959b0634f2a8e10c27afe06e7039fb4a0dc582d9746d028ba40e5bd04\antlr-3.5.3.jar;C:\Users\luke\.jgo\net.imagej\imagej\RELEASE\28b74e6959b0634f2a8e10c27afe06e7039fb4a0dc582d9746d028ba40e5bd04\antlr-runtime-3.5.3.jar;C:\Users\luke\.jgo\net.imagej\imagej\RELEASE\28b74e6959b0634f2a8e10c27afe06e7039fb4a0dc582d9746d028ba40e5bd04\api-0.14.0.jar;C:\Users\luke\.jgo\net.imagej\imagej\RELEASE\28b74e6959b0634f2a8e10c27afe06e7039fb4a0dc582d9746d028ba40e5bd04\asm-9.7.jar;C:\Users\luke\.jgo\net.imagej\imagej\RELEASE\28b74e6959b0634f2a8e10c27afe06e7039fb4a0dc582d9746d028ba40e5bd04\asm-analysis-9.7.jar;C:\Users\luke\.jgo\net.imagej\imagej\RELEASE\28b74e6959b0634f2a8e10c27afe06e7039fb4a0dc582d9746d028ba40e5bd04\asm-commons-9.7.jar;C:\Users\luke\.jgo\net.imagej\imagej\RELEASE\28b74e6959b0634f2a8e10c27afe06e7039fb4a0dc582d9746d028ba40e5bd04\asm-tree-9.7.jar;C:\Users\luke\.jgo\net.imagej\imagej\RELEASE\28b74e6959b0634f2a8e10c27afe06e7039fb4a0dc582d9746d028ba40e5bd04\asm-util-9.7.jar;C:\Users\luke\.jgo\net.imagej\imagej\RELEASE\28b74e6959b0634f2a8e10c27afe06e7039fb4a0dc582d9746d028ba40e5bd04\autocomplete-3.3.1.jar;C:\Users\luke\.jgo\net.imagej\imagej\RELEASE\28b74e6959b0634f2a8e10c27afe06e7039fb4a0dc582d9746d028ba40e5bd04\base-18.09.0.jar;C:\Users\luke\.jgo\net.imagej\imagej\RELEASE\28b74e6959b0634f2a8e10c27afe06e7039fb4a0dc582d9746d028ba40e5bd04\base64-2.3.8.jar;C:\Users\luke\.jgo\net.imagej\imag
Launcher Type: generic

Environment Variables:
PATH=C:\Users\luke\AppData\Local\Programs\Python\Python313\Lib\site-packages\cv2\../../x64/vc14/bin;C:\Users\luke\AppData\Roaming\Python\Python313\site-packages\PySide6;C:\Program Files\Eclipse Adoptium\jdk-21.0.5.11-hotspot\bin;C:\Program Files (x86)\VMware\VMware Workstation\bin\;C:\OpenJDK21U-jdk_aarch64_windows_hotspot_21.0.5_11;C:\WINDOWS\system32;C:\WINDOWS;C:\WINDOWS\System32\Wbem;C:\WINDOWS\System32\WindowsPowerShell\v1.0\;C:\WINDOWS\System32\OpenSSH\;C:\Program Files (x86)\NVIDIA Corporation\PhysX\Common;C:\Program Files\NVIDIA Corporation\NVIDIA NvDLISR;C:\Program Files\PuTTY\;C:\Program Files\Git\cmd;C:\Users\luke\AppData\Local\Programs\Python\Python313;C:\Users\luke\AppData\Local\Programs\Python\Python313\Scripts;C:\Program Files\dotnet\;C:\Program Files\swipl;G:\apache-maven-3.9.9\bin;C:\Users\luke\AppData\Local\Programs\Python\Python313\Scripts\;C:\Users\luke\AppData\Local\Programs\Python\Python313\;C:\Users\luke\AppData\Local\Programs\Python\Launcher\;C:\Users\luke\AppData\Local\Microsoft\WindowsApps;C:\Program Files (x86)\Nmap;C:\Users\luke\AppData\Local\Programs\Microsoft VS Code\bin;C:\Users\luke\AppData\Local\Google\Cloud SDK\google-cloud-sdk\bin
USERNAME=luke
OS=Windows_NT
PROCESSOR_IDENTIFIER=Intel64 Family 6 Model 158 Stepping 13, GenuineIntel



---------------  S Y S T E M  ---------------

OS: Windows 11 , 64 bit Build 22621 (10.0.22621.4391)

CPU:total 8 (initial active 8) (8 cores per cpu, 1 threads per core) family 6 model 158 stepping 13, cmov, cx8, fxsr, mmx, sse, sse2, sse3, ssse3, sse4.1, sse4.2, popcnt, avx, avx2, aes, clmul, erms, 3dnowpref, lzcnt, tsc, tscinvbit, bmi1, bmi2, adx

Memory: 4k page, physical 33374188k(22478724k free), swap 35883992k(22202356k free)

vm_info: Java HotSpot(TM) 64-Bit Server VM (25.401-b10) for windows-amd64 JRE (1.8.0_401-b10), built on Dec 19 2023 12:38:48 by "java_re" with MS VC++ 17.1 (VS2022)

time: Sat Jan  4 23:38:55 2025
timezone: Pacific Standard Time
elapsed time: 0.840628 seconds (0d 0h 0m 0s)

