#
# A fatal error has been detected by the Java Runtime Environment:
#
#  EXCEPTION_ACCESS_VIOLATION (0xc0000005) at pc=0x00007ffc3fb9648f, pid=21816, tid=0x00000000000069f8
#
# JRE version: Java(TM) SE Runtime Environment (8.0_401) (build 1.8.0_401-b10)
# Java VM: Java HotSpot(TM) 64-Bit Server VM (25.401-b10 mixed mode windows-amd64 compressed oops)
# Problematic frame:
# C  [python313.dll+0x1c648f]
#
# Failed to write core dump. Minidumps are not enabled by default on client versions of Windows
#
# If you would like to submit a bug report, please visit:
#   http://bugreport.java.com/bugreport/crash.jsp
# The crash happened outside the Java Virtual Machine in native code.
# See problematic frame for where to report the bug.
#

---------------  T H R E A D  ---------------

Current thread (0x000002d7b1cc9000):  JavaThread "main" [_thread_in_native, id=27128, stack(0x000000f85dc00000,0x000000f85dee0000)]

siginfo: ExceptionCode=0xc0000005, reading address 0x0000000000000018

Registers:
RAX=0x0000000000000000, RBX=0x0000000000000020, RCX=0x000000f85dedcf30, RDX=0x0000000000000020
RSP=0x000000f85dedcee0, RBP=0x0000000000000000, RSI=0x0000000000000020, RDI=0x000000f85dedcf30
R8 =0x000000000000561c, R9 =0x0000000000000007, R10=0x000002d7b18cf780, R11=0x000000f85dedcfa0
R12=0x000000f85dedd640, R13=0x000002d7d7ce8b40, R14=0x0000000000000000, R15=0x000000f85dedd680
RIP=0x00007ffc3fb9648f, EFLAGS=0x0000000000010202

Top of Stack: (sp=0x000000f85dedcee0)
0x000000f85dedcee0:   000002d7b1cc9200 000002d7b24dfe18
0x000000f85dedcef0:   000000f85dedd0e0 00007ffc2e65fd51
0x000000f85dedcf00:   0000000000000000 00007ffc401eaa67
0x000000f85dedcf10:   000002d79f2fc830 0000000000000000
0x000000f85dedcf20:   0000000000000020 000002d7994da640
0x000000f85dedcf30:   000002d7b1cc9000 0000000000000000
0x000000f85dedcf40:   000091320000000b 0000000000000000
0x000000f85dedcf50:   0000000000000020 0000000000000000
0x000000f85dedcf60:   0000000000000000 00007ffc2e65b8ba
0x000000f85dedcf70:   0000000000000000 0000000000000000
0x000000f85dedcf80:   0000000000000000 00007ffc401d252f
0x000000f85dedcf90:   000002d7b1cc9000 0000000000000000
0x000000f85dedcfa0:   000000f85dedd680 000002d7b1cc9000
0x000000f85dedcfb0:   000002d7d7ceb090 00007ffc401d1944
0x000000f85dedcfc0:   000002d7d7ce8b40 0000000000000002
0x000000f85dedcfd0:   000002d7d7ceb090 00007ffd0000561c 

Instructions: (pc=0x00007ffc3fb9648f)
0x00007ffc3fb9646f:   24 20 e8 4a 11 e8 ff 90 e9 f4 9e e7 ff e8 d7 ec
0x00007ffc3fb9647f:   ff ff 90 e9 dd a3 e7 ff cc 48 8b 81 70 03 00 00
0x00007ffc3fb9648f:   48 8b 48 18 48 03 48 10 48 8d 41 07 48 83 e0 f8
0x00007ffc3fb9649f:   48 03 c2 48 8d 51 01 48 8d 14 d0 e9 66 b3 e7 ff 


Register to memory mapping:

RAX=0x0000000000000000 is an unknown value
RBX=0x0000000000000020 is an unknown value
RCX=0x000000f85dedcf30 is pointing into the stack for thread: 0x000002d7b1cc9000
RDX=0x0000000000000020 is an unknown value
RSP=0x000000f85dedcee0 is pointing into the stack for thread: 0x000002d7b1cc9000
RBP=0x0000000000000000 is an unknown value
RSI=0x0000000000000020 is an unknown value
RDI=0x000000f85dedcf30 is pointing into the stack for thread: 0x000002d7b1cc9000
R8 =0x000000000000561c is an unknown value
R9 =0x0000000000000007 is an unknown value
R10=0x000002d7b18cf780 is an unknown value
R11=0x000000f85dedcfa0 is pointing into the stack for thread: 0x000002d7b1cc9000
R12=0x000000f85dedd640 is pointing into the stack for thread: 0x000002d7b1cc9000
R13=0x000002d7d7ce8b40 is an unknown value
R14=0x0000000000000000 is an unknown value
R15=0x000000f85dedd680 is pointing into the stack for thread: 0x000002d7b1cc9000


Stack: [0x000000f85dc00000,0x000000f85dee0000],  sp=0x000000f85dedcee0,  free space=2931k
Native frames: (J=compiled Java code, j=interpreted, Vv=VM code, C=native code)

Java frames: (J=compiled Java code, j=interpreted, Vv=VM code)
j  org.jpype.manager.TypeFactoryNative.newWrapper(JJ)V+0
j  org.jpype.JPypeContext.newWrapper(J)V+16
v  ~StubRoutines::call_stub
j  org.jpype.manager.TypeFactoryNative.newWrapper(JJ)V+0
j  org.jpype.JPypeContext.newWrapper(J)V+16
v  ~StubRoutines::call_stub

---------------  P R O C E S S  ---------------

Java Threads: ( => current thread )
  0x000002d7b2117800 JavaThread "Python Reference Queue" daemon [_thread_blocked, id=2980, stack(0x000000f864f00000,0x000000f8651e0000)]
  0x000002d7b21ba000 JavaThread "Service Thread" daemon [_thread_blocked, id=17436, stack(0x000000f864940000,0x000000f864c20000)]
  0x000002d7b2112800 JavaThread "C1 CompilerThread3" daemon [_thread_blocked, id=20132, stack(0x000000f864660000,0x000000f864940000)]
  0x000002d7b2119000 JavaThread "C2 CompilerThread2" daemon [_thread_blocked, id=11996, stack(0x000000f864380000,0x000000f864660000)]
  0x000002d7b2104000 JavaThread "C2 CompilerThread1" daemon [_thread_blocked, id=9808, stack(0x000000f8640a0000,0x000000f864380000)]
  0x000002d7b20dc000 JavaThread "C2 CompilerThread0" daemon [_thread_blocked, id=11420, stack(0x000000f863dc0000,0x000000f8640a0000)]
  0x000002d7b20d8800 JavaThread "Attach Listener" daemon [_thread_blocked, id=21892, stack(0x000000f863ae0000,0x000000f863dc0000)]
  0x000002d798560000 JavaThread "Signal Dispatcher" daemon [_thread_blocked, id=11800, stack(0x000000f863800000,0x000000f863ae0000)]
  0x000002d7b20b6000 JavaThread "Finalizer" daemon [_thread_blocked, id=21216, stack(0x000000f863520000,0x000000f863800000)]
  0x000002d7b20a3800 JavaThread "Reference Handler" daemon [_thread_blocked, id=26700, stack(0x000000f863240000,0x000000f863520000)]
=>0x000002d7b1cc9000 JavaThread "main" [_thread_in_native, id=27128, stack(0x000000f85dc00000,0x000000f85dee0000)]

Other Threads:
  0x000002d7b1cf4800 VMThread [stack: 0x000000f862f60000,0x000000f863240000] [id=15496]
  0x000002d7b1cf9000 WatcherThread [stack: 0x000000f864c20000,0x000000f864f00000] [id=17704]

VM state:not at safepoint (normal execution)

VM Mutex/Monitor currently owned by a thread: None

heap address: 0x00000005c2c00000, size: 8148 MB, Compressed Oops mode: Zero based, Oop shift amount: 3
Narrow klass base: 0x0000000000000000, Narrow klass shift: 3
Compressed class space size: 1073741824 Address: 0x00000007c0000000

Heap:
 PSYoungGen      total 152576K, used 26621K [0x0000000716400000, 0x0000000720e00000, 0x00000007c0000000)
  eden space 131072K, 20% used [0x0000000716400000,0x0000000717dff610,0x000000071e400000)
  from space 21504K, 0% used [0x000000071f900000,0x000000071f900000,0x0000000720e00000)
  to   space 21504K, 0% used [0x000000071e400000,0x000000071e400000,0x000000071f900000)
 ParOldGen       total 348160K, used 0K [0x00000005c2c00000, 0x00000005d8000000, 0x0000000716400000)
  object space 348160K, 0% used [0x00000005c2c00000,0x00000005c2c00000,0x00000005d8000000)
 Metaspace       used 5343K, capacity 5532K, committed 5632K, reserved 1056768K
  class space    used 607K, capacity 702K, committed 768K, reserved 1048576K

Card table byte_map: [0x000002d7c2610000,0x000002d7c3600000] byte_map_base: 0x000002d7bf7fa000

Marking Bits: (ParMarkBitMap*) 0x00007ffc2ed35fc0
 Begin Bits: [0x000002d7c40a0000, 0x000002d7cbff0000)
 End Bits:   [0x000002d7cbff0000, 0x000002d7d3f40000)

Polling page: 0x000002d79b940000

CodeCache: size=245760Kb used=2989Kb max_used=3009Kb free=242770Kb
 bounds [0x000002d7b3250000, 0x000002d7b3550000, 0x000002d7c2250000]
 total_blobs=1039 nmethods=733 adapters=219
 compilation: enabled

Compilation events (10 events):
Event: 8.843 Thread 0x000002d7b2112800 nmethod 723 0x000002d7b3537090 code [0x000002d7b3537220, 0x000002d7b3537540]
Event: 8.843 Thread 0x000002d7b2112800  727       1       java.lang.AbstractStringBuilder::length (5 bytes)
Event: 8.843 Thread 0x000002d7b20dc000 nmethod 731 0x000002d7b3538e90 code [0x000002d7b3538fe0, 0x000002d7b35390f8]
Event: 8.843 Thread 0x000002d7b2112800 nmethod 727 0x000002d7b3536dd0 code [0x000002d7b3536f20, 0x000002d7b3537038]
Event: 8.843 Thread 0x000002d7b2112800  726       3       java.lang.Class::getMethod (64 bytes)
Event: 8.844 Thread 0x000002d7b2112800 nmethod 726 0x000002d7b3537a10 code [0x000002d7b3537c60, 0x000002d7b35388f0]
Event: 8.844 Thread 0x000002d7b2112800  729       1       java.lang.reflect.Modifier::methodModifiers (4 bytes)
Event: 8.844 Thread 0x000002d7b2112800 nmethod 729 0x000002d7b3537690 code [0x000002d7b35377e0, 0x000002d7b35378d8]
Event: 8.844 Thread 0x000002d7b2112800  730       1       java.util.TreeMap::access$100 (5 bytes)
Event: 8.844 Thread 0x000002d7b2112800 nmethod 730 0x000002d7b3536b10 code [0x000002d7b3536c60, 0x000002d7b3536d58]

GC Heap History (0 events):
No events

Deoptimization events (8 events):
Event: 1.270 Thread 0x000002d7b1cc9000 Uncommon trap: reason=unstable_if action=reinterpret pc=0x000002d7b3387fb0 method=java.util.jar.JarFile.match([C[B[I[I)Z @ 18
Event: 1.281 Thread 0x000002d7b1cc9000 Uncommon trap: reason=unstable_if action=reinterpret pc=0x000002d7b338a4f8 method=java.util.jar.JarFile.match([C[B[I[I)Z @ 29
Event: 6.616 Thread 0x000002d7b1cc9000 Uncommon trap: reason=unstable_if action=reinterpret pc=0x000002d7b342d4d8 method=java.net.URL.<init>(Ljava/net/URL;Ljava/lang/String;Ljava/net/URLStreamHandler;)V @ 170
Event: 8.414 Thread 0x000002d7b1cc9000 Uncommon trap: reason=unstable_if action=reinterpret pc=0x000002d7b340314c method=java.lang.String.replace(CC)Ljava/lang/String; @ 59
Event: 8.416 Thread 0x000002d7b1cc9000 Uncommon trap: reason=unstable_if action=reinterpret pc=0x000002d7b33f3db8 method=java.util.StringTokenizer.scanToken(I)I @ 42
Event: 8.426 Thread 0x000002d7b1cc9000 Uncommon trap: reason=unstable_if action=reinterpret pc=0x000002d7b3356620 method=java.lang.String.hashCode()I @ 14
Event: 8.427 Thread 0x000002d7b1cc9000 Uncommon trap: reason=loop_limit_check action=maybe_recompile pc=0x000002d7b337d138 method=java.lang.String.indexOf([CII[CIII)I @ 79
Event: 8.485 Thread 0x000002d7b1cc9000 Uncommon trap: reason=loop_limit_check action=maybe_recompile pc=0x000002d7b33698d8 method=java.lang.String.equals(Ljava/lang/Object;)Z @ 56

Classes redefined (0 events):
No events

Internal exceptions (10 events):
Event: 8.316 Thread 0x000002d7b1cc9000 Exception <a 'java/security/PrivilegedActionException'> (0x000000071754c968) thrown at [C:\jenkins\workspace\8-2-build-windows-x64-cygwin-sans-NAS\jdk8u401\683\hotspot\src\share\vm\prims\jvm.cpp, line 1513]
Event: 8.403 Thread 0x000002d7b1cc9000 Exception <a 'java/security/PrivilegedActionException'> (0x0000000717582630) thrown at [C:\jenkins\workspace\8-2-build-windows-x64-cygwin-sans-NAS\jdk8u401\683\hotspot\src\share\vm\prims\jvm.cpp, line 1513]
Event: 8.403 Thread 0x000002d7b1cc9000 Exception <a 'java/security/PrivilegedActionException'> (0x0000000717582840) thrown at [C:\jenkins\workspace\8-2-build-windows-x64-cygwin-sans-NAS\jdk8u401\683\hotspot\src\share\vm\prims\jvm.cpp, line 1513]
Event: 8.403 Thread 0x000002d7b1cc9000 Exception <a 'java/security/PrivilegedActionException'> (0x0000000717584100) thrown at [C:\jenkins\workspace\8-2-build-windows-x64-cygwin-sans-NAS\jdk8u401\683\hotspot\src\share\vm\prims\jvm.cpp, line 1513]
Event: 8.403 Thread 0x000002d7b1cc9000 Exception <a 'java/security/PrivilegedActionException'> (0x0000000717584310) thrown at [C:\jenkins\workspace\8-2-build-windows-x64-cygwin-sans-NAS\jdk8u401\683\hotspot\src\share\vm\prims\jvm.cpp, line 1513]
Event: 8.403 Thread 0x000002d7b1cc9000 Exception <a 'java/security/PrivilegedActionException'> (0x0000000717587af0) thrown at [C:\jenkins\workspace\8-2-build-windows-x64-cygwin-sans-NAS\jdk8u401\683\hotspot\src\share\vm\prims\jvm.cpp, line 1513]
Event: 8.403 Thread 0x000002d7b1cc9000 Exception <a 'java/security/PrivilegedActionException'> (0x0000000717587d00) thrown at [C:\jenkins\workspace\8-2-build-windows-x64-cygwin-sans-NAS\jdk8u401\683\hotspot\src\share\vm\prims\jvm.cpp, line 1513]
Event: 8.413 Thread 0x000002d7b1cc9000 Exception <a 'java/lang/NoClassDefFoundError': org/jpype/classloader/DynamicClassLoader> (0x000000071758d2d0) thrown at [C:\jenkins\workspace\8-2-build-windows-x64-cygwin-sans-NAS\jdk8u401\683\hotspot\src\share\vm\classfile\systemDictionary.cpp, line 202]
Event: 8.475 Thread 0x000002d7b1cc9000 Exception <a 'java/lang/NoSuchFieldError': method resolution failed> (0x0000000717782e50) thrown at [C:\jenkins\workspace\8-2-build-windows-x64-cygwin-sans-NAS\jdk8u401\683\hotspot\src\share\vm\prims\methodHandles.cpp, line 1188]
Event: 8.476 Thread 0x000002d7b1cc9000 Exception <a 'java/lang/NoSuchFieldError': method resolution failed> (0x00000007177905d8) thrown at [C:\jenkins\workspace\8-2-build-windows-x64-cygwin-sans-NAS\jdk8u401\683\hotspot\src\share\vm\prims\methodHandles.cpp, line 1188]

Events (10 events):
Event: 8.837 loading class java/io/ObjectOutput done
Event: 8.837 loading class java/io/ObjectOutputStream done
Event: 8.840 loading class java/util/function/ToDoubleFunction
Event: 8.840 loading class java/util/function/ToDoubleFunction done
Event: 8.840 loading class java/util/function/ToIntFunction
Event: 8.840 loading class java/util/function/ToIntFunction done
Event: 8.841 loading class java/util/function/ToLongFunction
Event: 8.841 loading class java/util/function/ToLongFunction done
Event: 8.843 loading class org/jpype/JPypeSignal
Event: 8.843 loading class org/jpype/JPypeSignal done


Dynamic libraries:
0x00007ff699510000 - 0x00007ff69952a000 	C:\Users\luke\AppData\Local\Programs\Python\Python313\python.exe
0x00007ffd09ad0000 - 0x00007ffd09ce7000 	C:\WINDOWS\SYSTEM32\ntdll.dll
0x00007ffd081a0000 - 0x00007ffd08264000 	C:\WINDOWS\System32\KERNEL32.DLL
0x00007ffd07410000 - 0x00007ffd077ca000 	C:\WINDOWS\System32\KERNELBASE.dll
0x00007ffd072f0000 - 0x00007ffd07401000 	C:\WINDOWS\System32\ucrtbase.dll
0x00007ffcec750000 - 0x00007ffcec76e000 	C:\Users\luke\AppData\Local\Programs\Python\Python313\VCRUNTIME140.dll
0x00007ffc3f9d0000 - 0x00007ffc4001c000 	C:\Users\luke\AppData\Local\Programs\Python\Python313\python313.dll
0x00007ffd08ce0000 - 0x00007ffd08d51000 	C:\WINDOWS\System32\WS2_32.dll
0x00007ffd09380000 - 0x00007ffd09494000 	C:\WINDOWS\System32\RPCRT4.dll
0x00007ffd06f10000 - 0x00007ffd06f38000 	C:\WINDOWS\System32\bcrypt.dll
0x00007ffd02fc0000 - 0x00007ffd02fca000 	C:\WINDOWS\SYSTEM32\VERSION.dll
0x00007ffd07b00000 - 0x00007ffd07bb2000 	C:\WINDOWS\System32\ADVAPI32.dll
0x00007ffd07a50000 - 0x00007ffd07af7000 	C:\WINDOWS\System32\msvcrt.dll
0x00007ffd07980000 - 0x00007ffd07a27000 	C:\WINDOWS\System32\sechost.dll
0x00007ffd07270000 - 0x00007ffd072eb000 	C:\WINDOWS\System32\bcryptprimitives.dll
0x000002d787630000 - 0x000002d787640000 	C:\Users\luke\AppData\Local\Programs\Python\Python313\python3.DLL
0x00007ffcec730000 - 0x00007ffcec745000 	C:\Users\luke\AppData\Local\Programs\Python\Python313\DLLs\_bz2.pyd
0x00007ffcea050000 - 0x00007ffcea077000 	C:\Users\luke\AppData\Local\Programs\Python\Python313\DLLs\_lzma.pyd
0x00007ffcec850000 - 0x00007ffcec859000 	C:\Users\luke\AppData\Roaming\Python\Python313\site-packages\shiboken6\Shiboken.pyd
0x00007ffc40750000 - 0x00007ffc407ad000 	C:\Users\luke\AppData\Roaming\Python\Python313\site-packages\shiboken6\shiboken6.abi3.dll
0x00007ffceb0e0000 - 0x00007ffceb0ec000 	C:\Users\luke\AppData\Roaming\Python\Python313\site-packages\shiboken6\VCRUNTIME140_1.dll
0x00007ffc406c0000 - 0x00007ffc4074d000 	C:\Users\luke\AppData\Roaming\Python\Python313\site-packages\shiboken6\MSVCP140.dll
0x00007ffc3f3c0000 - 0x00007ffc3f9c3000 	C:\Users\luke\AppData\Roaming\Python\Python313\site-packages\PySide6\QtWidgets.pyd
0x00007ffc3ede0000 - 0x00007ffc3f3b7000 	C:\Users\luke\AppData\Roaming\Python\Python313\site-packages\PySide6\Qt6Core.dll
0x00007ffce4710000 - 0x00007ffce474b000 	C:\Users\luke\AppData\Roaming\Python\Python313\site-packages\PySide6\pyside6.abi3.dll
0x00007ffd08b30000 - 0x00007ffd08cd5000 	C:\WINDOWS\System32\ole32.dll
0x00007ffd071a0000 - 0x00007ffd0723a000 	C:\WINDOWS\System32\msvcp_win.dll
0x00007ffd09960000 - 0x00007ffd09989000 	C:\WINDOWS\System32\GDI32.dll
0x00007ffd07240000 - 0x00007ffd07266000 	C:\WINDOWS\System32\win32u.dll
0x00007ffd07080000 - 0x00007ffd0719b000 	C:\WINDOWS\System32\gdi32full.dll
0x00007ffd077d0000 - 0x00007ffd0797e000 	C:\WINDOWS\System32\USER32.dll
0x00007ffd07e10000 - 0x00007ffd0819f000 	C:\WINDOWS\System32\combase.dll
0x00007ffd08270000 - 0x00007ffd08ae8000 	C:\WINDOWS\System32\SHELL32.dll
0x00007ffd09550000 - 0x00007ffd09627000 	C:\WINDOWS\System32\OLEAUT32.dll
0x00007ffcf2b20000 - 0x00007ffcf2b3e000 	C:\WINDOWS\SYSTEM32\MPR.dll
0x00007ffd06440000 - 0x00007ffd06468000 	C:\WINDOWS\SYSTEM32\USERENV.dll
0x00007ffd059d0000 - 0x00007ffd05a1e000 	C:\WINDOWS\SYSTEM32\AUTHZ.dll
0x00007ffcf9610000 - 0x00007ffcf9629000 	C:\WINDOWS\SYSTEM32\NETAPI32.dll
0x00007ffcff740000 - 0x00007ffcff774000 	C:\WINDOWS\SYSTEM32\WINMM.dll
0x00007ffce9480000 - 0x00007ffce9489000 	C:\Users\luke\AppData\Roaming\Python\Python313\site-packages\PySide6\MSVCP140_1.dll
0x00007ffd065c0000 - 0x00007ffd065cc000 	C:\WINDOWS\SYSTEM32\CRYPTBASE.DLL
0x00007ffc3dec0000 - 0x00007ffc3e7a0000 	C:\Users\luke\AppData\Roaming\Python\Python313\site-packages\PySide6\Qt6Gui.dll
0x00007ffd05840000 - 0x00007ffd0584c000 	C:\WINDOWS\SYSTEM32\NETUTILS.DLL
0x00007ffc3e7a0000 - 0x00007ffc3edd6000 	C:\Users\luke\AppData\Roaming\Python\Python313\site-packages\PySide6\Qt6Widgets.dll
0x00007ffcf6e10000 - 0x00007ffcf6e38000 	C:\WINDOWS\SYSTEM32\SRVCLI.DLL
0x00007ffd01a00000 - 0x00007ffd01c57000 	C:\WINDOWS\SYSTEM32\d3d11.dll
0x00007ffd03f40000 - 0x00007ffd04037000 	C:\WINDOWS\SYSTEM32\dxgi.dll
0x00007ffd02b80000 - 0x00007ffd02ba6000 	C:\WINDOWS\SYSTEM32\d3d12.dll
0x00007ffd03db0000 - 0x00007ffd03e61000 	C:\WINDOWS\SYSTEM32\UxTheme.dll
0x00007ffd01780000 - 0x00007ffd019f3000 	C:\WINDOWS\SYSTEM32\DWrite.dll
0x00007ffd04150000 - 0x00007ffd0417b000 	C:\WINDOWS\SYSTEM32\dwmapi.dll
0x00007ffcbfaa0000 - 0x00007ffcbfae1000 	C:\Users\luke\AppData\Roaming\Python\Python313\site-packages\PySide6\MSVCP140_2.dll
0x00007ffd08af0000 - 0x00007ffd08b21000 	C:\WINDOWS\System32\IMM32.DLL
0x00007ffc402b0000 - 0x00007ffc406b1000 	C:\Users\luke\AppData\Roaming\Python\Python313\site-packages\PySide6\QtGui.pyd
0x00007ffc3db40000 - 0x00007ffc3deb7000 	C:\Users\luke\AppData\Roaming\Python\Python313\site-packages\PySide6\QtCore.pyd
0x00007ffc3d720000 - 0x00007ffc3db36000 	C:\Users\luke\AppData\Local\Programs\Python\Python313\Lib\site-packages\numpy\_core\_multiarray_umath.cp313-win_amd64.pyd
0x00007ffc40220000 - 0x00007ffc402ad000 	C:\Users\luke\AppData\Local\Programs\Python\Python313\Lib\site-packages\numpy.libs\msvcp140-d64049c6e3865410a7dda6a7e9f0c575.dll
0x00007ffc3c3b0000 - 0x00007ffc3d716000 	C:\Users\luke\AppData\Local\Programs\Python\Python313\Lib\site-packages\numpy.libs\libscipy_openblas64_-43e11ff0749b8cbe0a615c9cf6737e0e.dll
0x00007ffce3e10000 - 0x00007ffce3e32000 	C:\Users\luke\AppData\Local\Programs\Python\Python313\DLLs\_ctypes.pyd
0x00007ffce3e00000 - 0x00007ffce3e0b000 	C:\Users\luke\AppData\Local\Programs\Python\Python313\DLLs\libffi-8.dll
0x00007ffce1950000 - 0x00007ffce195b000 	C:\Users\luke\AppData\Local\Programs\Python\Python313\DLLs\_wmi.pyd
0x00007ffd030c0000 - 0x00007ffd031c1000 	C:\WINDOWS\SYSTEM32\PROPSYS.dll
0x00007ffce17f0000 - 0x00007ffce180e000 	C:\Users\luke\AppData\Local\Programs\Python\Python313\Lib\site-packages\numpy\linalg\_umath_linalg.cp313-win_amd64.pyd
0x00007ffc31480000 - 0x00007ffc35ca4000 	C:\Users\luke\AppData\Local\Programs\Python\Python313\Lib\site-packages\cv2\cv2.pyd
0x00007ffd09990000 - 0x00007ffd09a90000 	C:\WINDOWS\System32\COMDLG32.dll
0x00007ffd08df0000 - 0x00007ffd08eea000 	C:\WINDOWS\System32\shcore.dll
0x00007ffd07d20000 - 0x00007ffd07d7e000 	C:\WINDOWS\System32\SHLWAPI.dll
0x00007ffcf0d50000 - 0x00007ffcf0d59000 	C:\WINDOWS\SYSTEM32\WSOCK32.dll
0x00007ffcf2510000 - 0x00007ffcf27a2000 	C:\WINDOWS\WinSxS\amd64_microsoft.windows.common-controls_6595b64144ccf1df_6.0.22621.4541_none_2710d1c57384c085\COMCTL32.dll
0x00007ffcf4ab0000 - 0x00007ffcf4b3a000 	C:\WINDOWS\SYSTEM32\MF.dll
0x00007ffcf4c20000 - 0x00007ffcf4dee000 	C:\WINDOWS\SYSTEM32\MFPlat.DLL
0x00007ffc9c3d0000 - 0x00007ffc9c4f1000 	C:\WINDOWS\SYSTEM32\MFReadWrite.dll
0x00007ffd06a90000 - 0x00007ffd06ade000 	C:\WINDOWS\SYSTEM32\cfgmgr32.dll
0x00007ffcf4670000 - 0x00007ffcf4a0b000 	C:\WINDOWS\SYSTEM32\MFCORE.DLL
0x00007ffd05e50000 - 0x00007ffd05e68000 	C:\WINDOWS\SYSTEM32\kernel.appcore.dll
0x00007ffcf4410000 - 0x00007ffcf4443000 	C:\WINDOWS\SYSTEM32\RTWorkQ.DLL
0x00007ffc401a0000 - 0x00007ffc40218000 	C:\Users\luke\AppData\Local\Programs\Python\Python313\Lib\site-packages\_jpype.cp313-win_amd64.pyd
0x00007ffc949b0000 - 0x00007ffc949f5000 	C:\Users\luke\AppData\Local\Programs\Python\Python313\DLLs\_decimal.pyd
0x00007ffce0460000 - 0x00007ffce0470000 	C:\Users\luke\AppData\Local\Programs\Python\Python313\DLLs\_hashlib.pyd
0x00007ffc3bea0000 - 0x00007ffc3c3a3000 	C:\Users\luke\AppData\Local\Programs\Python\Python313\DLLs\libcrypto-3.dll
0x00007ffcdcd20000 - 0x00007ffcdcd36000 	C:\Users\luke\AppData\Local\Programs\Python\Python313\DLLs\_socket.pyd
0x00007ffd05850000 - 0x00007ffd0587d000 	C:\WINDOWS\SYSTEM32\IPHLPAPI.DLL
0x00007ffcdcd10000 - 0x00007ffcdcd19000 	C:\Users\luke\AppData\Local\Programs\Python\Python313\DLLs\select.pyd
0x00007ffcda5e0000 - 0x00007ffcda5f4000 	C:\Users\luke\AppData\Local\Programs\Python\Python313\Lib\site-packages\psutil\_psutil_windows.pyd
0x00007ffd07e00000 - 0x00007ffd07e08000 	C:\WINDOWS\System32\PSAPI.DLL
0x00007ffd05f90000 - 0x00007ffd05fdd000 	C:\WINDOWS\SYSTEM32\POWRPROF.dll
0x00007ffcf1e80000 - 0x00007ffcf1ed0000 	C:\WINDOWS\SYSTEM32\pdh.dll
0x00007ffd05f70000 - 0x00007ffd05f83000 	C:\WINDOWS\SYSTEM32\UMPDC.dll
0x00007ffd05b90000 - 0x00007ffd05ba4000 	C:\WINDOWS\SYSTEM32\wtsapi32.dll
0x00007ffcd3ca0000 - 0x00007ffcd3cce000 	C:\Users\luke\AppData\Local\Programs\Python\Python313\Lib\site-packages\numpy\random\bit_generator.cp313-win_amd64.pyd
0x00007ffcca1d0000 - 0x00007ffcca1fd000 	C:\Users\luke\AppData\Local\Programs\Python\Python313\Lib\site-packages\numpy\random\_common.cp313-win_amd64.pyd
0x00007ffc3be00000 - 0x00007ffc3bea0000 	C:\Users\luke\AppData\Local\Programs\Python\Python313\Lib\site-packages\numpy\random\mtrand.cp313-win_amd64.pyd
0x00007ffcc08c0000 - 0x00007ffcc08fb000 	C:\Users\luke\AppData\Local\Programs\Python\Python313\Lib\site-packages\numpy\random\_bounded_integers.cp313-win_amd64.pyd
0x00007ffcd0f90000 - 0x00007ffcd0faa000 	C:\Users\luke\AppData\Local\Programs\Python\Python313\Lib\site-packages\numpy\random\_mt19937.cp313-win_amd64.pyd
0x00007ffcd0a00000 - 0x00007ffcd0a18000 	C:\Users\luke\AppData\Local\Programs\Python\Python313\Lib\site-packages\numpy\random\_philox.cp313-win_amd64.pyd
0x00007ffcbfbb0000 - 0x00007ffcbfbcb000 	C:\Users\luke\AppData\Local\Programs\Python\Python313\Lib\site-packages\numpy\random\_pcg64.cp313-win_amd64.pyd
0x00007ffcbe0a0000 - 0x00007ffcbe0b3000 	C:\Users\luke\AppData\Local\Programs\Python\Python313\Lib\site-packages\numpy\random\_sfc64.cp313-win_amd64.pyd
0x00007ffc3bd40000 - 0x00007ffc3bdfc000 	C:\Users\luke\AppData\Local\Programs\Python\Python313\Lib\site-packages\numpy\random\_generator.cp313-win_amd64.pyd
0x00007ffcdbc90000 - 0x00007ffcdbc9b000 	C:\Users\luke\AppData\Local\Programs\Python\Python313\Lib\site-packages\pandas\_libs\pandas_parser.cp313-win_amd64.pyd
0x00007ffcda5d0000 - 0x00007ffcda5dc000 	C:\Users\luke\AppData\Local\Programs\Python\Python313\Lib\site-packages\pandas\_libs\pandas_datetime.cp313-win_amd64.pyd
0x00007ffc3bc20000 - 0x00007ffc3bd37000 	C:\Users\luke\AppData\Local\Programs\Python\Python313\Lib\site-packages\pandas\_libs\interval.cp313-win_amd64.pyd
0x00007ffc3ba50000 - 0x00007ffc3bc17000 	C:\Users\luke\AppData\Local\Programs\Python\Python313\Lib\site-packages\pandas\_libs\hashtable.cp313-win_amd64.pyd
0x00007ffc8dec0000 - 0x00007ffc8deed000 	C:\Users\luke\AppData\Local\Programs\Python\Python313\Lib\site-packages\pandas\_libs\missing.cp313-win_amd64.pyd
0x00007ffc7dd50000 - 0x00007ffc7dd7d000 	C:\Users\luke\AppData\Local\Programs\Python\Python313\Lib\site-packages\pandas\_libs\tslibs\dtypes.cp313-win_amd64.pyd
0x00007ffc8f8b0000 - 0x00007ffc8f8c5000 	C:\Users\luke\AppData\Local\Programs\Python\Python313\Lib\site-packages\pandas\_libs\tslibs\ccalendar.cp313-win_amd64.pyd
0x00007ffc8dea0000 - 0x00007ffc8dec0000 	C:\Users\luke\AppData\Local\Programs\Python\Python313\Lib\site-packages\pandas\_libs\tslibs\np_datetime.cp313-win_amd64.pyd
0x00007ffc77920000 - 0x00007ffc7795c000 	C:\Users\luke\AppData\Local\Programs\Python\Python313\Lib\site-packages\pandas\_libs\tslibs\conversion.cp313-win_amd64.pyd
0x00007ffc77650000 - 0x00007ffc77661000 	C:\Users\luke\AppData\Local\Programs\Python\Python313\Lib\site-packages\pandas\_libs\tslibs\base.cp313-win_amd64.pyd
0x00007ffc3b970000 - 0x00007ffc3ba4f000 	C:\Users\luke\AppData\Local\Programs\Python\Python313\Lib\site-packages\pandas\_libs\tslibs\offsets.cp313-win_amd64.pyd
0x00007ffc3b8f0000 - 0x00007ffc3b970000 	C:\Users\luke\AppData\Local\Programs\Python\Python313\Lib\site-packages\pandas\_libs\tslibs\timestamps.cp313-win_amd64.pyd
0x00007ffc6dbb0000 - 0x00007ffc6dbe4000 	C:\Users\luke\AppData\Local\Programs\Python\Python313\Lib\site-packages\pandas\_libs\tslibs\nattype.cp313-win_amd64.pyd
0x00007ffc3b870000 - 0x00007ffc3b8e8000 	C:\Users\luke\AppData\Local\Programs\Python\Python313\Lib\site-packages\pandas\_libs\tslibs\timedeltas.cp313-win_amd64.pyd
0x00007ffc40a40000 - 0x00007ffc40a7a000 	C:\Users\luke\AppData\Local\Programs\Python\Python313\Lib\site-packages\pandas\_libs\tslibs\timezones.cp313-win_amd64.pyd
0x00007ffcd07f0000 - 0x00007ffcd07fd000 	C:\Users\luke\AppData\Local\Programs\Python\Python313\DLLs\_zoneinfo.pyd
0x000002d789ce0000 - 0x000002d789ce3000 	C:\WINDOWS\SYSTEM32\tzres.dll
0x00007ffc3b820000 - 0x00007ffc3b866000 	C:\Users\luke\AppData\Local\Programs\Python\Python313\Lib\site-packages\pandas\_libs\tslibs\fields.cp313-win_amd64.pyd
0x00007ffc3b7e0000 - 0x00007ffc3b820000 	C:\Users\luke\AppData\Local\Programs\Python\Python313\Lib\site-packages\pandas\_libs\tslibs\tzconversion.cp313-win_amd64.pyd
0x00007ffc77630000 - 0x00007ffc77644000 	C:\Users\luke\AppData\Local\Programs\Python\Python313\Lib\site-packages\pandas\_libs\properties.cp313-win_amd64.pyd
0x00007ffc3b780000 - 0x00007ffc3b7d3000 	C:\Users\luke\AppData\Local\Programs\Python\Python313\Lib\site-packages\pandas\_libs\tslibs\parsing.cp313-win_amd64.pyd
0x00007ffc3b730000 - 0x00007ffc3b77e000 	C:\Users\luke\AppData\Local\Programs\Python\Python313\Lib\site-packages\pandas\_libs\tslibs\strptime.cp313-win_amd64.pyd
0x00007ffc3b6c0000 - 0x00007ffc3b729000 	C:\Users\luke\AppData\Local\Programs\Python\Python313\Lib\site-packages\pandas\_libs\tslibs\period.cp313-win_amd64.pyd
0x00007ffc3b680000 - 0x00007ffc3b6b3000 	C:\Users\luke\AppData\Local\Programs\Python\Python313\Lib\site-packages\pandas\_libs\tslibs\vectorized.cp313-win_amd64.pyd
0x00007ffcd0530000 - 0x00007ffcd0540000 	C:\Users\luke\AppData\Local\Programs\Python\Python313\Lib\site-packages\pandas\_libs\ops_dispatch.cp313-win_amd64.pyd
0x00007ffc3b4b0000 - 0x00007ffc3b672000 	C:\Users\luke\AppData\Local\Programs\Python\Python313\Lib\site-packages\pandas\_libs\algos.cp313-win_amd64.pyd
0x00007ffc3b400000 - 0x00007ffc3b4a7000 	C:\Users\luke\AppData\Local\Programs\Python\Python313\Lib\site-packages\pandas\_libs\lib.cp313-win_amd64.pyd
0x00007ffc3b350000 - 0x00007ffc3b3ff000 	C:\Users\luke\AppData\Local\Programs\Python\Python313\DLLs\unicodedata.pyd
0x00007ffc3b310000 - 0x00007ffc3b345000 	C:\Users\luke\AppData\Local\Programs\Python\Python313\Lib\site-packages\pandas\_libs\ops.cp313-win_amd64.pyd
0x00007ffc61d80000 - 0x00007ffc61dac000 	C:\Users\luke\AppData\Local\Programs\Python\Python313\Lib\site-packages\pandas\_libs\hashing.cp313-win_amd64.pyd

VM Arguments:
jvm_args: -Djava.awt.headless=true 
java_command: <unknown>
java_class_path (initial): C:\Users\luke\.jgo\net.imagej\imagej\RELEASE\28b74e6959b0634f2a8e10c27afe06e7039fb4a0dc582d9746d028ba40e5bd04\adapter-rxjava2-2.9.0.jar;C:\Users\luke\.jgo\net.imagej\imagej\RELEASE\28b74e6959b0634f2a8e10c27afe06e7039fb4a0dc582d9746d028ba40e5bd04\annotations-13.0.jar;C:\Users\luke\.jgo\net.imagej\imagej\RELEASE\28b74e6959b0634f2a8e10c27afe06e7039fb4a0dc582d9746d028ba40e5bd04\ant-1.10.15.jar;C:\Users\luke\.jgo\net.imagej\imagej\RELEASE\28b74e6959b0634f2a8e10c27afe06e7039fb4a0dc582d9746d028ba40e5bd04\ant-launcher-1.10.15.jar;C:\Users\luke\.jgo\net.imagej\imagej\RELEASE\28b74e6959b0634f2a8e10c27afe06e7039fb4a0dc582d9746d028ba40e5bd04\antlr-3.5.3.jar;C:\Users\luke\.jgo\net.imagej\imagej\RELEASE\28b74e6959b0634f2a8e10c27afe06e7039fb4a0dc582d9746d028ba40e5bd04\antlr-runtime-3.5.3.jar;C:\Users\luke\.jgo\net.imagej\imagej\RELEASE\28b74e6959b0634f2a8e10c27afe06e7039fb4a0dc582d9746d028ba40e5bd04\api-0.14.0.jar;C:\Users\luke\.jgo\net.imagej\imagej\RELEASE\28b74e6959b0634f2a8e10c27afe06e7039fb4a0dc582d9746d028ba40e5bd04\asm-9.7.jar;C:\Users\luke\.jgo\net.imagej\imagej\RELEASE\28b74e6959b0634f2a8e10c27afe06e7039fb4a0dc582d9746d028ba40e5bd04\asm-analysis-9.7.jar;C:\Users\luke\.jgo\net.imagej\imagej\RELEASE\28b74e6959b0634f2a8e10c27afe06e7039fb4a0dc582d9746d028ba40e5bd04\asm-commons-9.7.jar;C:\Users\luke\.jgo\net.imagej\imagej\RELEASE\28b74e6959b0634f2a8e10c27afe06e7039fb4a0dc582d9746d028ba40e5bd04\asm-tree-9.7.jar;C:\Users\luke\.jgo\net.imagej\imagej\RELEASE\28b74e6959b0634f2a8e10c27afe06e7039fb4a0dc582d9746d028ba40e5bd04\asm-util-9.7.jar;C:\Users\luke\.jgo\net.imagej\imagej\RELEASE\28b74e6959b0634f2a8e10c27afe06e7039fb4a0dc582d9746d028ba40e5bd04\autocomplete-3.3.1.jar;C:\Users\luke\.jgo\net.imagej\imagej\RELEASE\28b74e6959b0634f2a8e10c27afe06e7039fb4a0dc582d9746d028ba40e5bd04\base-18.09.0.jar;C:\Users\luke\.jgo\net.imagej\imagej\RELEASE\28b74e6959b0634f2a8e10c27afe06e7039fb4a0dc582d9746d028ba40e5bd04\base64-2.3.8.jar;C:\Users\luke\.jgo\net.imagej\imag
Launcher Type: generic

Environment Variables:
PATH=C:\Users\luke\AppData\Local\Programs\Python\Python313\Lib\site-packages\cv2\../../x64/vc14/bin;C:\Users\luke\AppData\Roaming\Python\Python313\site-packages\PySide6;C:\Program Files\Eclipse Adoptium\jdk-21.0.5.11-hotspot\bin;C:\Program Files (x86)\VMware\VMware Workstation\bin\;C:\OpenJDK21U-jdk_aarch64_windows_hotspot_21.0.5_11;C:\WINDOWS\system32;C:\WINDOWS;C:\WINDOWS\System32\Wbem;C:\WINDOWS\System32\WindowsPowerShell\v1.0\;C:\WINDOWS\System32\OpenSSH\;C:\Program Files (x86)\NVIDIA Corporation\PhysX\Common;C:\Program Files\NVIDIA Corporation\NVIDIA NvDLISR;C:\Program Files\PuTTY\;C:\Program Files\Git\cmd;C:\Users\luke\AppData\Local\Programs\Python\Python313;C:\Users\luke\AppData\Local\Programs\Python\Python313\Scripts;C:\Program Files\dotnet\;C:\Program Files\swipl;G:\apache-maven-3.9.9\bin;C:\Users\luke\AppData\Local\Programs\Python\Python313\Scripts\;C:\Users\luke\AppData\Local\Programs\Python\Python313\;C:\Users\luke\AppData\Local\Programs\Python\Launcher\;C:\Users\luke\AppData\Local\Microsoft\WindowsApps;C:\Program Files (x86)\Nmap;C:\Users\luke\AppData\Local\Programs\Microsoft VS Code\bin;C:\Users\luke\AppData\Local\Google\Cloud SDK\google-cloud-sdk\bin
USERNAME=luke
OS=Windows_NT
PROCESSOR_IDENTIFIER=Intel64 Family 6 Model 158 Stepping 13, GenuineIntel



---------------  S Y S T E M  ---------------

OS: Windows 11 , 64 bit Build 22621 (10.0.22621.4391)

CPU:total 8 (initial active 8) (8 cores per cpu, 1 threads per core) family 6 model 158 stepping 13, cmov, cx8, fxsr, mmx, sse, sse2, sse3, ssse3, sse4.1, sse4.2, popcnt, avx, avx2, aes, clmul, erms, 3dnowpref, lzcnt, tsc, tscinvbit, bmi1, bmi2, adx

Memory: 4k page, physical 33374188k(23011124k free), swap 36126700k(22880056k free)

vm_info: Java HotSpot(TM) 64-Bit Server VM (25.401-b10) for windows-amd64 JRE (1.8.0_401-b10), built on Dec 19 2023 12:38:48 by "java_re" with MS VC++ 17.1 (VS2022)

time: Sat Jan 11 19:09:38 2025
timezone: Pacific Standard Time
elapsed time: 8.885517 seconds (0d 0h 0m 8s)

