#
# A fatal error has been detected by the Java Runtime Environment:
#
#  EXCEPTION_ACCESS_VIOLATION (0xc0000005) at pc=0x00007ffc3313648f, pid=10936, tid=0x00000000000033d0
#
# JRE version: Java(TM) SE Runtime Environment (8.0_401) (build 1.8.0_401-b10)
# Java VM: Java HotSpot(TM) 64-Bit Server VM (25.401-b10 mixed mode windows-amd64 compressed oops)
# Problematic frame:
# C  [python313.dll+0x1c648f]
#
# Failed to write core dump. Minidumps are not enabled by default on client versions of Windows
#
# If you would like to submit a bug report, please visit:
#   http://bugreport.java.com/bugreport/crash.jsp
# The crash happened outside the Java Virtual Machine in native code.
# See problematic frame for where to report the bug.
#

---------------  T H R E A D  ---------------

Current thread (0x0000027f3b65a800):  JavaThread "main" [_thread_in_native, id=13264, stack(0x000000e1b0a00000,0x000000e1b0ce0000)]

siginfo: ExceptionCode=0xc0000005, reading address 0x0000000000000018

Registers:
RAX=0x0000000000000000, RBX=0x0000000000000020, RCX=0x000000e1b0cd79f0, RDX=0x0000000000000020
RSP=0x000000e1b0cd79a0, RBP=0x0000000000000000, RSI=0x0000000000000020, RDI=0x000000e1b0cd79f0
R8 =0x000000000000561c, R9 =0x0000000000000007, R10=0x0000027f3b665aa0, R11=0x000000e1b0cd7a60
R12=0x000000e1b0cd8100, R13=0x0000027f7e13df10, R14=0x0000000000000000, R15=0x000000e1b0cd8140
RIP=0x00007ffc3313648f, EFLAGS=0x0000000000010202

Top of Stack: (sp=0x000000e1b0cd79a0)
0x000000e1b0cd79a0:   0000027f3b65aa00 0000027f7e462578
0x000000e1b0cd79b0:   000000e1b0cd7ba0 00007ffc2215fd51
0x000000e1b0cd79c0:   0000000000000000 00007ffc338aaa67
0x000000e1b0cd79d0:   0000027f32a72100 0000000000000000
0x000000e1b0cd79e0:   0000000000000020 0000027f311e8240
0x000000e1b0cd79f0:   0000027f3b65a800 0000000000000000
0x000000e1b0cd7a00:   0000b9630000000b 0000000000000000
0x000000e1b0cd7a10:   0000000000000020 0000000000000000
0x000000e1b0cd7a20:   0000000000000000 00007ffc2215b8ba
0x000000e1b0cd7a30:   0000000000000000 0000000000000000
0x000000e1b0cd7a40:   0000000000000000 00007ffc3389252f
0x000000e1b0cd7a50:   0000027f3b65a800 0000000000000000
0x000000e1b0cd7a60:   000000e1b0cd8140 0000027f3b65a800
0x000000e1b0cd7a70:   0000027f7e149188 00007ffc33891944
0x000000e1b0cd7a80:   0000027f7e13df10 0000000000000002
0x000000e1b0cd7a90:   0000027f7e149188 00007ffc0000561c 

Instructions: (pc=0x00007ffc3313648f)
0x00007ffc3313646f:   24 20 e8 4a 11 e8 ff 90 e9 f4 9e e7 ff e8 d7 ec
0x00007ffc3313647f:   ff ff 90 e9 dd a3 e7 ff cc 48 8b 81 70 03 00 00
0x00007ffc3313648f:   48 8b 48 18 48 03 48 10 48 8d 41 07 48 83 e0 f8
0x00007ffc3313649f:   48 03 c2 48 8d 51 01 48 8d 14 d0 e9 66 b3 e7 ff 


Register to memory mapping:

RAX=0x0000000000000000 is an unknown value
RBX=0x0000000000000020 is an unknown value
RCX=0x000000e1b0cd79f0 is pointing into the stack for thread: 0x0000027f3b65a800
RDX=0x0000000000000020 is an unknown value
RSP=0x000000e1b0cd79a0 is pointing into the stack for thread: 0x0000027f3b65a800
RBP=0x0000000000000000 is an unknown value
RSI=0x0000000000000020 is an unknown value
RDI=0x000000e1b0cd79f0 is pointing into the stack for thread: 0x0000027f3b65a800
R8 =0x000000000000561c is an unknown value
R9 =0x0000000000000007 is an unknown value
R10=0x0000027f3b665aa0 is an unknown value
R11=0x000000e1b0cd7a60 is pointing into the stack for thread: 0x0000027f3b65a800
R12=0x000000e1b0cd8100 is pointing into the stack for thread: 0x0000027f3b65a800
R13=0x0000027f7e13df10 is an unknown value
R14=0x0000000000000000 is an unknown value
R15=0x000000e1b0cd8140 is pointing into the stack for thread: 0x0000027f3b65a800


Stack: [0x000000e1b0a00000,0x000000e1b0ce0000],  sp=0x000000e1b0cd79a0,  free space=2910k
Native frames: (J=compiled Java code, j=interpreted, Vv=VM code, C=native code)

Java frames: (J=compiled Java code, j=interpreted, Vv=VM code)
j  org.jpype.manager.TypeFactoryNative.newWrapper(JJ)V+0
j  org.jpype.JPypeContext.newWrapper(J)V+16
v  ~StubRoutines::call_stub
j  org.jpype.manager.TypeFactoryNative.newWrapper(JJ)V+0
j  org.jpype.JPypeContext.newWrapper(J)V+16
v  ~StubRoutines::call_stub

---------------  P R O C E S S  ---------------

Java Threads: ( => current thread )
  0x0000027f7e846800 JavaThread "Python Reference Queue" daemon [_thread_blocked, id=5820, stack(0x000000e1b9400000,0x000000e1b96e0000)]
  0x0000027f3bddb800 JavaThread "Service Thread" daemon [_thread_blocked, id=13580, stack(0x000000e1b8e40000,0x000000e1b9120000)]
  0x0000027f3bd43800 JavaThread "C1 CompilerThread3" daemon [_thread_blocked, id=16544, stack(0x000000e1b8b60000,0x000000e1b8e40000)]
  0x0000027f3bd37000 JavaThread "C2 CompilerThread2" daemon [_thread_blocked, id=14364, stack(0x000000e1b8880000,0x000000e1b8b60000)]
  0x0000027f3bd27800 JavaThread "C2 CompilerThread1" daemon [_thread_blocked, id=30792, stack(0x000000e1b85a0000,0x000000e1b8880000)]
  0x0000027f32cc5800 JavaThread "C2 CompilerThread0" daemon [_thread_blocked, id=24424, stack(0x000000e1b82c0000,0x000000e1b85a0000)]
  0x0000027f32cc2800 JavaThread "Attach Listener" daemon [_thread_blocked, id=29040, stack(0x000000e1b7fe0000,0x000000e1b82c0000)]
  0x0000027f32cc1000 JavaThread "Signal Dispatcher" daemon [_thread_blocked, id=23864, stack(0x000000e1b7d00000,0x000000e1b7fe0000)]
  0x0000027f3b517800 JavaThread "Finalizer" daemon [_thread_blocked, id=26364, stack(0x000000e1b7a20000,0x000000e1b7d00000)]
  0x0000027f3b515000 JavaThread "Reference Handler" daemon [_thread_blocked, id=27500, stack(0x000000e1b7740000,0x000000e1b7a20000)]
=>0x0000027f3b65a800 JavaThread "main" [_thread_in_native, id=13264, stack(0x000000e1b0a00000,0x000000e1b0ce0000)]

Other Threads:
  0x0000027f3b510000 VMThread [stack: 0x000000e1b7460000,0x000000e1b7740000] [id=28948]
  0x0000027f3bec1800 WatcherThread [stack: 0x000000e1b9120000,0x000000e1b9400000] [id=8536]

VM state:not at safepoint (normal execution)

VM Mutex/Monitor currently owned by a thread: None

heap address: 0x00000005c2c00000, size: 8148 MB, Compressed Oops mode: Zero based, Oop shift amount: 3
Narrow klass base: 0x0000000000000000, Narrow klass shift: 3
Compressed class space size: 1073741824 Address: 0x00000007c0000000

Heap:
 PSYoungGen      total 152576K, used 65657K [0x0000000716400000, 0x0000000720e00000, 0x00000007c0000000)
  eden space 131072K, 50% used [0x0000000716400000,0x000000071a41e4c0,0x000000071e400000)
  from space 21504K, 0% used [0x000000071f900000,0x000000071f900000,0x0000000720e00000)
  to   space 21504K, 0% used [0x000000071e400000,0x000000071e400000,0x000000071f900000)
 ParOldGen       total 348160K, used 0K [0x00000005c2c00000, 0x00000005d8000000, 0x0000000716400000)
  object space 348160K, 0% used [0x00000005c2c00000,0x00000005c2c00000,0x00000005d8000000)
 Metaspace       used 7434K, capacity 7634K, committed 7936K, reserved 1056768K
  class space    used 821K, capacity 907K, committed 1024K, reserved 1048576K

Card table byte_map: [0x0000027f69240000,0x0000027f6a230000] byte_map_base: 0x0000027f6642a000

Marking Bits: (ParMarkBitMap*) 0x00007ffc22835fc0
 Begin Bits: [0x0000027f6a230000, 0x0000027f72180000)
 End Bits:   [0x0000027f72180000, 0x0000027f7a0d0000)

Polling page: 0x0000027f39500000

CodeCache: size=245760Kb used=4005Kb max_used=4009Kb free=241755Kb
 bounds [0x0000027f5a240000, 0x0000027f5a630000, 0x0000027f69240000]
 total_blobs=1349 nmethods=1011 adapters=251
 compilation: enabled

Compilation events (10 events):
Event: 1.007 Thread 0x0000027f3bd43800 nmethod 1010 0x0000027f5a623050 code [0x0000027f5a6231a0, 0x0000027f5a623298]
Event: 1.007 Thread 0x0000027f3bd43800 1007       3       java.util.ArrayList::rangeCheckForAdd (26 bytes)
Event: 1.007 Thread 0x0000027f32cc5800 nmethod 1009 0x0000027f5a622cd0 code [0x0000027f5a622e20, 0x0000027f5a622f38]
Event: 1.007 Thread 0x0000027f3bd43800 nmethod 1007 0x0000027f5a62c1d0 code [0x0000027f5a62c3e0, 0x0000027f5a62cee0]
Event: 1.007 Thread 0x0000027f3bd43800 1005       1       java.lang.AbstractStringBuilder::length (5 bytes)
Event: 1.007 Thread 0x0000027f3bd43800 nmethod 1005 0x0000027f5a622a10 code [0x0000027f5a622b60, 0x0000027f5a622c78]
Event: 1.007 Thread 0x0000027f3bd43800 1008       1       java.lang.reflect.Modifier::methodModifiers (4 bytes)
Event: 1.007 Thread 0x0000027f3bd43800 nmethod 1008 0x0000027f5a622750 code [0x0000027f5a6228a0, 0x0000027f5a622998]
Event: 1.007 Thread 0x0000027f3bd43800 1011       3       java.lang.reflect.Method::isVarArgs (5 bytes)
Event: 1.007 Thread 0x0000027f3bd43800 nmethod 1011 0x0000027f5a62bd90 code [0x0000027f5a62bf00, 0x0000027f5a62c138]

GC Heap History (0 events):
No events

Deoptimization events (10 events):
Event: 0.793 Thread 0x0000027f3b65a800 Uncommon trap: reason=unstable_if action=reinterpret pc=0x0000027f5a46a604 method=java.util.StringTokenizer.skipDelimiters(I)I @ 64
Event: 0.793 Thread 0x0000027f3b65a800 Uncommon trap: reason=unstable_if action=reinterpret pc=0x0000027f5a54f134 method=java.util.StringTokenizer.scanToken(I)I @ 42
Event: 0.804 Thread 0x0000027f3b65a800 Uncommon trap: reason=loop_limit_check action=maybe_recompile pc=0x0000027f5a532500 method=java.lang.String.indexOf([CII[CIII)I @ 79
Event: 0.810 Thread 0x0000027f3b65a800 Uncommon trap: reason=unstable_if action=reinterpret pc=0x0000027f5a531248 method=java.util.HashMap.getNode(ILjava/lang/Object;)Ljava/util/HashMap$Node; @ 62
Event: 0.810 Thread 0x0000027f3b65a800 Uncommon trap: reason=class_check action=maybe_recompile pc=0x0000027f5a4ce250 method=java.util.HashMap.putVal(ILjava/lang/Object;Ljava/lang/Object;ZZ)Ljava/lang/Object; @ 91
Event: 0.810 Thread 0x0000027f3b65a800 Uncommon trap: reason=unstable_if action=reinterpret pc=0x0000027f5a436878 method=java.util.HashMap.getNode(ILjava/lang/Object;)Ljava/util/HashMap$Node; @ 62
Event: 0.810 Thread 0x0000027f3b65a800 Uncommon trap: reason=class_check action=maybe_recompile pc=0x0000027f5a4ce250 method=java.util.HashMap.putVal(ILjava/lang/Object;Ljava/lang/Object;ZZ)Ljava/lang/Object; @ 91
Event: 0.810 Thread 0x0000027f3b65a800 Uncommon trap: reason=class_check action=maybe_recompile pc=0x0000027f5a4ce250 method=java.util.HashMap.putVal(ILjava/lang/Object;Ljava/lang/Object;ZZ)Ljava/lang/Object; @ 91
Event: 0.810 Thread 0x0000027f3b65a800 Uncommon trap: reason=class_check action=maybe_recompile pc=0x0000027f5a4ce250 method=java.util.HashMap.putVal(ILjava/lang/Object;Ljava/lang/Object;ZZ)Ljava/lang/Object; @ 91
Event: 0.851 Thread 0x0000027f3b65a800 Uncommon trap: reason=unstable_if action=reinterpret pc=0x0000027f5a57ad34 method=java.net.URLStreamHandler.parseURL(Ljava/net/URL;Ljava/lang/String;II)V @ 143

Classes redefined (0 events):
No events

Internal exceptions (10 events):
Event: 0.792 Thread 0x0000027f3b65a800 Exception <a 'java/security/PrivilegedActionException'> (0x000000071965ce28) thrown at [C:\jenkins\workspace\8-2-build-windows-x64-cygwin-sans-NAS\jdk8u401\683\hotspot\src\share\vm\prims\jvm.cpp, line 1513]
Event: 0.792 Thread 0x0000027f3b65a800 Exception <a 'java/security/PrivilegedActionException'> (0x000000071965e588) thrown at [C:\jenkins\workspace\8-2-build-windows-x64-cygwin-sans-NAS\jdk8u401\683\hotspot\src\share\vm\prims\jvm.cpp, line 1513]
Event: 0.792 Thread 0x0000027f3b65a800 Exception <a 'java/security/PrivilegedActionException'> (0x000000071965e798) thrown at [C:\jenkins\workspace\8-2-build-windows-x64-cygwin-sans-NAS\jdk8u401\683\hotspot\src\share\vm\prims\jvm.cpp, line 1513]
Event: 0.792 Thread 0x0000027f3b65a800 Exception <a 'java/security/PrivilegedActionException'> (0x000000071965fef0) thrown at [C:\jenkins\workspace\8-2-build-windows-x64-cygwin-sans-NAS\jdk8u401\683\hotspot\src\share\vm\prims\jvm.cpp, line 1513]
Event: 0.792 Thread 0x0000027f3b65a800 Exception <a 'java/security/PrivilegedActionException'> (0x0000000719660100) thrown at [C:\jenkins\workspace\8-2-build-windows-x64-cygwin-sans-NAS\jdk8u401\683\hotspot\src\share\vm\prims\jvm.cpp, line 1513]
Event: 0.792 Thread 0x0000027f3b65a800 Exception <a 'java/security/PrivilegedActionException'> (0x00000007196617a8) thrown at [C:\jenkins\workspace\8-2-build-windows-x64-cygwin-sans-NAS\jdk8u401\683\hotspot\src\share\vm\prims\jvm.cpp, line 1513]
Event: 0.792 Thread 0x0000027f3b65a800 Exception <a 'java/security/PrivilegedActionException'> (0x00000007196619b8) thrown at [C:\jenkins\workspace\8-2-build-windows-x64-cygwin-sans-NAS\jdk8u401\683\hotspot\src\share\vm\prims\jvm.cpp, line 1513]
Event: 0.792 Thread 0x0000027f3b65a800 Exception <a 'java/security/PrivilegedActionException'> (0x0000000719662fe8) thrown at [C:\jenkins\workspace\8-2-build-windows-x64-cygwin-sans-NAS\jdk8u401\683\hotspot\src\share\vm\prims\jvm.cpp, line 1513]
Event: 0.792 Thread 0x0000027f3b65a800 Exception <a 'java/security/PrivilegedActionException'> (0x00000007196631f8) thrown at [C:\jenkins\workspace\8-2-build-windows-x64-cygwin-sans-NAS\jdk8u401\683\hotspot\src\share\vm\prims\jvm.cpp, line 1513]
Event: 0.792 Thread 0x0000027f3b65a800 Exception <a 'java/lang/NoClassDefFoundError': org/jpype/classloader/DynamicClassLoader> (0x0000000719672e40) thrown at [C:\jenkins\workspace\8-2-build-windows-x64-cygwin-sans-NAS\jdk8u401\683\hotspot\src\share\vm\classfile\systemDictionary.cpp, line 202]

Events (10 events):
Event: 1.001 loading class java/io/ObjectOutput done
Event: 1.001 loading class java/io/ObjectOutputStream done
Event: 1.004 loading class java/util/function/ToDoubleFunction
Event: 1.004 loading class java/util/function/ToDoubleFunction done
Event: 1.004 loading class java/util/function/ToIntFunction
Event: 1.004 loading class java/util/function/ToIntFunction done
Event: 1.004 loading class java/util/function/ToLongFunction
Event: 1.004 loading class java/util/function/ToLongFunction done
Event: 1.007 loading class org/jpype/JPypeSignal
Event: 1.007 loading class org/jpype/JPypeSignal done


Dynamic libraries:
0x00007ff6c0f10000 - 0x00007ff6c0f2a000 	C:\Users\luke\AppData\Local\Programs\Python\Python313\python.exe
0x00007ffcfa4b0000 - 0x00007ffcfa6c7000 	C:\WINDOWS\SYSTEM32\ntdll.dll
0x00007ffcf8f30000 - 0x00007ffcf8ff4000 	C:\WINDOWS\System32\KERNEL32.DLL
0x00007ffcf79d0000 - 0x00007ffcf7d8a000 	C:\WINDOWS\System32\KERNELBASE.dll
0x00007ffcf7e30000 - 0x00007ffcf7f41000 	C:\WINDOWS\System32\ucrtbase.dll
0x00007ffce1dd0000 - 0x00007ffce1dee000 	C:\Users\luke\AppData\Local\Programs\Python\Python313\VCRUNTIME140.dll
0x00007ffc32f70000 - 0x00007ffc335bc000 	C:\Users\luke\AppData\Local\Programs\Python\Python313\python313.dll
0x00007ffcf8ea0000 - 0x00007ffcf8f11000 	C:\WINDOWS\System32\WS2_32.dll
0x00007ffcf9dd0000 - 0x00007ffcf9ee4000 	C:\WINDOWS\System32\RPCRT4.dll
0x00007ffcf7f50000 - 0x00007ffcf7f78000 	C:\WINDOWS\System32\bcrypt.dll
0x00007ffcf3880000 - 0x00007ffcf388a000 	C:\WINDOWS\SYSTEM32\VERSION.dll
0x00007ffcf9100000 - 0x00007ffcf91b2000 	C:\WINDOWS\System32\ADVAPI32.dll
0x00007ffcf8540000 - 0x00007ffcf85e7000 	C:\WINDOWS\System32\msvcrt.dll
0x00007ffcf92d0000 - 0x00007ffcf9377000 	C:\WINDOWS\System32\sechost.dll
0x00007ffcf78a0000 - 0x00007ffcf791b000 	C:\WINDOWS\System32\bcryptprimitives.dll
0x0000027f1fb10000 - 0x0000027f1fb20000 	C:\Users\luke\AppData\Local\Programs\Python\Python313\python3.DLL
0x00007ffce1db0000 - 0x00007ffce1dc5000 	C:\Users\luke\AppData\Local\Programs\Python\Python313\DLLs\_bz2.pyd
0x00007ffcdd4a0000 - 0x00007ffcdd4c7000 	C:\Users\luke\AppData\Local\Programs\Python\Python313\DLLs\_lzma.pyd
0x00007ffcdd430000 - 0x00007ffcdd439000 	C:\Users\luke\AppData\Roaming\Python\Python313\site-packages\shiboken6\Shiboken.pyd
0x00007ffc85fc0000 - 0x00007ffc8601d000 	C:\Users\luke\AppData\Roaming\Python\Python313\site-packages\shiboken6\shiboken6.abi3.dll
0x00007ffcf35b0000 - 0x00007ffcf35bc000 	C:\Users\luke\AppData\Roaming\Python\Python313\site-packages\shiboken6\VCRUNTIME140_1.dll
0x00007ffc338e0000 - 0x00007ffc3396d000 	C:\Users\luke\AppData\Roaming\Python\Python313\site-packages\shiboken6\MSVCP140.dll
0x00007ffc32450000 - 0x00007ffc32a53000 	C:\Users\luke\AppData\Roaming\Python\Python313\site-packages\PySide6\QtWidgets.pyd
0x00007ffcc6e50000 - 0x00007ffcc6e8b000 	C:\Users\luke\AppData\Roaming\Python\Python313\site-packages\PySide6\pyside6.abi3.dll
0x00007ffc31e10000 - 0x00007ffc32446000 	C:\Users\luke\AppData\Roaming\Python\Python313\site-packages\PySide6\Qt6Widgets.dll
0x00007ffc31530000 - 0x00007ffc31e10000 	C:\Users\luke\AppData\Roaming\Python\Python313\site-packages\PySide6\Qt6Gui.dll
0x00007ffc30f50000 - 0x00007ffc31527000 	C:\Users\luke\AppData\Roaming\Python\Python313\site-packages\PySide6\Qt6Core.dll
0x00007ffcf9f30000 - 0x00007ffcfa0de000 	C:\WINDOWS\System32\USER32.dll
0x00007ffcf9c20000 - 0x00007ffcf9dc5000 	C:\WINDOWS\System32\ole32.dll
0x00007ffcf9ef0000 - 0x00007ffcf9f19000 	C:\WINDOWS\System32\GDI32.dll
0x00007ffcf7920000 - 0x00007ffcf7946000 	C:\WINDOWS\System32\win32u.dll
0x00007ffcf7d90000 - 0x00007ffcf7e2a000 	C:\WINDOWS\System32\msvcp_win.dll
0x00007ffcf7780000 - 0x00007ffcf789b000 	C:\WINDOWS\System32\gdi32full.dll
0x00007ffcf81b0000 - 0x00007ffcf853f000 	C:\WINDOWS\System32\combase.dll
0x00007ffcf9380000 - 0x00007ffcf9bf8000 	C:\WINDOWS\System32\SHELL32.dll
0x00007ffcfa2a0000 - 0x00007ffcfa377000 	C:\WINDOWS\System32\OLEAUT32.dll
0x00007ffcf4a30000 - 0x00007ffcf4a5b000 	C:\WINDOWS\SYSTEM32\dwmapi.dll
0x00007ffcf4780000 - 0x00007ffcf4831000 	C:\WINDOWS\SYSTEM32\UxTheme.dll
0x00007ffcd4b40000 - 0x00007ffcd4b5e000 	C:\WINDOWS\SYSTEM32\MPR.dll
0x00007ffcf6e20000 - 0x00007ffcf6e48000 	C:\WINDOWS\SYSTEM32\USERENV.dll
0x00007ffcf63b0000 - 0x00007ffcf63fe000 	C:\WINDOWS\SYSTEM32\AUTHZ.dll
0x00007ffcdc4e0000 - 0x00007ffcdc4f9000 	C:\WINDOWS\SYSTEM32\NETAPI32.dll
0x00007ffcf21b0000 - 0x00007ffcf2407000 	C:\WINDOWS\SYSTEM32\d3d11.dll
0x00007ffcf4920000 - 0x00007ffcf4a17000 	C:\WINDOWS\SYSTEM32\dxgi.dll
0x00007ffcf2470000 - 0x00007ffcf2496000 	C:\WINDOWS\SYSTEM32\d3d12.dll
0x00007ffcdd0f0000 - 0x00007ffcdd0f9000 	C:\Users\luke\AppData\Roaming\Python\Python313\site-packages\PySide6\MSVCP140_1.dll
0x00007ffce82c0000 - 0x00007ffce82f4000 	C:\WINDOWS\SYSTEM32\WINMM.dll
0x00007ffcf1f30000 - 0x00007ffcf21a3000 	C:\WINDOWS\SYSTEM32\DWrite.dll
0x00007ffc4be20000 - 0x00007ffc4be61000 	C:\Users\luke\AppData\Roaming\Python\Python313\site-packages\PySide6\MSVCP140_2.dll
0x00007ffcf6fa0000 - 0x00007ffcf6fac000 	C:\WINDOWS\SYSTEM32\CRYPTBASE.DLL
0x00007ffcf6220000 - 0x00007ffcf622c000 	C:\WINDOWS\SYSTEM32\NETUTILS.DLL
0x00007ffceb2c0000 - 0x00007ffceb2e8000 	C:\WINDOWS\SYSTEM32\SRVCLI.DLL
0x00007ffcf8db0000 - 0x00007ffcf8de1000 	C:\WINDOWS\System32\IMM32.DLL
0x00007ffc30b40000 - 0x00007ffc30f41000 	C:\Users\luke\AppData\Roaming\Python\Python313\site-packages\PySide6\QtGui.pyd
0x00007ffc307c0000 - 0x00007ffc30b37000 	C:\Users\luke\AppData\Roaming\Python\Python313\site-packages\PySide6\QtCore.pyd
0x00007ffc303a0000 - 0x00007ffc307b6000 	C:\Users\luke\AppData\Local\Programs\Python\Python313\Lib\site-packages\numpy\_core\_multiarray_umath.cp313-win_amd64.pyd
0x00007ffc2b4c0000 - 0x00007ffc2c826000 	C:\Users\luke\AppData\Local\Programs\Python\Python313\Lib\site-packages\numpy.libs\libscipy_openblas64_-43e11ff0749b8cbe0a615c9cf6737e0e.dll
0x00007ffc30310000 - 0x00007ffc3039d000 	C:\Users\luke\AppData\Local\Programs\Python\Python313\Lib\site-packages\numpy.libs\msvcp140-d64049c6e3865410a7dda6a7e9f0c575.dll
0x00007ffcdd100000 - 0x00007ffcdd122000 	C:\Users\luke\AppData\Local\Programs\Python\Python313\DLLs\_ctypes.pyd
0x00007ffce2180000 - 0x00007ffce218b000 	C:\Users\luke\AppData\Local\Programs\Python\Python313\DLLs\libffi-8.dll
0x00007ffce1960000 - 0x00007ffce196b000 	C:\Users\luke\AppData\Local\Programs\Python\Python313\DLLs\_wmi.pyd
0x00007ffcf3b30000 - 0x00007ffcf3c31000 	C:\WINDOWS\SYSTEM32\PROPSYS.dll
0x00007ffcdb030000 - 0x00007ffcdb04e000 	C:\Users\luke\AppData\Local\Programs\Python\Python313\Lib\site-packages\numpy\linalg\_umath_linalg.cp313-win_amd64.pyd
0x00007ffc26c90000 - 0x00007ffc2b4b4000 	C:\Users\luke\AppData\Local\Programs\Python\Python313\Lib\site-packages\cv2\cv2.pyd
0x00007ffcf9000000 - 0x00007ffcf9100000 	C:\WINDOWS\System32\COMDLG32.dll
0x00007ffcf91c0000 - 0x00007ffcf92ba000 	C:\WINDOWS\System32\shcore.dll
0x00007ffcfa380000 - 0x00007ffcfa3de000 	C:\WINDOWS\System32\SHLWAPI.dll
0x00007ffcecf80000 - 0x00007ffcecf89000 	C:\WINDOWS\SYSTEM32\WSOCK32.dll
0x00007ffcdf1a0000 - 0x00007ffcdf432000 	C:\WINDOWS\WinSxS\amd64_microsoft.windows.common-controls_6595b64144ccf1df_6.0.22621.4541_none_2710d1c57384c085\COMCTL32.dll
0x00007ffcdd900000 - 0x00007ffcddace000 	C:\WINDOWS\SYSTEM32\MFPlat.DLL
0x00007ffcd6b60000 - 0x00007ffcd6bea000 	C:\WINDOWS\SYSTEM32\MF.dll
0x00007ffc9f5e0000 - 0x00007ffc9f701000 	C:\WINDOWS\SYSTEM32\MFReadWrite.dll
0x00007ffcf7470000 - 0x00007ffcf74be000 	C:\WINDOWS\SYSTEM32\cfgmgr32.dll
0x00007ffcd6600000 - 0x00007ffcd699b000 	C:\WINDOWS\SYSTEM32\MFCORE.DLL
0x00007ffcf6830000 - 0x00007ffcf6848000 	C:\WINDOWS\SYSTEM32\kernel.appcore.dll
0x00007ffcde670000 - 0x00007ffcde6a3000 	C:\WINDOWS\SYSTEM32\RTWorkQ.DLL
0x00007ffc33860000 - 0x00007ffc338d8000 	C:\Users\luke\AppData\Local\Programs\Python\Python313\Lib\site-packages\_jpype.cp313-win_amd64.pyd
0x00007ffca52c0000 - 0x00007ffca5305000 	C:\Users\luke\AppData\Local\Programs\Python\Python313\DLLs\_decimal.pyd
0x00007ffce2190000 - 0x00007ffce21a0000 	C:\Users\luke\AppData\Local\Programs\Python\Python313\DLLs\_hashlib.pyd
0x00007ffc32a60000 - 0x00007ffc32f63000 	C:\Users\luke\AppData\Local\Programs\Python\Python313\DLLs\libcrypto-3.dll
0x00007ffcdfb60000 - 0x00007ffcdfb76000 	C:\Users\luke\AppData\Local\Programs\Python\Python313\DLLs\_socket.pyd
0x00007ffcf6230000 - 0x00007ffcf625d000 	C:\WINDOWS\SYSTEM32\IPHLPAPI.DLL
0x00007ffce1bd0000 - 0x00007ffce1bd9000 	C:\Users\luke\AppData\Local\Programs\Python\Python313\DLLs\select.pyd
0x00007ffcedef0000 - 0x00007ffcedf04000 	C:\Users\luke\AppData\Local\Programs\Python\Python313\Lib\site-packages\psutil\_psutil_windows.pyd
0x00007ffcf9f20000 - 0x00007ffcf9f28000 	C:\WINDOWS\System32\PSAPI.DLL
0x00007ffcd4000000 - 0x00007ffcd4050000 	C:\WINDOWS\SYSTEM32\pdh.dll
0x00007ffcf6970000 - 0x00007ffcf69bd000 	C:\WINDOWS\SYSTEM32\POWRPROF.dll
0x00007ffcf6950000 - 0x00007ffcf6963000 	C:\WINDOWS\SYSTEM32\UMPDC.dll
0x00007ffcf6570000 - 0x00007ffcf6584000 	C:\WINDOWS\SYSTEM32\wtsapi32.dll
0x00007ffcb0150000 - 0x00007ffcb017e000 	C:\Users\luke\AppData\Local\Programs\Python\Python313\Lib\site-packages\numpy\random\bit_generator.cp313-win_amd64.pyd
0x00007ffca67c0000 - 0x00007ffca67ed000 	C:\Users\luke\AppData\Local\Programs\Python\Python313\Lib\site-packages\numpy\random\_common.cp313-win_amd64.pyd
0x00007ffc301f0000 - 0x00007ffc30290000 	C:\Users\luke\AppData\Local\Programs\Python\Python313\Lib\site-packages\numpy\random\mtrand.cp313-win_amd64.pyd
0x00007ffc9f520000 - 0x00007ffc9f55b000 	C:\Users\luke\AppData\Local\Programs\Python\Python313\Lib\site-packages\numpy\random\_bounded_integers.cp313-win_amd64.pyd
0x00007ffcbb290000 - 0x00007ffcbb2aa000 	C:\Users\luke\AppData\Local\Programs\Python\Python313\Lib\site-packages\numpy\random\_mt19937.cp313-win_amd64.pyd
0x00007ffcb8140000 - 0x00007ffcb8158000 	C:\Users\luke\AppData\Local\Programs\Python\Python313\Lib\site-packages\numpy\random\_philox.cp313-win_amd64.pyd
0x00007ffca7fd0000 - 0x00007ffca7feb000 	C:\Users\luke\AppData\Local\Programs\Python\Python313\Lib\site-packages\numpy\random\_pcg64.cp313-win_amd64.pyd
0x00007ffca5750000 - 0x00007ffca5763000 	C:\Users\luke\AppData\Local\Programs\Python\Python313\Lib\site-packages\numpy\random\_sfc64.cp313-win_amd64.pyd
0x00007ffc30130000 - 0x00007ffc301ec000 	C:\Users\luke\AppData\Local\Programs\Python\Python313\Lib\site-packages\numpy\random\_generator.cp313-win_amd64.pyd
0x00007ffcdbd00000 - 0x00007ffcdbd0b000 	C:\Users\luke\AppData\Local\Programs\Python\Python313\Lib\site-packages\pandas\_libs\pandas_parser.cp313-win_amd64.pyd
0x00007ffcdb770000 - 0x00007ffcdb77c000 	C:\Users\luke\AppData\Local\Programs\Python\Python313\Lib\site-packages\pandas\_libs\pandas_datetime.cp313-win_amd64.pyd
0x00007ffc30010000 - 0x00007ffc30127000 	C:\Users\luke\AppData\Local\Programs\Python\Python313\Lib\site-packages\pandas\_libs\interval.cp313-win_amd64.pyd
0x00007ffc2fe40000 - 0x00007ffc30007000 	C:\Users\luke\AppData\Local\Programs\Python\Python313\Lib\site-packages\pandas\_libs\hashtable.cp313-win_amd64.pyd
0x00007ffc99a90000 - 0x00007ffc99abd000 	C:\Users\luke\AppData\Local\Programs\Python\Python313\Lib\site-packages\pandas\_libs\missing.cp313-win_amd64.pyd
0x00007ffc98b30000 - 0x00007ffc98b5d000 	C:\Users\luke\AppData\Local\Programs\Python\Python313\Lib\site-packages\pandas\_libs\tslibs\dtypes.cp313-win_amd64.pyd
0x00007ffc982a0000 - 0x00007ffc982b5000 	C:\Users\luke\AppData\Local\Programs\Python\Python313\Lib\site-packages\pandas\_libs\tslibs\ccalendar.cp313-win_amd64.pyd
0x00007ffc98280000 - 0x00007ffc982a0000 	C:\Users\luke\AppData\Local\Programs\Python\Python313\Lib\site-packages\pandas\_libs\tslibs\np_datetime.cp313-win_amd64.pyd
0x00007ffc41ea0000 - 0x00007ffc41edc000 	C:\Users\luke\AppData\Local\Programs\Python\Python313\Lib\site-packages\pandas\_libs\tslibs\conversion.cp313-win_amd64.pyd
0x00007ffc4c020000 - 0x00007ffc4c031000 	C:\Users\luke\AppData\Local\Programs\Python\Python313\Lib\site-packages\pandas\_libs\tslibs\base.cp313-win_amd64.pyd
0x00007ffc2fd60000 - 0x00007ffc2fe3f000 	C:\Users\luke\AppData\Local\Programs\Python\Python313\Lib\site-packages\pandas\_libs\tslibs\offsets.cp313-win_amd64.pyd
0x00007ffc2fce0000 - 0x00007ffc2fd60000 	C:\Users\luke\AppData\Local\Programs\Python\Python313\Lib\site-packages\pandas\_libs\tslibs\timestamps.cp313-win_amd64.pyd
0x00007ffc2fca0000 - 0x00007ffc2fcd4000 	C:\Users\luke\AppData\Local\Programs\Python\Python313\Lib\site-packages\pandas\_libs\tslibs\nattype.cp313-win_amd64.pyd
0x00007ffc2fc20000 - 0x00007ffc2fc98000 	C:\Users\luke\AppData\Local\Programs\Python\Python313\Lib\site-packages\pandas\_libs\tslibs\timedeltas.cp313-win_amd64.pyd
0x00007ffc2fbe0000 - 0x00007ffc2fc1a000 	C:\Users\luke\AppData\Local\Programs\Python\Python313\Lib\site-packages\pandas\_libs\tslibs\timezones.cp313-win_amd64.pyd
0x00007ffcdb700000 - 0x00007ffcdb70d000 	C:\Users\luke\AppData\Local\Programs\Python\Python313\DLLs\_zoneinfo.pyd
0x0000027f31bb0000 - 0x0000027f31bb3000 	C:\WINDOWS\SYSTEM32\tzres.dll
0x00007ffc2fb90000 - 0x00007ffc2fbd6000 	C:\Users\luke\AppData\Local\Programs\Python\Python313\Lib\site-packages\pandas\_libs\tslibs\fields.cp313-win_amd64.pyd
0x00007ffc2fb50000 - 0x00007ffc2fb90000 	C:\Users\luke\AppData\Local\Programs\Python\Python313\Lib\site-packages\pandas\_libs\tslibs\tzconversion.cp313-win_amd64.pyd
0x00007ffc3b420000 - 0x00007ffc3b434000 	C:\Users\luke\AppData\Local\Programs\Python\Python313\Lib\site-packages\pandas\_libs\properties.cp313-win_amd64.pyd
0x00007ffc2faf0000 - 0x00007ffc2fb43000 	C:\Users\luke\AppData\Local\Programs\Python\Python313\Lib\site-packages\pandas\_libs\tslibs\parsing.cp313-win_amd64.pyd
0x00007ffc2faa0000 - 0x00007ffc2faee000 	C:\Users\luke\AppData\Local\Programs\Python\Python313\Lib\site-packages\pandas\_libs\tslibs\strptime.cp313-win_amd64.pyd
0x00007ffc2f680000 - 0x00007ffc2f6e9000 	C:\Users\luke\AppData\Local\Programs\Python\Python313\Lib\site-packages\pandas\_libs\tslibs\period.cp313-win_amd64.pyd
0x00007ffc2f640000 - 0x00007ffc2f673000 	C:\Users\luke\AppData\Local\Programs\Python\Python313\Lib\site-packages\pandas\_libs\tslibs\vectorized.cp313-win_amd64.pyd
0x00007ffcdafd0000 - 0x00007ffcdafe0000 	C:\Users\luke\AppData\Local\Programs\Python\Python313\Lib\site-packages\pandas\_libs\ops_dispatch.cp313-win_amd64.pyd
0x00007ffc2f470000 - 0x00007ffc2f632000 	C:\Users\luke\AppData\Local\Programs\Python\Python313\Lib\site-packages\pandas\_libs\algos.cp313-win_amd64.pyd
0x00007ffc2f3c0000 - 0x00007ffc2f467000 	C:\Users\luke\AppData\Local\Programs\Python\Python313\Lib\site-packages\pandas\_libs\lib.cp313-win_amd64.pyd
0x00007ffc33760000 - 0x00007ffc3380f000 	C:\Users\luke\AppData\Local\Programs\Python\Python313\DLLs\unicodedata.pyd
0x00007ffc2f380000 - 0x00007ffc2f3b5000 	C:\Users\luke\AppData\Local\Programs\Python\Python313\Lib\site-packages\pandas\_libs\ops.cp313-win_amd64.pyd
0x00007ffc2f9d0000 - 0x00007ffc2f9fc000 	C:\Users\luke\AppData\Local\Programs\Python\Python313\Lib\site-packages\pandas\_libs\hashing.cp313-win_amd64.pyd

VM Arguments:
jvm_args: -Djava.awt.headless=true 
java_command: <unknown>
java_class_path (initial): C:\Users\luke\.jgo\sc.fiji\fiji\2.14.0\6340dbfb348280a58dc146ebebdb4bac8203dfb4cabdff63269f6c011a80caf0\3D_Blob_Segmentation-3.0.2.jar;C:\Users\luke\.jgo\sc.fiji\fiji\2.14.0\6340dbfb348280a58dc146ebebdb4bac8203dfb4cabdff63269f6c011a80caf0\3D_Objects_Counter-2.0.1.jar;C:\Users\luke\.jgo\sc.fiji\fiji\2.14.0\6340dbfb348280a58dc146ebebdb4bac8203dfb4cabdff63269f6c011a80caf0\3D_Viewer-4.0.5.jar;C:\Users\luke\.jgo\sc.fiji\fiji\2.14.0\6340dbfb348280a58dc146ebebdb4bac8203dfb4cabdff63269f6c011a80caf0\ahocorasick-0.2.4.jar;C:\Users\luke\.jgo\sc.fiji\fiji\2.14.0\6340dbfb348280a58dc146ebebdb4bac8203dfb4cabdff63269f6c011a80caf0\aircompressor-0.21.jar;C:\Users\luke\.jgo\sc.fiji\fiji\2.14.0\6340dbfb348280a58dc146ebebdb4bac8203dfb4cabdff63269f6c011a80caf0\alphanumeric-comparator-1.4.1.jar;C:\Users\luke\.jgo\sc.fiji\fiji\2.14.0\6340dbfb348280a58dc146ebebdb4bac8203dfb4cabdff63269f6c011a80caf0\AnalyzeSkeleton_-3.4.2.jar;C:\Users\luke\.jgo\sc.fiji\fiji\2.14.0\6340dbfb348280a58dc146ebebdb4bac8203dfb4cabdff63269f6c011a80caf0\animal-sniffer-annotations-1.23.jar;C:\Users\luke\.jgo\sc.fiji\fiji\2.14.0\6340dbfb348280a58dc146ebebdb4bac8203dfb4cabdff63269f6c011a80caf0\Anisotropic_Diffusion_2D-2.0.1.jar;C:\Users\luke\.jgo\sc.fiji\fiji\2.14.0\6340dbfb348280a58dc146ebebdb4bac8203dfb4cabdff63269f6c011a80caf0\annotations-13.0.jar;C:\Users\luke\.jgo\sc.fiji\fiji\2.14.0\6340dbfb348280a58dc146ebebdb4bac8203dfb4cabdff63269f6c011a80caf0\annotations-4.1.1.4.jar;C:\Users\luke\.jgo\sc.fiji\fiji\2.14.0\6340dbfb348280a58dc146ebebdb4bac8203dfb4cabdff63269f6c011a80caf0\ant-1.10.13.jar;C:\Users\luke\.jgo\sc.fiji\fiji\2.14.0\6340dbfb348280a58dc146ebebdb4bac8203dfb4cabdff63269f6c011a80caf0\ant-launcher-1.10.13.jar;C:\Users\luke\.jgo\sc.fiji\fiji\2.14.0\6340dbfb348280a58dc146ebebdb4bac8203dfb4cabdff63269f6c011a80caf0\antlr-2.7.7.jar;C:\Users\luke\.jgo\sc.fiji\fiji\2.14.0\6340dbfb348280a58dc146ebebdb4bac8203dfb4cabdff63269f6c011a80caf0\antlr-3.5.3.jar;C:\Users\luke\.jgo\sc.fiji\fiji\2.14
Launcher Type: generic

Environment Variables:
PATH=C:\Users\luke\AppData\Local\Programs\Python\Python313\Lib\site-packages\cv2\../../x64/vc14/bin;C:\Users\luke\AppData\Roaming\Python\Python313\site-packages\PySide6;C:\Program Files\Eclipse Adoptium\jdk-21.0.5.11-hotspot\bin;C:\Program Files (x86)\VMware\VMware Workstation\bin\;C:\OpenJDK21U-jdk_aarch64_windows_hotspot_21.0.5_11;C:\WINDOWS\system32;C:\WINDOWS;C:\WINDOWS\System32\Wbem;C:\WINDOWS\System32\WindowsPowerShell\v1.0\;C:\WINDOWS\System32\OpenSSH\;C:\Program Files (x86)\NVIDIA Corporation\PhysX\Common;C:\Program Files\NVIDIA Corporation\NVIDIA NvDLISR;C:\Program Files\PuTTY\;C:\Program Files\Git\cmd;C:\Users\luke\AppData\Local\Programs\Python\Python313;C:\Users\luke\AppData\Local\Programs\Python\Python313\Scripts;C:\Program Files\dotnet\;C:\Program Files\swipl;G:\apache-maven-3.9.9\bin;C:\Users\luke\AppData\Local\Programs\Python\Python313\Scripts\;C:\Users\luke\AppData\Local\Programs\Python\Python313\;C:\Users\luke\AppData\Local\Programs\Python\Launcher\;C:\Users\luke\AppData\Local\Microsoft\WindowsApps;C:\Program Files (x86)\Nmap;C:\Users\luke\AppData\Local\Programs\Microsoft VS Code\bin;C:\Users\luke\AppData\Local\Google\Cloud SDK\google-cloud-sdk\bin
USERNAME=luke
OS=Windows_NT
PROCESSOR_IDENTIFIER=Intel64 Family 6 Model 158 Stepping 13, GenuineIntel



---------------  S Y S T E M  ---------------

OS: Windows 11 , 64 bit Build 22621 (10.0.22621.4391)

CPU:total 8 (initial active 8) (8 cores per cpu, 1 threads per core) family 6 model 158 stepping 13, cmov, cx8, fxsr, mmx, sse, sse2, sse3, ssse3, sse4.1, sse4.2, popcnt, avx, avx2, aes, clmul, erms, 3dnowpref, lzcnt, tsc, tscinvbit, bmi1, bmi2, adx

Memory: 4k page, physical 33374188k(19142560k free), swap 35471340k(17702896k free)

vm_info: Java HotSpot(TM) 64-Bit Server VM (25.401-b10) for windows-amd64 JRE (1.8.0_401-b10), built on Dec 19 2023 12:38:48 by "java_re" with MS VC++ 17.1 (VS2022)

time: Fri Dec 27 12:36:28 2024
timezone: Pacific Standard Time
elapsed time: 1.028415 seconds (0d 0h 0m 1s)

