#
# A fatal error has been detected by the Java Runtime Environment:
#
#  EXCEPTION_ACCESS_VIOLATION (0xc0000005) at pc=0x00007ffc3468648f, pid=7856, tid=24252
#
# JRE version: OpenJDK Runtime Environment Temurin-11.0.25+9 (11.0.25+9) (build 11.0.25+9)
# Java VM: OpenJDK 64-Bit Client VM Temurin-11.0.25+9 (11.0.25+9, mixed mode, serial gc, windows-amd64)
# Problematic frame:
# C  [python313.dll+0x1c648f]
#
# No core dump will be written. Minidumps are not enabled by default on client versions of Windows
#
# If you would like to submit a bug report, please visit:
#   https://github.com/adoptium/adoptium-support/issues
# The crash happened outside the Java Virtual Machine in native code.
# See problematic frame for where to report the bug.
#

---------------  S U M M A R Y ------------

Command Line: -Djava.awt.headless=true --add-opens=java.base/java.lang=ALL-UNNAMED --add-opens=java.base/java.util=ALL-UNNAMED --add-opens=java.desktop/sun.awt.X11=ALL-UNNAMED 

Host: Intel(R) Core(TM) i7-9700 CPU @ 3.00GHz, 8 cores, 31G,  Windows 11 , 64 bit Build 22621 (10.0.22621.4391)
Time: Sat Jan 11 20:40:16 2025 Pacific Standard Time elapsed time: 0.815614 seconds (0d 0h 0m 0s)

---------------  T H R E A D  ---------------

Current thread (0x000001a656a3a000):  JavaThread "main" [_thread_in_native, id=24252, stack(0x0000001c4e600000,0x0000001c4e8e0000)]

Stack: [0x0000001c4e600000,0x0000001c4e8e0000],  sp=0x0000001c4e8dce10,  free space=2931k
Native frames: (J=compiled Java code, j=interpreted, Vv=VM code, C=native code)
C  [python313.dll+0x1c648f]
C  [_jpype.cp313-win_amd64.pyd+0x4aa67]
C  [_jpype.cp313-win_amd64.pyd+0xc9cf]
C  [_jpype.cp313-win_amd64.pyd+0x3aa5e]
C  [python313.dll+0x56732]
C  [python313.dll+0x564f0]
C  [_jpype.cp313-win_amd64.pyd+0x3a29d]
C  [python313.dll+0x11587]
C  [python313.dll+0x892bd]
C  [python313.dll+0x872ec]
C  [python313.dll+0x7df51]
C  [python313.dll+0x7de9b]
C  [_jpype.cp313-win_amd64.pyd+0x3e304]
C  [_jpype.cp313-win_amd64.pyd+0x2c9cb]
C  0x000001a660b5e39a

Java frames: (J=compiled Java code, j=interpreted, Vv=VM code)
j  org.jpype.manager.TypeFactoryNative.newWrapper(JJ)V+0
j  org.jpype.JPypeContext.newWrapper(J)V+16
v  ~StubRoutines::call_stub
j  org.jpype.manager.TypeFactoryNative.newWrapper(JJ)V+0
j  org.jpype.JPypeContext.newWrapper(J)V+16
v  ~StubRoutines::call_stub

siginfo: EXCEPTION_ACCESS_VIOLATION (0xc0000005), reading address 0x0000000000000018


Register to memory mapping:

RIP=0x00007ffc3468648f python313.dll
RAX=0x0 is NULL
RBX=0x0000000000000020 is an unknown value
RCX=0x0000001c4e8dce60 is pointing into the stack for thread: 0x000001a656a3a000
RDX=0x0000000000000020 is an unknown value
RSP=0x0000001c4e8dce10 is pointing into the stack for thread: 0x000001a656a3a000
RBP=0x0 is NULL
RSI=0x0000000000000020 is an unknown value
RDI=0x0000001c4e8dce60 is pointing into the stack for thread: 0x000001a656a3a000
R8 =0x000000000000561c is an unknown value
R9 =0x0000000000000003 is an unknown value
R10=0x000001a657115710 points into unknown readable memory: 0x0000003c00000002 | 02 00 00 00 3c 00 00 00
R11=0x0000001c4e8dced0 is pointing into the stack for thread: 0x000001a656a3a000
R12=0x0000001c4e8dd570 is pointing into the stack for thread: 0x000001a656a3a000
R13=0x000001a67493d690 points into unknown readable memory: 0x00007ffc408169e0 | e0 69 81 40 fc 7f 00 00
R14=0x0 is NULL
R15=0x0000001c4e8dd5b0 is pointing into the stack for thread: 0x000001a656a3a000


Registers:
RAX=0x0000000000000000, RBX=0x0000000000000020, RCX=0x0000001c4e8dce60, RDX=0x0000000000000020
RSP=0x0000001c4e8dce10, RBP=0x0000000000000000, RSI=0x0000000000000020, RDI=0x0000001c4e8dce60
R8 =0x000000000000561c, R9 =0x0000000000000003, R10=0x000001a657115710, R11=0x0000001c4e8dced0
R12=0x0000001c4e8dd570, R13=0x000001a67493d690, R14=0x0000000000000000, R15=0x0000001c4e8dd5b0
RIP=0x00007ffc3468648f, EFLAGS=0x0000000000010202

Top of Stack: (sp=0x0000001c4e8dce10)
0x0000001c4e8dce10:   000001a6745bc328 000001a656a3a000
0x0000001c4e8dce20:   0000001c4e8dd010 00007ffc32707173
0x0000001c4e8dce30:   0000000000000000 00007ffc4080aa67
0x0000001c4e8dce40:   000001a656c408b0 0000000000000000
0x0000001c4e8dce50:   0000000000000020 000001a655199f40
0x0000001c4e8dce60:   000001a656a3a000 00007ffc3251cf43
0x0000001c4e8dce70:   000000000000000b 0000000000000000
0x0000001c4e8dce80:   0000000000000020 0000000000000000
0x0000001c4e8dce90:   0000000000000000 0000000000000000
0x0000001c4e8dcea0:   0000000000000000 000001a656a3a000
0x0000001c4e8dceb0:   000001a656a3a000 00007ffc407f252f
0x0000001c4e8dcec0:   000001a656a3a000 0000001c4e8dd018
0x0000001c4e8dced0:   0000001c4e8dd5b0 000001a657636fa8
0x0000001c4e8dcee0:   000001a657636fa8 00007ffc407f1944
0x0000001c4e8dcef0:   000001a67493d690 0000000000000002
0x0000001c4e8dcf00:   000001a657636fa8 000001a60000561c 

Instructions: (pc=0x00007ffc3468648f)
0x00007ffc3468638f:   e9 36 fd e5 ff 83 39 00 7c 0b 48 83 29 01 75 05
0x00007ffc3468639f:   e8 7c 6c e8 ff 49 8b 47 10 4c 8d 05 45 0f 0f 00
0x00007ffc346863af:   48 85 c0 4c 8d 0d bf 02 0f 00 48 8d 15 98 d4 16
0x00007ffc346863bf:   00 4d 0f 45 c8 4c 8d 05 9d 98 0f 00 4c 0f 45 c0
0x00007ffc346863cf:   41 8d 44 24 01 89 44 24 28 48 89 74 24 20 e9 b9
0x00007ffc346863df:   fa e5 ff 49 8b 14 c1 8b 0a 83 c1 01 74 02 89 0a
0x00007ffc346863ef:   48 ff c0 49 3b c0 72 eb e9 ac cc e6 ff 48 8b 41
0x00007ffc346863ff:   10 48 85 c0 0f 8e ad cc e6 ff 4b 8d 14 c1 4c 8b
0x00007ffc3468640f:   1a 45 8b 0b 41 83 c1 01 74 03 45 89 0b 48 83 c2
0x00007ffc3468641f:   08 48 83 e8 01 75 e7 e9 8b cc e6 ff cc 49 83 fa
0x00007ffc3468642f:   01 49 0f 45 c3 4d 3b d1 4d 8b ca 4c 8d 1d af 9a
0x00007ffc3468643f:   0f 00 eb 12 49 83 f9 01 49 0f 45 c3 4c 8d 1d b6
0x00007ffc3468644f:   bd 0f 00 4d 3b d1 48 8b 0d 0c c5 37 00 4d 0f 45
0x00007ffc3468645f:   c3 48 89 54 24 28 48 8d 15 84 5a 2f 00 48 89 44
0x00007ffc3468646f:   24 20 e8 4a 11 e8 ff 90 e9 f4 9e e7 ff e8 d7 ec
0x00007ffc3468647f:   ff ff 90 e9 dd a3 e7 ff cc 48 8b 81 70 03 00 00
0x00007ffc3468648f:   48 8b 48 18 48 03 48 10 48 8d 41 07 48 83 e0 f8
0x00007ffc3468649f:   48 03 c2 48 8d 51 01 48 8d 14 d0 e9 66 b3 e7 ff
0x00007ffc346864af:   4c 39 70 08 0f 85 e0 b3 e7 ff e9 45 b4 e7 ff 48
0x00007ffc346864bf:   8b cd e8 86 2b fa ff 48 8b d8 e9 cb b3 e7 ff 4c
0x00007ffc346864cf:   8b 05 4b 70 43 00 33 d2 48 8b cb ff d0 90 e9 de
0x00007ffc346864df:   b3 e7 ff 48 8b 0d a7 c4 37 00 48 8d 15 50 c8 16
0x00007ffc346864ef:   00 e8 6b 16 f0 ff 33 c0 e9 78 bb e7 ff 4c 8b 05
0x00007ffc346864ff:   1d 70 43 00 33 d2 48 8b cb ff d0 90 e9 50 bb e7
0x00007ffc3468650f:   ff 48 8b ce e8 34 2b fa ff 90 e9 0e be e7 ff e8
0x00007ffc3468651f:   05 2b fa ff 33 ff e9 48 ca e7 ff 89 05 50 60 35
0x00007ffc3468652f:   00 e9 1e ca e7 ff 4c 8b 05 e4 6f 43 00 33 d2 48
0x00007ffc3468653f:   8b cf ff d0 90 e9 21 ca e7 ff cc 48 8b 0d 3f c4
0x00007ffc3468654f:   37 00 48 8d 15 e8 c7 16 00 e8 03 16 f0 ff 90 e9
0x00007ffc3468655f:   96 e3 e7 ff ba 1c 00 00 00 e9 7a e1 e7 ff e8 b6
0x00007ffc3468656f:   2a fa ff 90 e9 81 e3 e7 ff 48 8b ca e9 96 e1 e7
0x00007ffc3468657f:   ff 89 05 fa 5f 35 00 e9 b3 e1 e7 ff 4c 8b 05 8e 


Stack slot to memory mapping:
stack at sp + 0 slots: 0x000001a6745bc328 points into unknown readable memory: 0x000001a6756024c8 | c8 24 60 75 a6 01 00 00
stack at sp + 1 slots: 0x000001a656a3a000 is a thread
stack at sp + 2 slots: 0x0000001c4e8dd010 is pointing into the stack for thread: 0x000001a656a3a000
stack at sp + 3 slots: 0x00007ffc32707173 jvm.dll
stack at sp + 4 slots: 0x0 is NULL
stack at sp + 5 slots: 0x00007ffc4080aa67 _jpype.cp313-win_amd64.pyd
stack at sp + 6 slots: 0x000001a656c408b0 points into unknown readable memory: 0x0000000000000004 | 04 00 00 00 00 00 00 00
stack at sp + 7 slots: 0x0 is NULL


---------------  P R O C E S S  ---------------

Threads class SMR info:
_java_thread_list=0x000001a674b85290, length=10, elements={
0x000001a656a3a000, 0x000001a656a37800, 0x000001a656a3e000, 0x000001a657311000,
0x000001a657310000, 0x000001a657313800, 0x000001a656cf1800, 0x000001a656cfa800,
0x000001a657316800, 0x000001a657317800
}

Java Threads: ( => current thread )
=>0x000001a656a3a000 JavaThread "main" [_thread_in_native, id=24252, stack(0x0000001c4e600000,0x0000001c4e8e0000)]
  0x000001a656a37800 JavaThread "Reference Handler" daemon [_thread_blocked, id=27376, stack(0x0000001c50880000,0x0000001c50b60000)]
  0x000001a656a3e000 JavaThread "Finalizer" daemon [_thread_blocked, id=11384, stack(0x0000001c50b60000,0x0000001c50e40000)]
  0x000001a657311000 JavaThread "Signal Dispatcher" daemon [_thread_blocked, id=1260, stack(0x0000001c50e40000,0x0000001c51120000)]
  0x000001a657310000 JavaThread "Attach Listener" daemon [_thread_blocked, id=6724, stack(0x0000001c51120000,0x0000001c51400000)]
  0x000001a657313800 JavaThread "Service Thread" daemon [_thread_blocked, id=22556, stack(0x0000001c51400000,0x0000001c516e0000)]
  0x000001a656cf1800 JavaThread "C1 CompilerThread0" daemon [_thread_blocked, id=22196, stack(0x0000001c516e0000,0x0000001c519c0000)]
  0x000001a656cfa800 JavaThread "Sweeper thread" daemon [_thread_blocked, id=11004, stack(0x0000001c519c0000,0x0000001c51ca0000)]
  0x000001a657316800 JavaThread "Common-Cleaner" daemon [_thread_blocked, id=17792, stack(0x0000001c51ca0000,0x0000001c51f80000)]
  0x000001a657317800 JavaThread "Python Reference Queue" daemon [_thread_in_native, id=18628, stack(0x0000001c52260000,0x0000001c52540000)]

Other Threads:
  0x000001a655604000 VMThread "VM Thread" [stack: 0x0000001c505a0000,0x0000001c50880000] [id=21180]
  0x000001a655644800 WatcherThread [stack: 0x0000001c51f80000,0x0000001c52260000] [id=26124]

Threads with active compile tasks:

VM state:not at safepoint (normal execution)

VM Mutex/Monitor currently owned by a thread: None

Heap:
 def new generation   total 14976K, used 1990K [0x000001a662c00000, 0x000001a663c30000, 0x000001a668150000)
  eden space 13376K,   8% used [0x000001a662c00000, 0x000001a662d274d8, 0x000001a663910000)
  from space 1600K,  50% used [0x000001a663910000, 0x000001a6639da6a0, 0x000001a663aa0000)
  to   space 1600K,   0% used [0x000001a663aa0000, 0x000001a663aa0000, 0x000001a663c30000)
 tenured generation   total 33036K, used 23207K [0x000001a668150000, 0x000001a66a193000, 0x000001a672c00000)
   the space 33036K,  70% used [0x000001a668150000, 0x000001a6697f9fd8, 0x000001a6697fa000, 0x000001a66a193000)
 Metaspace       used 9465K, capacity 9557K, committed 9728K, reserved 10240K

Card table byte_map: [0x000001a672c00000,0x000001a672c90000] _byte_map_base: 0x000001a59f8ea000

Polling page: 0x000001a658460000

Metaspace:

Usage:
    9.33 MB capacity,     9.24 MB (>99%) used,    82.22 KB ( <1%) free+waste,     9.12 KB ( <1%) overhead. 

Virtual space:
     10.00 MB reserved,       9.50 MB ( 95%) committed 

Chunk freelists:
43.00 KB

MaxMetaspaceSize: 17179869184.00 GB
No class space
Initial GC threshold: 12.00 MB
Current GC threshold: 13.75 MB
CDS: off

CodeCache: size=32768Kb used=1865Kb max_used=1865Kb free=30902Kb
 bounds [0x000001a660b50000, 0x000001a660d28000, 0x000001a662b50000]
 total_blobs=940 nmethods=574 adapters=298
 compilation: enabled
              stopped_count=0, restarted_count=0
 full_count=0

Compilation events (20 events):
Event: 0.800 Thread 0x000001a656cf1800  564             java.io.DataOutputStream::writeShort (35 bytes)
Event: 0.800 Thread 0x000001a656cf1800 nmethod 564 0x000001a660d20010 code [0x000001a660d201b0, 0x000001a660d202e8]
Event: 0.801 Thread 0x000001a656cf1800  565             java.util.ArrayList$Itr::hasNext (20 bytes)
Event: 0.801 Thread 0x000001a656cf1800 nmethod 565 0x000001a660d20390 code [0x000001a660d20510, 0x000001a660d205d8]
Event: 0.801 Thread 0x000001a656cf1800  566             java.lang.reflect.Method::getModifiers (5 bytes)
Event: 0.801 Thread 0x000001a656cf1800 nmethod 566 0x000001a660d20650 code [0x000001a660d207d0, 0x000001a660d20878]
Event: 0.802 Thread 0x000001a656cf1800  567             java.lang.Class::copyMethods (36 bytes)
Event: 0.802 Thread 0x000001a656cf1800 nmethod 567 0x000001a660d20cd0 code [0x000001a660d20e90, 0x000001a660d21228]
Event: 0.802 Thread 0x000001a656cf1800  568             java.util.Arrays::equals (57 bytes)
Event: 0.802 Thread 0x000001a656cf1800 nmethod 568 0x000001a660d21450 code [0x000001a660d215f0, 0x000001a660d217f8]
Event: 0.803 Thread 0x000001a656cf1800  570             java.lang.String::toString (2 bytes)
Event: 0.803 Thread 0x000001a656cf1800 nmethod 570 0x000001a660d21910 code [0x000001a660d21a90, 0x000001a660d21b38]
Event: 0.803 Thread 0x000001a656cf1800  571             java.lang.reflect.Modifier::isStatic (13 bytes)
Event: 0.803 Thread 0x000001a656cf1800 nmethod 571 0x000001a660d21b90 code [0x000001a660d21d10, 0x000001a660d21db8]
Event: 0.803 Thread 0x000001a656cf1800  572             java.lang.Object::equals (11 bytes)
Event: 0.803 Thread 0x000001a656cf1800 nmethod 572 0x000001a660d21e10 code [0x000001a660d21f90, 0x000001a660d22048]
Event: 0.804 Thread 0x000001a656cf1800  573             java.util.HashMap::afterNodeAccess (1 bytes)
Event: 0.804 Thread 0x000001a656cf1800 nmethod 573 0x000001a660d22090 code [0x000001a660d22210, 0x000001a660d222b8]
Event: 0.804 Thread 0x000001a656cf1800  574             org.jpype.manager.MethodResolution::of (2 bytes)
Event: 0.804 Thread 0x000001a656cf1800 nmethod 574 0x000001a660d22310 code [0x000001a660d22490, 0x000001a660d22528]

GC Heap History (20 events):
Event: 0.209 GC heap before
{Heap before GC invocations=2 (full 0):
 def new generation   total 4928K, used 4928K [0x000001a662c00000, 0x000001a663150000, 0x000001a668150000)
  eden space 4416K, 100% used [0x000001a662c00000, 0x000001a663050000, 0x000001a663050000)
  from space 512K, 100% used [0x000001a663050000, 0x000001a6630d0000, 0x000001a6630d0000)
  to   space 512K,   0% used [0x000001a6630d0000, 0x000001a6630d0000, 0x000001a663150000)
 tenured generation   total 10944K, used 3297K [0x000001a668150000, 0x000001a668c00000, 0x000001a672c00000)
   the space 10944K,  30% used [0x000001a668150000, 0x000001a6684887a0, 0x000001a668488800, 0x000001a668c00000)
 Metaspace       used 5235K, capacity 5273K, committed 5376K, reserved 8192K
}
Event: 0.210 GC heap after
{Heap after GC invocations=3 (full 0):
 def new generation   total 4928K, used 512K [0x000001a662c00000, 0x000001a663150000, 0x000001a668150000)
  eden space 4416K,   0% used [0x000001a662c00000, 0x000001a662c00000, 0x000001a663050000)
  from space 512K, 100% used [0x000001a6630d0000, 0x000001a663150000, 0x000001a663150000)
  to   space 512K,   0% used [0x000001a663050000, 0x000001a663050000, 0x000001a6630d0000)
 tenured generation   total 10944K, used 4912K [0x000001a668150000, 0x000001a668c00000, 0x000001a672c00000)
   the space 10944K,  44% used [0x000001a668150000, 0x000001a66861c388, 0x000001a66861c400, 0x000001a668c00000)
 Metaspace       used 5235K, capacity 5273K, committed 5376K, reserved 8192K
}
Event: 0.246 GC heap before
{Heap before GC invocations=3 (full 0):
 def new generation   total 4928K, used 4928K [0x000001a662c00000, 0x000001a663150000, 0x000001a668150000)
  eden space 4416K, 100% used [0x000001a662c00000, 0x000001a663050000, 0x000001a663050000)
  from space 512K, 100% used [0x000001a6630d0000, 0x000001a663150000, 0x000001a663150000)
  to   space 512K,   0% used [0x000001a663050000, 0x000001a663050000, 0x000001a6630d0000)
 tenured generation   total 10944K, used 4912K [0x000001a668150000, 0x000001a668c00000, 0x000001a672c00000)
   the space 10944K,  44% used [0x000001a668150000, 0x000001a66861c388, 0x000001a66861c400, 0x000001a668c00000)
 Metaspace       used 5235K, capacity 5273K, committed 5376K, reserved 8192K
}
Event: 0.247 GC heap after
{Heap after GC invocations=4 (full 0):
 def new generation   total 4928K, used 512K [0x000001a662c00000, 0x000001a663150000, 0x000001a668150000)
  eden space 4416K,   0% used [0x000001a662c00000, 0x000001a662c00000, 0x000001a663050000)
  from space 512K, 100% used [0x000001a663050000, 0x000001a6630d0000, 0x000001a6630d0000)
  to   space 512K,   0% used [0x000001a6630d0000, 0x000001a6630d0000, 0x000001a663150000)
 tenured generation   total 10944K, used 6625K [0x000001a668150000, 0x000001a668c00000, 0x000001a672c00000)
   the space 10944K,  60% used [0x000001a668150000, 0x000001a6687c85c8, 0x000001a6687c8600, 0x000001a668c00000)
 Metaspace       used 5235K, capacity 5273K, committed 5376K, reserved 8192K
}
Event: 0.276 GC heap before
{Heap before GC invocations=4 (full 0):
 def new generation   total 4928K, used 4871K [0x000001a662c00000, 0x000001a663150000, 0x000001a668150000)
  eden space 4416K,  98% used [0x000001a662c00000, 0x000001a663041f50, 0x000001a663050000)
  from space 512K, 100% used [0x000001a663050000, 0x000001a6630d0000, 0x000001a6630d0000)
  to   space 512K,   0% used [0x000001a6630d0000, 0x000001a6630d0000, 0x000001a663150000)
 tenured generation   total 10944K, used 6625K [0x000001a668150000, 0x000001a668c00000, 0x000001a672c00000)
   the space 10944K,  60% used [0x000001a668150000, 0x000001a6687c85c8, 0x000001a6687c8600, 0x000001a668c00000)
 Metaspace       used 5235K, capacity 5273K, committed 5376K, reserved 8192K
}
Event: 0.277 GC heap after
{Heap after GC invocations=5 (full 0):
 def new generation   total 4928K, used 511K [0x000001a662c00000, 0x000001a663150000, 0x000001a668150000)
  eden space 4416K,   0% used [0x000001a662c00000, 0x000001a662c00000, 0x000001a663050000)
  from space 512K,  99% used [0x000001a6630d0000, 0x000001a66314fff8, 0x000001a663150000)
  to   space 512K,   0% used [0x000001a663050000, 0x000001a663050000, 0x000001a6630d0000)
 tenured generation   total 10944K, used 9250K [0x000001a668150000, 0x000001a668c00000, 0x000001a672c00000)
   the space 10944K,  84% used [0x000001a668150000, 0x000001a668a58b20, 0x000001a668a58c00, 0x000001a668c00000)
 Metaspace       used 5235K, capacity 5273K, committed 5376K, reserved 8192K
}
Event: 0.304 GC heap before
{Heap before GC invocations=5 (full 0):
 def new generation   total 4928K, used 4927K [0x000001a662c00000, 0x000001a663150000, 0x000001a668150000)
  eden space 4416K, 100% used [0x000001a662c00000, 0x000001a663050000, 0x000001a663050000)
  from space 512K,  99% used [0x000001a6630d0000, 0x000001a66314fff8, 0x000001a663150000)
  to   space 512K,   0% used [0x000001a663050000, 0x000001a663050000, 0x000001a6630d0000)
 tenured generation   total 10944K, used 9250K [0x000001a668150000, 0x000001a668c00000, 0x000001a672c00000)
   the space 10944K,  84% used [0x000001a668150000, 0x000001a668a58b20, 0x000001a668a58c00, 0x000001a668c00000)
 Metaspace       used 5235K, capacity 5273K, committed 5376K, reserved 8192K
}
Event: 0.308 GC heap after
{Heap after GC invocations=6 (full 1):
 def new generation   total 8704K, used 478K [0x000001a662c00000, 0x000001a663570000, 0x000001a668150000)
  eden space 7744K,   6% used [0x000001a662c00000, 0x000001a662c779d0, 0x000001a663390000)
  from space 960K,   0% used [0x000001a663390000, 0x000001a663390000, 0x000001a663480000)
  to   space 960K,   0% used [0x000001a663480000, 0x000001a663480000, 0x000001a663570000)
 tenured generation   total 19316K, used 11587K [0x000001a668150000, 0x000001a66942d000, 0x000001a672c00000)
   the space 19316K,  59% used [0x000001a668150000, 0x000001a668ca0fa0, 0x000001a668ca1000, 0x000001a66942d000)
 Metaspace       used 5235K, capacity 5273K, committed 5376K, reserved 8192K
}
Event: 0.354 GC heap before
{Heap before GC invocations=6 (full 1):
 def new generation   total 8704K, used 7744K [0x000001a662c00000, 0x000001a663570000, 0x000001a668150000)
  eden space 7744K, 100% used [0x000001a662c00000, 0x000001a663390000, 0x000001a663390000)
  from space 960K,   0% used [0x000001a663390000, 0x000001a663390000, 0x000001a663480000)
  to   space 960K,   0% used [0x000001a663480000, 0x000001a663480000, 0x000001a663570000)
 tenured generation   total 19316K, used 11587K [0x000001a668150000, 0x000001a66942d000, 0x000001a672c00000)
   the space 19316K,  59% used [0x000001a668150000, 0x000001a668ca0fa0, 0x000001a668ca1000, 0x000001a66942d000)
 Metaspace       used 5236K, capacity 5273K, committed 5376K, reserved 8192K
}
Event: 0.356 GC heap after
{Heap after GC invocations=7 (full 1):
 def new generation   total 8704K, used 959K [0x000001a662c00000, 0x000001a663570000, 0x000001a668150000)
  eden space 7744K,   0% used [0x000001a662c00000, 0x000001a662c00000, 0x000001a663390000)
  from space 960K,  99% used [0x000001a663480000, 0x000001a66356fff8, 0x000001a663570000)
  to   space 960K,   0% used [0x000001a663390000, 0x000001a663390000, 0x000001a663480000)
 tenured generation   total 19316K, used 12661K [0x000001a668150000, 0x000001a66942d000, 0x000001a672c00000)
   the space 19316K,  65% used [0x000001a668150000, 0x000001a668dad798, 0x000001a668dad800, 0x000001a66942d000)
 Metaspace       used 5236K, capacity 5273K, committed 5376K, reserved 8192K
}
Event: 0.395 GC heap before
{Heap before GC invocations=7 (full 1):
 def new generation   total 8704K, used 8595K [0x000001a662c00000, 0x000001a663570000, 0x000001a668150000)
  eden space 7744K,  98% used [0x000001a662c00000, 0x000001a663374fa0, 0x000001a663390000)
  from space 960K,  99% used [0x000001a663480000, 0x000001a66356fff8, 0x000001a663570000)
  to   space 960K,   0% used [0x000001a663390000, 0x000001a663390000, 0x000001a663480000)
 tenured generation   total 19316K, used 12661K [0x000001a668150000, 0x000001a66942d000, 0x000001a672c00000)
   the space 19316K,  65% used [0x000001a668150000, 0x000001a668dad798, 0x000001a668dad800, 0x000001a66942d000)
 Metaspace       used 5236K, capacity 5273K, committed 5376K, reserved 8192K
}
Event: 0.397 GC heap after
{Heap after GC invocations=8 (full 1):
 def new generation   total 8704K, used 959K [0x000001a662c00000, 0x000001a663570000, 0x000001a668150000)
  eden space 7744K,   0% used [0x000001a662c00000, 0x000001a662c00000, 0x000001a663390000)
  from space 960K,  99% used [0x000001a663390000, 0x000001a66347fff8, 0x000001a663480000)
  to   space 960K,   0% used [0x000001a663480000, 0x000001a663480000, 0x000001a663570000)
 tenured generation   total 19316K, used 15253K [0x000001a668150000, 0x000001a66942d000, 0x000001a672c00000)
   the space 19316K,  78% used [0x000001a668150000, 0x000001a669035740, 0x000001a669035800, 0x000001a66942d000)
 Metaspace       used 5236K, capacity 5273K, committed 5376K, reserved 8192K
}
Event: 0.456 GC heap before
{Heap before GC invocations=8 (full 1):
 def new generation   total 8704K, used 8703K [0x000001a662c00000, 0x000001a663570000, 0x000001a668150000)
  eden space 7744K, 100% used [0x000001a662c00000, 0x000001a663390000, 0x000001a663390000)
  from space 960K,  99% used [0x000001a663390000, 0x000001a66347fff8, 0x000001a663480000)
  to   space 960K,   0% used [0x000001a663480000, 0x000001a663480000, 0x000001a663570000)
 tenured generation   total 19316K, used 15253K [0x000001a668150000, 0x000001a66942d000, 0x000001a672c00000)
   the space 19316K,  78% used [0x000001a668150000, 0x000001a669035740, 0x000001a669035800, 0x000001a66942d000)
 Metaspace       used 6753K, capacity 6813K, committed 6912K, reserved 8192K
}
Event: 0.459 GC heap after
{Heap after GC invocations=9 (full 1):
 def new generation   total 8704K, used 959K [0x000001a662c00000, 0x000001a663570000, 0x000001a668150000)
  eden space 7744K,   0% used [0x000001a662c00000, 0x000001a662c00000, 0x000001a663390000)
  from space 960K,  99% used [0x000001a663480000, 0x000001a66356fff8, 0x000001a663570000)
  to   space 960K,   0% used [0x000001a663390000, 0x000001a663390000, 0x000001a663480000)
 tenured generation   total 19316K, used 18726K [0x000001a668150000, 0x000001a66942d000, 0x000001a672c00000)
   the space 19316K,  96% used [0x000001a668150000, 0x000001a669399a68, 0x000001a669399c00, 0x000001a66942d000)
 Metaspace       used 6753K, capacity 6813K, committed 6912K, reserved 8192K
}
Event: 0.523 GC heap before
{Heap before GC invocations=9 (full 1):
 def new generation   total 8704K, used 8703K [0x000001a662c00000, 0x000001a663570000, 0x000001a668150000)
  eden space 7744K, 100% used [0x000001a662c00000, 0x000001a663390000, 0x000001a663390000)
  from space 960K,  99% used [0x000001a663480000, 0x000001a66356fff8, 0x000001a663570000)
  to   space 960K,   0% used [0x000001a663390000, 0x000001a663390000, 0x000001a663480000)
 tenured generation   total 19316K, used 18726K [0x000001a668150000, 0x000001a66942d000, 0x000001a672c00000)
   the space 19316K,  96% used [0x000001a668150000, 0x000001a669399a68, 0x000001a669399c00, 0x000001a66942d000)
 Metaspace       used 8307K, capacity 8367K, committed 8448K, reserved 10240K
}
Event: 0.530 GC heap after
{Heap after GC invocations=10 (full 2):
 def new generation   total 14976K, used 938K [0x000001a662c00000, 0x000001a663c30000, 0x000001a668150000)
  eden space 13376K,   7% used [0x000001a662c00000, 0x000001a662ceabf8, 0x000001a663910000)
  from space 1600K,   0% used [0x000001a663910000, 0x000001a663910000, 0x000001a663aa0000)
  to   space 1600K,   0% used [0x000001a663aa0000, 0x000001a663aa0000, 0x000001a663c30000)
 tenured generation   total 33036K, used 19819K [0x000001a668150000, 0x000001a66a193000, 0x000001a672c00000)
   the space 33036K,  59% used [0x000001a668150000, 0x000001a6694aafe8, 0x000001a6694ab000, 0x000001a66a193000)
 Metaspace       used 8307K, capacity 8367K, committed 8448K, reserved 10240K
}
Event: 0.598 GC heap before
{Heap before GC invocations=10 (full 2):
 def new generation   total 14976K, used 13376K [0x000001a662c00000, 0x000001a663c30000, 0x000001a668150000)
  eden space 13376K, 100% used [0x000001a662c00000, 0x000001a663910000, 0x000001a663910000)
  from space 1600K,   0% used [0x000001a663910000, 0x000001a663910000, 0x000001a663aa0000)
  to   space 1600K,   0% used [0x000001a663aa0000, 0x000001a663aa0000, 0x000001a663c30000)
 tenured generation   total 33036K, used 19819K [0x000001a668150000, 0x000001a66a193000, 0x000001a672c00000)
   the space 33036K,  59% used [0x000001a668150000, 0x000001a6694aafe8, 0x000001a6694ab000, 0x000001a66a193000)
 Metaspace       used 8307K, capacity 8367K, committed 8448K, reserved 10240K
}
Event: 0.601 GC heap after
{Heap after GC invocations=11 (full 2):
 def new generation   total 14976K, used 1600K [0x000001a662c00000, 0x000001a663c30000, 0x000001a668150000)
  eden space 13376K,   0% used [0x000001a662c00000, 0x000001a662c00000, 0x000001a663910000)
  from space 1600K, 100% used [0x000001a663aa0000, 0x000001a663c30000, 0x000001a663c30000)
  to   space 1600K,   0% used [0x000001a663910000, 0x000001a663910000, 0x000001a663aa0000)
 tenured generation   total 33036K, used 21616K [0x000001a668150000, 0x000001a66a193000, 0x000001a672c00000)
   the space 33036K,  65% used [0x000001a668150000, 0x000001a66966c050, 0x000001a66966c200, 0x000001a66a193000)
 Metaspace       used 8307K, capacity 8367K, committed 8448K, reserved 10240K
}
Event: 0.796 GC heap before
{Heap before GC invocations=11 (full 2):
 def new generation   total 14976K, used 14976K [0x000001a662c00000, 0x000001a663c30000, 0x000001a668150000)
  eden space 13376K, 100% used [0x000001a662c00000, 0x000001a663910000, 0x000001a663910000)
  from space 1600K, 100% used [0x000001a663aa0000, 0x000001a663c30000, 0x000001a663c30000)
  to   space 1600K,   0% used [0x000001a663910000, 0x000001a663910000, 0x000001a663aa0000)
 tenured generation   total 33036K, used 21616K [0x000001a668150000, 0x000001a66a193000, 0x000001a672c00000)
   the space 33036K,  65% used [0x000001a668150000, 0x000001a66966c050, 0x000001a66966c200, 0x000001a66a193000)
 Metaspace       used 9452K, capacity 9557K, committed 9728K, reserved 10240K
}
Event: 0.798 GC heap after
{Heap after GC invocations=12 (full 2):
 def new generation   total 14976K, used 809K [0x000001a662c00000, 0x000001a663c30000, 0x000001a668150000)
  eden space 13376K,   0% used [0x000001a662c00000, 0x000001a662c00000, 0x000001a663910000)
  from space 1600K,  50% used [0x000001a663910000, 0x000001a6639da6a0, 0x000001a663aa0000)
  to   space 1600K,   0% used [0x000001a663aa0000, 0x000001a663aa0000, 0x000001a663c30000)
 tenured generation   total 33036K, used 23207K [0x000001a668150000, 0x000001a66a193000, 0x000001a672c00000)
   the space 33036K,  70% used [0x000001a668150000, 0x000001a6697f9fd8, 0x000001a6697fa000, 0x000001a66a193000)
 Metaspace       used 9452K, capacity 9557K, committed 9728K, reserved 10240K
}

Deoptimization events (0 events):
No events

Classes redefined (0 events):
No events

Internal exceptions (20 events):
Event: 0.604 Thread 0x000001a656a3a000 Exception <a 'java/security/PrivilegedActionException'{0x000001a662c750b0}> (0x000001a662c750b0) thrown at [s\src\hotspot\share\prims\jvm.cpp, line 1306]
Event: 0.604 Thread 0x000001a656a3a000 Exception <a 'java/security/PrivilegedActionException'{0x000001a662c769b8}> (0x000001a662c769b8) thrown at [s\src\hotspot\share\prims\jvm.cpp, line 1306]
Event: 0.604 Thread 0x000001a656a3a000 Exception <a 'java/security/PrivilegedActionException'{0x000001a662c770c0}> (0x000001a662c770c0) thrown at [s\src\hotspot\share\prims\jvm.cpp, line 1306]
Event: 0.604 Thread 0x000001a656a3a000 Exception <a 'java/security/PrivilegedActionException'{0x000001a662c78800}> (0x000001a662c78800) thrown at [s\src\hotspot\share\prims\jvm.cpp, line 1306]
Event: 0.604 Thread 0x000001a656a3a000 Exception <a 'java/security/PrivilegedActionException'{0x000001a662c78f08}> (0x000001a662c78f08) thrown at [s\src\hotspot\share\prims\jvm.cpp, line 1306]
Event: 0.604 Thread 0x000001a656a3a000 Exception <a 'java/security/PrivilegedActionException'{0x000001a662c7a6a0}> (0x000001a662c7a6a0) thrown at [s\src\hotspot\share\prims\jvm.cpp, line 1306]
Event: 0.604 Thread 0x000001a656a3a000 Exception <a 'java/security/PrivilegedActionException'{0x000001a662c7ada8}> (0x000001a662c7ada8) thrown at [s\src\hotspot\share\prims\jvm.cpp, line 1306]
Event: 0.604 Thread 0x000001a656a3a000 Exception <a 'java/security/PrivilegedActionException'{0x000001a662c7c580}> (0x000001a662c7c580) thrown at [s\src\hotspot\share\prims\jvm.cpp, line 1306]
Event: 0.604 Thread 0x000001a656a3a000 Exception <a 'java/security/PrivilegedActionException'{0x000001a662c7cc88}> (0x000001a662c7cc88) thrown at [s\src\hotspot\share\prims\jvm.cpp, line 1306]
Event: 0.604 Thread 0x000001a656a3a000 Exception <a 'java/security/PrivilegedActionException'{0x000001a662c7e730}> (0x000001a662c7e730) thrown at [s\src\hotspot\share\prims\jvm.cpp, line 1306]
Event: 0.604 Thread 0x000001a656a3a000 Exception <a 'java/security/PrivilegedActionException'{0x000001a662c7ee38}> (0x000001a662c7ee38) thrown at [s\src\hotspot\share\prims\jvm.cpp, line 1306]
Event: 0.604 Thread 0x000001a656a3a000 Exception <a 'java/security/PrivilegedActionException'{0x000001a662c805d0}> (0x000001a662c805d0) thrown at [s\src\hotspot\share\prims\jvm.cpp, line 1306]
Event: 0.604 Thread 0x000001a656a3a000 Exception <a 'java/security/PrivilegedActionException'{0x000001a662c80cd8}> (0x000001a662c80cd8) thrown at [s\src\hotspot\share\prims\jvm.cpp, line 1306]
Event: 0.605 Thread 0x000001a656a3a000 Exception <a 'java/security/PrivilegedActionException'{0x000001a662c82608}> (0x000001a662c82608) thrown at [s\src\hotspot\share\prims\jvm.cpp, line 1306]
Event: 0.605 Thread 0x000001a656a3a000 Exception <a 'java/security/PrivilegedActionException'{0x000001a662c82d10}> (0x000001a662c82d10) thrown at [s\src\hotspot\share\prims\jvm.cpp, line 1306]
Event: 0.605 Thread 0x000001a656a3a000 Exception <a 'java/security/PrivilegedActionException'{0x000001a662c8eff0}> (0x000001a662c8eff0) thrown at [s\src\hotspot\share\prims\jvm.cpp, line 1306]
Event: 0.605 Thread 0x000001a656a3a000 Exception <a 'java/security/PrivilegedActionException'{0x000001a662c8f6f8}> (0x000001a662c8f6f8) thrown at [s\src\hotspot\share\prims\jvm.cpp, line 1306]
Event: 0.611 Thread 0x000001a656a3a000 Exception <a 'java/lang/NoClassDefFoundError'{0x000001a662d31648}: org/jpype/classloader/DynamicClassLoader> (0x000001a662d31648) thrown at [s\src\hotspot\share\classfile\systemDictionary.cpp, line 219]
Event: 0.627 Thread 0x000001a656a3a000 Exception <a 'java/lang/NoSuchMethodError'{0x000001a662f23590}: 'int java.lang.invoke.DirectMethodHandle$Holder.invokeStaticInit(java.lang.Object, java.lang.Object)'> (0x000001a662f23590) thrown at [s\src\hotspot\share\interpreter\linkResolver.cpp, line 773]
Event: 0.627 Thread 0x000001a656a3a000 Exception <a 'java/lang/NoSuchMethodError'{0x000001a662f2b4c8}: 'java.lang.Object java.lang.invoke.DirectMethodHandle$Holder.invokeStaticInit(java.lang.Object, int)'> (0x000001a662f2b4c8) thrown at [s\src\hotspot\share\interpreter\linkResolver.cpp, line 773]

Events (20 events):
Event: 0.798 Executing VM operation: RevokeBias
Event: 0.798 Executing VM operation: RevokeBias done
Event: 0.798 Executing VM operation: RevokeBias
Event: 0.798 Executing VM operation: RevokeBias done
Event: 0.798 Executing VM operation: RevokeBias
Event: 0.798 Executing VM operation: RevokeBias done
Event: 0.798 Executing VM operation: RevokeBias
Event: 0.798 Executing VM operation: RevokeBias done
Event: 0.800 loading class java/lang/Deprecated
Event: 0.800 loading class java/lang/Deprecated done
Event: 0.800 loading class java/lang/annotation/Documented
Event: 0.800 loading class java/lang/annotation/Documented done
Event: 0.801 loading class java/util/function/ToIntFunction
Event: 0.801 loading class java/util/function/ToIntFunction done
Event: 0.801 loading class java/util/function/ToLongFunction
Event: 0.801 loading class java/util/function/ToLongFunction done
Event: 0.801 loading class java/util/function/ToDoubleFunction
Event: 0.801 loading class java/util/function/ToDoubleFunction done
Event: 0.804 loading class org/jpype/JPypeSignal
Event: 0.804 loading class org/jpype/JPypeSignal done


Dynamic libraries:
0x00007ff699510000 - 0x00007ff69952a000 	C:\Users\luke\AppData\Local\Programs\Python\Python313\python.exe
0x00007ffd09ad0000 - 0x00007ffd09ce7000 	C:\WINDOWS\SYSTEM32\ntdll.dll
0x00007ffd081a0000 - 0x00007ffd08264000 	C:\WINDOWS\System32\KERNEL32.DLL
0x00007ffd07410000 - 0x00007ffd077ca000 	C:\WINDOWS\System32\KERNELBASE.dll
0x00007ffd072f0000 - 0x00007ffd07401000 	C:\WINDOWS\System32\ucrtbase.dll
0x00007ffced9d0000 - 0x00007ffced9ee000 	C:\Users\luke\AppData\Local\Programs\Python\Python313\VCRUNTIME140.dll
0x00007ffc344c0000 - 0x00007ffc34b0c000 	C:\Users\luke\AppData\Local\Programs\Python\Python313\python313.dll
0x00007ffd08ce0000 - 0x00007ffd08d51000 	C:\WINDOWS\System32\WS2_32.dll
0x00007ffd09380000 - 0x00007ffd09494000 	C:\WINDOWS\System32\RPCRT4.dll
0x00007ffd02fc0000 - 0x00007ffd02fca000 	C:\WINDOWS\SYSTEM32\VERSION.dll
0x00007ffd06f10000 - 0x00007ffd06f38000 	C:\WINDOWS\System32\bcrypt.dll
0x00007ffd07a50000 - 0x00007ffd07af7000 	C:\WINDOWS\System32\msvcrt.dll
0x00007ffd07b00000 - 0x00007ffd07bb2000 	C:\WINDOWS\System32\ADVAPI32.dll
0x00007ffd07980000 - 0x00007ffd07a27000 	C:\WINDOWS\System32\sechost.dll
0x00007ffd07270000 - 0x00007ffd072eb000 	C:\WINDOWS\System32\bcryptprimitives.dll
0x000001a644860000 - 0x000001a644870000 	C:\Users\luke\AppData\Local\Programs\Python\Python313\python3.DLL
0x00007ffc3dfd0000 - 0x00007ffc3e3e6000 	C:\Users\luke\AppData\Local\Programs\Python\Python313\Lib\site-packages\numpy\_core\_multiarray_umath.cp313-win_amd64.pyd
0x00007ffc40c60000 - 0x00007ffc40ced000 	C:\Users\luke\AppData\Local\Programs\Python\Python313\Lib\site-packages\numpy.libs\msvcp140-d64049c6e3865410a7dda6a7e9f0c575.dll
0x00007ffc33150000 - 0x00007ffc344b6000 	C:\Users\luke\AppData\Local\Programs\Python\Python313\Lib\site-packages\numpy.libs\libscipy_openblas64_-43e11ff0749b8cbe0a615c9cf6737e0e.dll
0x00007ffced300000 - 0x00007ffced30c000 	C:\Users\luke\AppData\Local\Programs\Python\Python313\VCRUNTIME140_1.dll
0x00007ffcec940000 - 0x00007ffcec962000 	C:\Users\luke\AppData\Local\Programs\Python\Python313\DLLs\_ctypes.pyd
0x00007ffd08b30000 - 0x00007ffd08cd5000 	C:\WINDOWS\System32\ole32.dll
0x00007ffd071a0000 - 0x00007ffd0723a000 	C:\WINDOWS\System32\msvcp_win.dll
0x00007ffced2f0000 - 0x00007ffced2fb000 	C:\Users\luke\AppData\Local\Programs\Python\Python313\DLLs\libffi-8.dll
0x00007ffd09960000 - 0x00007ffd09989000 	C:\WINDOWS\System32\GDI32.dll
0x00007ffd07240000 - 0x00007ffd07266000 	C:\WINDOWS\System32\win32u.dll
0x00007ffd07080000 - 0x00007ffd0719b000 	C:\WINDOWS\System32\gdi32full.dll
0x00007ffd077d0000 - 0x00007ffd0797e000 	C:\WINDOWS\System32\USER32.dll
0x00007ffd07e10000 - 0x00007ffd0819f000 	C:\WINDOWS\System32\combase.dll
0x00007ffd09550000 - 0x00007ffd09627000 	C:\WINDOWS\System32\OLEAUT32.dll
0x00007ffd08af0000 - 0x00007ffd08b21000 	C:\WINDOWS\System32\IMM32.DLL
0x00007ffced1e0000 - 0x00007ffced1eb000 	C:\Users\luke\AppData\Local\Programs\Python\Python313\DLLs\_wmi.pyd
0x00007ffd030c0000 - 0x00007ffd031c1000 	C:\WINDOWS\SYSTEM32\PROPSYS.dll
0x00007ffce4a80000 - 0x00007ffce4a9e000 	C:\Users\luke\AppData\Local\Programs\Python\Python313\Lib\site-packages\numpy\linalg\_umath_linalg.cp313-win_amd64.pyd
0x00007ffc407c0000 - 0x00007ffc40838000 	C:\Users\luke\AppData\Local\Programs\Python\Python313\Lib\site-packages\_jpype.cp313-win_amd64.pyd
0x00007ffcf7a30000 - 0x00007ffcf7abd000 	C:\WINDOWS\SYSTEM32\MSVCP140.dll
0x00007ffc8dea0000 - 0x00007ffc8dee5000 	C:\Users\luke\AppData\Local\Programs\Python\Python313\DLLs\_decimal.pyd
0x00007ffcecf80000 - 0x00007ffcecf90000 	C:\Users\luke\AppData\Local\Programs\Python\Python313\DLLs\_hashlib.pyd
0x00007ffc34f90000 - 0x00007ffc35493000 	C:\Users\luke\AppData\Local\Programs\Python\Python313\DLLs\libcrypto-3.dll
0x00007ffce17f0000 - 0x00007ffce1805000 	C:\Users\luke\AppData\Local\Programs\Python\Python313\DLLs\_bz2.pyd
0x00007ffcda5d0000 - 0x00007ffcda5f7000 	C:\Users\luke\AppData\Local\Programs\Python\Python313\DLLs\_lzma.pyd
0x00007ffcdcd40000 - 0x00007ffcdcd56000 	C:\Users\luke\AppData\Local\Programs\Python\Python313\DLLs\_socket.pyd
0x00007ffd05850000 - 0x00007ffd0587d000 	C:\WINDOWS\SYSTEM32\IPHLPAPI.DLL
0x00007ffcec930000 - 0x00007ffcec939000 	C:\Users\luke\AppData\Local\Programs\Python\Python313\DLLs\select.pyd
0x00007ffcd0f90000 - 0x00007ffcd0fa4000 	C:\Users\luke\AppData\Local\Programs\Python\Python313\Lib\site-packages\psutil\_psutil_windows.pyd
0x00007ffd07e00000 - 0x00007ffd07e08000 	C:\WINDOWS\System32\PSAPI.DLL
0x00007ffd08270000 - 0x00007ffd08ae8000 	C:\WINDOWS\System32\SHELL32.dll
0x00007ffd05f90000 - 0x00007ffd05fdd000 	C:\WINDOWS\SYSTEM32\POWRPROF.dll
0x00007ffcf1e80000 - 0x00007ffcf1ed0000 	C:\WINDOWS\SYSTEM32\pdh.dll
0x00007ffd05f70000 - 0x00007ffd05f83000 	C:\WINDOWS\SYSTEM32\UMPDC.dll
0x00007ffd05b90000 - 0x00007ffd05ba4000 	C:\WINDOWS\SYSTEM32\wtsapi32.dll
0x00007ffccd7f0000 - 0x00007ffccd81e000 	C:\Users\luke\AppData\Local\Programs\Python\Python313\Lib\site-packages\numpy\random\bit_generator.cp313-win_amd64.pyd
0x00007ffcc8cd0000 - 0x00007ffcc8cfd000 	C:\Users\luke\AppData\Local\Programs\Python\Python313\Lib\site-packages\numpy\random\_common.cp313-win_amd64.pyd
0x00007ffc3f180000 - 0x00007ffc3f220000 	C:\Users\luke\AppData\Local\Programs\Python\Python313\Lib\site-packages\numpy\random\mtrand.cp313-win_amd64.pyd
0x00007ffc77920000 - 0x00007ffc7795b000 	C:\Users\luke\AppData\Local\Programs\Python\Python313\Lib\site-packages\numpy\random\_bounded_integers.cp313-win_amd64.pyd
0x00007ffcd0a00000 - 0x00007ffcd0a1a000 	C:\Users\luke\AppData\Local\Programs\Python\Python313\Lib\site-packages\numpy\random\_mt19937.cp313-win_amd64.pyd
0x00007ffccda40000 - 0x00007ffccda58000 	C:\Users\luke\AppData\Local\Programs\Python\Python313\Lib\site-packages\numpy\random\_philox.cp313-win_amd64.pyd
0x00007ffc9c210000 - 0x00007ffc9c22b000 	C:\Users\luke\AppData\Local\Programs\Python\Python313\Lib\site-packages\numpy\random\_pcg64.cp313-win_amd64.pyd
0x00007ffc908a0000 - 0x00007ffc908b3000 	C:\Users\luke\AppData\Local\Programs\Python\Python313\Lib\site-packages\numpy\random\_sfc64.cp313-win_amd64.pyd
0x00007ffc3f0c0000 - 0x00007ffc3f17c000 	C:\Users\luke\AppData\Local\Programs\Python\Python313\Lib\site-packages\numpy\random\_generator.cp313-win_amd64.pyd
0x00007ffcec860000 - 0x00007ffcec86b000 	C:\Users\luke\AppData\Local\Programs\Python\Python313\Lib\site-packages\pandas\_libs\pandas_parser.cp313-win_amd64.pyd
0x00007ffce4ea0000 - 0x00007ffce4eac000 	C:\Users\luke\AppData\Local\Programs\Python\Python313\Lib\site-packages\pandas\_libs\pandas_datetime.cp313-win_amd64.pyd
0x00007ffc3deb0000 - 0x00007ffc3dfc7000 	C:\Users\luke\AppData\Local\Programs\Python\Python313\Lib\site-packages\pandas\_libs\interval.cp313-win_amd64.pyd
0x00007ffc3da40000 - 0x00007ffc3dc07000 	C:\Users\luke\AppData\Local\Programs\Python\Python313\Lib\site-packages\pandas\_libs\hashtable.cp313-win_amd64.pyd
0x00007ffc7dd50000 - 0x00007ffc7dd7d000 	C:\Users\luke\AppData\Local\Programs\Python\Python313\Lib\site-packages\pandas\_libs\missing.cp313-win_amd64.pyd
0x00007ffc77640000 - 0x00007ffc7766d000 	C:\Users\luke\AppData\Local\Programs\Python\Python313\Lib\site-packages\pandas\_libs\tslibs\dtypes.cp313-win_amd64.pyd
0x00007ffc8f8b0000 - 0x00007ffc8f8c5000 	C:\Users\luke\AppData\Local\Programs\Python\Python313\Lib\site-packages\pandas\_libs\tslibs\ccalendar.cp313-win_amd64.pyd
0x00007ffc6eb60000 - 0x00007ffc6eb80000 	C:\Users\luke\AppData\Local\Programs\Python\Python313\Lib\site-packages\pandas\_libs\tslibs\np_datetime.cp313-win_amd64.pyd
0x00007ffc6dbb0000 - 0x00007ffc6dbec000 	C:\Users\luke\AppData\Local\Programs\Python\Python313\Lib\site-packages\pandas\_libs\tslibs\conversion.cp313-win_amd64.pyd
0x00007ffc61d90000 - 0x00007ffc61da1000 	C:\Users\luke\AppData\Local\Programs\Python\Python313\Lib\site-packages\pandas\_libs\tslibs\base.cp313-win_amd64.pyd
0x00007ffc3d3f0000 - 0x00007ffc3d4cf000 	C:\Users\luke\AppData\Local\Programs\Python\Python313\Lib\site-packages\pandas\_libs\tslibs\offsets.cp313-win_amd64.pyd
0x00007ffc3f040000 - 0x00007ffc3f0c0000 	C:\Users\luke\AppData\Local\Programs\Python\Python313\Lib\site-packages\pandas\_libs\tslibs\timestamps.cp313-win_amd64.pyd
0x00007ffc403c0000 - 0x00007ffc403f4000 	C:\Users\luke\AppData\Local\Programs\Python\Python313\Lib\site-packages\pandas\_libs\tslibs\nattype.cp313-win_amd64.pyd
0x00007ffc3d1b0000 - 0x00007ffc3d228000 	C:\Users\luke\AppData\Local\Programs\Python\Python313\Lib\site-packages\pandas\_libs\tslibs\timedeltas.cp313-win_amd64.pyd
0x00007ffc3f700000 - 0x00007ffc3f73a000 	C:\Users\luke\AppData\Local\Programs\Python\Python313\Lib\site-packages\pandas\_libs\tslibs\timezones.cp313-win_amd64.pyd
0x00007ffce4710000 - 0x00007ffce471d000 	C:\Users\luke\AppData\Local\Programs\Python\Python313\DLLs\_zoneinfo.pyd
0x000001a655f40000 - 0x000001a655f43000 	C:\WINDOWS\SYSTEM32\tzres.dll
0x00007ffc3d160000 - 0x00007ffc3d1a6000 	C:\Users\luke\AppData\Local\Programs\Python\Python313\Lib\site-packages\pandas\_libs\tslibs\fields.cp313-win_amd64.pyd
0x00007ffc3f000000 - 0x00007ffc3f040000 	C:\Users\luke\AppData\Local\Programs\Python\Python313\Lib\site-packages\pandas\_libs\tslibs\tzconversion.cp313-win_amd64.pyd
0x00007ffc60360000 - 0x00007ffc60374000 	C:\Users\luke\AppData\Local\Programs\Python\Python313\Lib\site-packages\pandas\_libs\properties.cp313-win_amd64.pyd
0x00007ffc3d100000 - 0x00007ffc3d153000 	C:\Users\luke\AppData\Local\Programs\Python\Python313\Lib\site-packages\pandas\_libs\tslibs\parsing.cp313-win_amd64.pyd
0x00007ffc3d0b0000 - 0x00007ffc3d0fe000 	C:\Users\luke\AppData\Local\Programs\Python\Python313\Lib\site-packages\pandas\_libs\tslibs\strptime.cp313-win_amd64.pyd
0x00007ffc3d040000 - 0x00007ffc3d0a9000 	C:\Users\luke\AppData\Local\Programs\Python\Python313\Lib\site-packages\pandas\_libs\tslibs\period.cp313-win_amd64.pyd
0x00007ffc3d3b0000 - 0x00007ffc3d3e3000 	C:\Users\luke\AppData\Local\Programs\Python\Python313\Lib\site-packages\pandas\_libs\tslibs\vectorized.cp313-win_amd64.pyd
0x00007ffce3e00000 - 0x00007ffce3e10000 	C:\Users\luke\AppData\Local\Programs\Python\Python313\Lib\site-packages\pandas\_libs\ops_dispatch.cp313-win_amd64.pyd
0x00007ffc3ce70000 - 0x00007ffc3d032000 	C:\Users\luke\AppData\Local\Programs\Python\Python313\Lib\site-packages\pandas\_libs\algos.cp313-win_amd64.pyd
0x00007ffc3cdc0000 - 0x00007ffc3ce67000 	C:\Users\luke\AppData\Local\Programs\Python\Python313\Lib\site-packages\pandas\_libs\lib.cp313-win_amd64.pyd
0x00007ffc3b990000 - 0x00007ffc3ba3f000 	C:\Users\luke\AppData\Local\Programs\Python\Python313\DLLs\unicodedata.pyd
0x00007ffc3cd80000 - 0x00007ffc3cdb5000 	C:\Users\luke\AppData\Local\Programs\Python\Python313\Lib\site-packages\pandas\_libs\ops.cp313-win_amd64.pyd
0x00007ffc3b960000 - 0x00007ffc3b98c000 	C:\Users\luke\AppData\Local\Programs\Python\Python313\Lib\site-packages\pandas\_libs\hashing.cp313-win_amd64.pyd
0x00007ffc5dd00000 - 0x00007ffc5dd1c000 	C:\Users\luke\AppData\Local\Programs\Python\Python313\Lib\site-packages\pandas\_libs\arrays.cp313-win_amd64.pyd
0x00007ffc3b910000 - 0x00007ffc3b953000 	C:\Users\luke\AppData\Local\Programs\Python\Python313\Lib\site-packages\pandas\_libs\tslib.cp313-win_amd64.pyd
0x00007ffc396d0000 - 0x00007ffc397a2000 	C:\Users\luke\AppData\Local\Programs\Python\Python313\Lib\site-packages\pandas\_libs\sparse.cp313-win_amd64.pyd
0x00007ffc3b8b0000 - 0x00007ffc3b901000 	C:\Users\luke\AppData\Local\Programs\Python\Python313\Lib\site-packages\pandas\_libs\internals.cp313-win_amd64.pyd
0x00007ffc5dc40000 - 0x00007ffc5dc51000 	C:\Users\luke\AppData\Local\Programs\Python\Python313\Lib\site-packages\pandas\_libs\indexing.cp313-win_amd64.pyd
0x00007ffc39610000 - 0x00007ffc396c6000 	C:\Users\luke\AppData\Local\Programs\Python\Python313\Lib\site-packages\pandas\_libs\index.cp313-win_amd64.pyd
0x00007ffc3b870000 - 0x00007ffc3b8a4000 	C:\Users\luke\AppData\Local\Programs\Python\Python313\Lib\site-packages\pandas\_libs\writers.cp313-win_amd64.pyd
0x00007ffc39500000 - 0x00007ffc3960f000 	C:\Users\luke\AppData\Local\Programs\Python\Python313\Lib\site-packages\pandas\_libs\join.cp313-win_amd64.pyd
0x00007ffc394a0000 - 0x00007ffc394f9000 	C:\Users\luke\AppData\Local\Programs\Python\Python313\Lib\site-packages\pandas\_libs\window\aggregations.cp313-win_amd64.pyd
0x00007ffc330b0000 - 0x00007ffc3314b000 	C:\Users\luke\AppData\Local\Programs\Python\Python313\Lib\site-packages\pandas.libs\msvcp140-0f2ea95580b32bcfc81c235d5751ce78.dll
0x00007ffc3b840000 - 0x00007ffc3b86c000 	C:\Users\luke\AppData\Local\Programs\Python\Python313\Lib\site-packages\pandas\_libs\window\indexers.cp313-win_amd64.pyd
0x00007ffc393c0000 - 0x00007ffc39401000 	C:\Users\luke\AppData\Local\Programs\Python\Python313\Lib\site-packages\pandas\_libs\reshape.cp313-win_amd64.pyd
0x00007ffc32e80000 - 0x00007ffc330a4000 	C:\Users\luke\AppData\Local\Programs\Python\Python313\Lib\site-packages\pandas\_libs\groupby.cp313-win_amd64.pyd
0x00007ffce1950000 - 0x00007ffce1958000 	C:\Users\luke\AppData\Local\Programs\Python\Python313\DLLs\_uuid.pyd
0x00007ffc409f0000 - 0x00007ffc40a01000 	C:\Users\luke\AppData\Local\Programs\Python\Python313\Lib\site-packages\pandas\_libs\json.cp313-win_amd64.pyd
0x00007ffc32e10000 - 0x00007ffc32e74000 	C:\Users\luke\AppData\Local\Programs\Python\Python313\Lib\site-packages\pandas\_libs\parsers.cp313-win_amd64.pyd
0x00007ffc40020000 - 0x00007ffc40039000 	C:\Users\luke\AppData\Local\Programs\Python\Python313\Lib\site-packages\pandas\_libs\testing.cp313-win_amd64.pyd
0x00007ffce0460000 - 0x00007ffce0469000 	C:\Users\luke\AppData\Local\Programs\Python\Python313\DLLs\_queue.pyd
0x00007ffc32bc0000 - 0x00007ffc32e05000 	C:\Users\luke\AppData\Local\Programs\Python\Python313\Lib\site-packages\PIL\_imaging.cp313-win_amd64.pyd
0x00007ffc324b0000 - 0x00007ffc32bb3000 	G:\Java\jdk-11.0.25+9\bin\client\jvm.dll
0x00007ffcff740000 - 0x00007ffcff774000 	C:\WINDOWS\SYSTEM32\WINMM.dll
0x00007ffcdbc90000 - 0x00007ffcdbca0000 	G:\Java\jdk-11.0.25+9\bin\verify.dll
0x00007ffd04470000 - 0x00007ffd046a2000 	C:\WINDOWS\SYSTEM32\DBGHELP.DLL
0x00007ffce5d40000 - 0x00007ffce5d72000 	C:\WINDOWS\SYSTEM32\dbgcore.DLL
0x00007ffc32480000 - 0x00007ffc324a8000 	G:\Java\jdk-11.0.25+9\bin\java.dll
0x00007ffcd07f0000 - 0x00007ffcd07fa000 	G:\Java\jdk-11.0.25+9\bin\jimage.dll
0x00007ffc3de90000 - 0x00007ffc3dea8000 	G:\Java\jdk-11.0.25+9\bin\zip.dll
0x00007ffd05e50000 - 0x00007ffd05e68000 	C:\WINDOWS\SYSTEM32\kernel.appcore.dll
0x00007ffd04b70000 - 0x00007ffd05478000 	C:\WINDOWS\SYSTEM32\windows.storage.dll
0x00007ffd054b0000 - 0x00007ffd055ef000 	C:\WINDOWS\SYSTEM32\wintypes.dll
0x00007ffd08df0000 - 0x00007ffd08eea000 	C:\WINDOWS\System32\SHCORE.dll
0x00007ffd07d20000 - 0x00007ffd07d7e000 	C:\WINDOWS\System32\shlwapi.dll
0x00007ffd06cd0000 - 0x00007ffd06cfb000 	C:\WINDOWS\SYSTEM32\profapi.dll
0x00007ffc3da20000 - 0x00007ffc3da39000 	G:\Java\jdk-11.0.25+9\bin\net.dll
0x00007ffd010d0000 - 0x00007ffd01206000 	C:\WINDOWS\SYSTEM32\WINHTTP.dll
0x00007ffd06350000 - 0x00007ffd063b9000 	C:\WINDOWS\system32\mswsock.dll
0x00007ffc39db0000 - 0x00007ffc39dc3000 	G:\Java\jdk-11.0.25+9\bin\nio.dll

dbghelp: loaded successfully - version: 4.0.5 - missing functions: none
symbol engine: initialized successfully - sym options: 0x614 - pdb path: .;C:\Users\luke\AppData\Local\Programs\Python\Python313;C:\WINDOWS\SYSTEM32;C:\Users\luke\AppData\Local\Programs\Python\Python313\Lib\site-packages\numpy\_core;C:\Users\luke\AppData\Local\Programs\Python\Python313\Lib\site-packages\numpy.libs;C:\Users\luke\AppData\Local\Programs\Python\Python313\DLLs;C:\Users\luke\AppData\Local\Programs\Python\Python313\Lib\site-packages\numpy\linalg;C:\Users\luke\AppData\Local\Programs\Python\Python313\Lib\site-packages;C:\Users\luke\AppData\Local\Programs\Python\Python313\Lib\site-packages\psutil;C:\Users\luke\AppData\Local\Programs\Python\Python313\Lib\site-packages\numpy\random;C:\Users\luke\AppData\Local\Programs\Python\Python313\Lib\site-packages\pandas\_libs;C:\Users\luke\AppData\Local\Programs\Python\Python313\Lib\site-packages\pandas\_libs\tslibs;C:\Users\luke\AppData\Local\Programs\Python\Python313\Lib\site-packages\pandas\_libs\window;C:\Users\luke\AppData\Local\Programs\Python\Python313\Lib\site-packages\pandas.libs;C:\Users\luke\AppData\Local\Programs\Python\Python313\Lib\site-packages\PIL;G:\Java\jdk-11.0.25+9\bin\client;G:\Java\jdk-11.0.25+9\bin

VM Arguments:
jvm_args: -Djava.awt.headless=true --add-opens=java.base/java.lang=ALL-UNNAMED --add-opens=java.base/java.util=ALL-UNNAMED --add-opens=java.desktop/sun.awt.X11=ALL-UNNAMED 
java_command: <unknown>
java_class_path (initial): C:\Users\luke\.jgo\sc.fiji\fiji\RELEASE\23ea5dcb02ab11d995fbbaf559e6f6e4c1c1a6685cbe007410c264a38459c2c1\3D_Blob_Segmentation-4.0.0.jar;C:\Users\luke\.jgo\sc.fiji\fiji\RELEASE\23ea5dcb02ab11d995fbbaf559e6f6e4c1c1a6685cbe007410c264a38459c2c1\3D_Objects_Counter-2.0.1.jar;C:\Users\luke\.jgo\sc.fiji\fiji\RELEASE\23ea5dcb02ab11d995fbbaf559e6f6e4c1c1a6685cbe007410c264a38459c2c1\3D_Viewer-5.0.0.jar;C:\Users\luke\.jgo\sc.fiji\fiji\RELEASE\23ea5dcb02ab11d995fbbaf559e6f6e4c1c1a6685cbe007410c264a38459c2c1\adapter-rxjava2-2.9.0.jar;C:\Users\luke\.jgo\sc.fiji\fiji\RELEASE\23ea5dcb02ab11d995fbbaf559e6f6e4c1c1a6685cbe007410c264a38459c2c1\ahocorasick-0.2.4.jar;C:\Users\luke\.jgo\sc.fiji\fiji\RELEASE\23ea5dcb02ab11d995fbbaf559e6f6e4c1c1a6685cbe007410c264a38459c2c1\aircompressor-0.21.jar;C:\Users\luke\.jgo\sc.fiji\fiji\RELEASE\23ea5dcb02ab11d995fbbaf559e6f6e4c1c1a6685cbe007410c264a38459c2c1\alphanumeric-comparator-1.4.1.jar;C:\Users\luke\.jgo\sc.fiji\fiji\RELEASE\23ea5dcb02ab11d995fbbaf559e6f6e4c1c1a6685cbe007410c264a38459c2c1\AnalyzeSkeleton_-3.4.2.jar;C:\Users\luke\.jgo\sc.fiji\fiji\RELEASE\23ea5dcb02ab11d995fbbaf559e6f6e4c1c1a6685cbe007410c264a38459c2c1\animal-sniffer-annotations-1.23.jar;C:\Users\luke\.jgo\sc.fiji\fiji\RELEASE\23ea5dcb02ab11d995fbbaf559e6f6e4c1c1a6685cbe007410c264a38459c2c1\Anisotropic_Diffusion_2D-2.0.1.jar;C:\Users\luke\.jgo\sc.fiji\fiji\RELEASE\23ea5dcb02ab11d995fbbaf559e6f6e4c1c1a6685cbe007410c264a38459c2c1\annotations-13.0.jar;C:\Users\luke\.jgo\sc.fiji\fiji\RELEASE\23ea5dcb02ab11d995fbbaf559e6f6e4c1c1a6685cbe007410c264a38459c2c1\annotations-4.1.1.4.jar;C:\Users\luke\.jgo\sc.fiji\fiji\RELEASE\23ea5dcb02ab11d995fbbaf559e6f6e4c1c1a6685cbe007410c264a38459c2c1\ant-1.10.15.jar;C:\Users\luke\.jgo\sc.fiji\fiji\RELEASE\23ea5dcb02ab11d995fbbaf559e6f6e4c1c1a6685cbe007410c264a38459c2c1\ant-launcher-1.10.15.jar;C:\Users\luke\.jgo\sc.fiji\fiji\RELEASE\23ea5dcb02ab11d995fbbaf559e6f6e4c1c1a6685cbe007410c264a38459c2c1\antlr-2.7.7.jar;C:\Users\lu
Launcher Type: generic

[Global flags]
   size_t InitialHeapSize                          = 16777216                                  {product} {ergonomic}
   size_t MaxHeapSize                              = 268435456                                 {product} {ergonomic}
   size_t MaxNewSize                               = 89456640                                  {product} {ergonomic}
   size_t MinHeapDeltaBytes                        = 196608                                    {product} {ergonomic}
   size_t NewSize                                  = 5570560                                   {product} {ergonomic}
    uintx NonProfiledCodeHeapSize                  = 0                                      {pd product} {ergonomic}
   size_t OldSize                                  = 11206656                                  {product} {ergonomic}
    uintx ProfiledCodeHeapSize                     = 0                                      {pd product} {ergonomic}
     bool UseLargePagesIndividualAllocation        = false                                  {pd product} {ergonomic}
     bool UseSerialGC                              = true                                      {product} {ergonomic}

Logging:
Log output configuration:
 #0: stdout all=warning uptime,level,tags
 #1: stderr all=off uptime,level,tags

Environment Variables:
JAVA_HOME=G:\Java\jdk-11.0.25+9
PATH=C:\Program Files (x86)\VMware\VMware Workstation\bin\;C:\WINDOWS\system32;C:\WINDOWS;C:\WINDOWS\System32\Wbem;C:\WINDOWS\System32\WindowsPowerShell\v1.0\;C:\WINDOWS\System32\OpenSSH\;C:\Program Files (x86)\NVIDIA Corporation\PhysX\Common;C:\Program Files\NVIDIA Corporation\NVIDIA NvDLISR;C:\Program Files\PuTTY\;C:\Program Files\Git\cmd;C:\Users\luke\AppData\Local\Programs\Python\Python39;C:\Users\luke\AppData\Local\Programs\Python\Python39\Scripts;C:\Program Files\dotnet\;C:\Program Files\swipl;G:\apache-maven-3.9.9\bin;G:\Java\jdk-11.0.25+9\bin;C:\Users\luke\AppData\Local\Programs\Python\Python39\Scripts\;C:\Users\luke\AppData\Local\Programs\Python\Python39\;C:\Users\luke\AppData\Local\Programs\Python\Python313\Scripts\;C:\Users\luke\AppData\Local\Programs\Python\Python313\;C:\Users\luke\AppData\Local\Programs\Python\Launcher\;C:\Users\luke\AppData\Local\Microsoft\WindowsApps;C:\Program Files (x86)\Nmap;C:\Users\luke\AppData\Local\Programs\Microsoft VS Code\bin;C:\Users\luke\AppData\Local\Google\Cloud SDK\google-cloud-sdk\bin
USERNAME=luke
OS=Windows_NT
PROCESSOR_IDENTIFIER=Intel64 Family 6 Model 158 Stepping 13, GenuineIntel
TMP=C:\Users\luke\AppData\Local\Temp
TEMP=C:\Users\luke\AppData\Local\Temp



---------------  S Y S T E M  ---------------

OS: Windows 11 , 64 bit Build 22621 (10.0.22621.4391)
OS uptime: 2 days 22:02 hours

CPU:total 8 (initial active 8) (8 cores per cpu, 1 threads per core) family 6 model 158 stepping 13 microcode 0xfa, cmov, cx8, fxsr, mmx, sse, sse2, sse3, ssse3, sse4.1, sse4.2, popcnt, avx, avx2, aes, clmul, erms, 3dnowpref, lzcnt, tsc, tscinvbit, bmi1, bmi2, adx, fma

Memory: 4k page, system-wide physical 32591M (19153M free)
TotalPageFile size 35279M (AvailPageFile size 18440M)
current process WorkingSet (physical memory assigned to process): 153M, peak: 153M
current process commit charge ("private bytes"): 380M, peak: 380M

vm_info: OpenJDK 64-Bit Client VM (11.0.25+9) for windows-amd64 JRE (11.0.25+9), built on Oct 15 2024 22:41:24 by "" with MS VC++ 17.7 (VS2022)

END.
